# vsim -voptargs="+acc" -c -do "run -all; exit" work.tb_top -l log_19200.log -GCLKS_PER_BIT=5208 
# Start time: 17:23:24 on Feb 14,2026
# ** Note: (vsim-3812) Design is being optimized...
# ** Warning: (vopt-10587) Some optimizations are turned off because the +acc switch is in effect. This will cause your simulation to run slowly. Please use -access/-debug to maintain needed visibility.
# ** Note: (vopt-143) Recognized 1 FSM in module "uart_rx(fast)".
# ** Note: (vopt-143) Recognized 1 FSM in module "uart_tx(fast)".
# ** Note: (vsim-12126) Error and warning message counts have been restored: Errors=0, Warnings=1.
# //  Questa Intel Starter FPGA Edition-64
# //  Version 2023.3 linux_x86_64 Jul 17 2023
# //
# //  Copyright 1991-2023 Mentor Graphics Corporation
# //  All Rights Reserved.
# //
# //  QuestaSim and its associated documentation contain trade
# //  secrets and commercial or financial information that are the property of
# //  Mentor Graphics Corporation and are privileged, confidential,
# //  and exempt from disclosure under the Freedom of Information Act,
# //  5 U.S.C. Section 552. Furthermore, this information
# //  is prohibited from disclosure under the Trade Secrets Act,
# //  18 U.S.C. Section 1905.
# //
# Loading sv_std.std
# Loading work.uart_if(fast)
# Loading mtiUvm.uvm_pkg(fast)
# Loading work.uart_pkg(fast)
# Loading mtiUvm.questa_uvm_pkg(fast)
# Loading work.tb_top(fast)
# Loading work.uart_if(fast__2)
# Loading work.uart_top(fast)
# Loading work.uart_tx(fast)
# Loading work.uart_rx(fast)
# run -all
# ----------------------------------------------------------------
# UVM-1.1d
# (C) 2007-2013 Mentor Graphics Corporation
# (C) 2007-2013 Cadence Design Systems, Inc.
# (C) 2006-2013 Synopsys, Inc.
# (C) 2011-2013 Cypress Semiconductor Corp.
# ----------------------------------------------------------------
# 
#   ***********       IMPORTANT RELEASE NOTES         ************
# 
#   You are using a version of the UVM library that has been compiled
#   with `UVM_NO_DEPRECATED undefined.
#   See http://www.eda.org/svdb/view.php?id=3313 for more details.
# 
#   You are using a version of the UVM library that has been compiled
#   with `UVM_OBJECT_MUST_HAVE_CONSTRUCTOR undefined.
#   See http://www.eda.org/svdb/view.php?id=3770 for more details.
# 
#       (Specify +UVM_NO_RELNOTES to turn off this notice)
# 
# UVM_INFO verilog_src/questa_uvm_pkg-1.2/src/questa_uvm_pkg.sv(277) @ 0: reporter [Questa UVM] QUESTA_UVM-1.2.3
# UVM_INFO verilog_src/questa_uvm_pkg-1.2/src/questa_uvm_pkg.sv(278) @ 0: reporter [Questa UVM]  questa_uvm::init(+struct)
# ------------------------------------------------
# TB_TOP: Running with CLKS_PER_BIT = 5208
# ------------------------------------------------
# UVM_INFO @ 0: reporter [RNTST] Running test uart_test...
# UVM_INFO ../tb/uvm/uart_test.sv(24) @ 0: uvm_test_top [TEST] Starting Sequence...
# UVM_INFO ../tb/uvm/uart_driver.sv(35) @ 105000: uvm_test_top.env.agnt.udrv [UART_DRV] Transmitting byte: 0x0
# UVM_INFO ../tb/uvm/uart_monitor.sv(37) @ 115000: uvm_test_top.env.agnt.umon [MON] Sampled TX: 0
# UVM_INFO ../tb/uvm/uart_scoreboard.sv(36) @ 115000: uvm_test_top.env.scb [SCB] Queue Push: 0x0
# UVM_INFO ../tb/uvm/uart_monitor.sv(56) @ 494925000: uvm_test_top.env.agnt.umon [MON] Sampled RX: 0x0
# UVM_INFO ../tb/uvm/uart_scoreboard.sv(57) @ 494925000: uvm_test_top.env.scb [SCB] PASS! Matched 0x0
# UVM_INFO ../tb/uvm/uart_driver.sv(35) @ 520925000: uvm_test_top.env.agnt.udrv [UART_DRV] Transmitting byte: 0x0
# UVM_INFO ../tb/uvm/uart_monitor.sv(37) @ 520935000: uvm_test_top.env.agnt.umon [MON] Sampled TX: 0
# UVM_INFO ../tb/uvm/uart_scoreboard.sv(36) @ 520935000: uvm_test_top.env.scb [SCB] Queue Push: 0x0
# UVM_INFO ../tb/uvm/uart_monitor.sv(56) @ 1015745000: uvm_test_top.env.agnt.umon [MON] Sampled RX: 0x0
# UVM_INFO ../tb/uvm/uart_scoreboard.sv(57) @ 1015745000: uvm_test_top.env.scb [SCB] PASS! Matched 0x0
# UVM_INFO ../tb/uvm/uart_driver.sv(35) @ 1041745000: uvm_test_top.env.agnt.udrv [UART_DRV] Transmitting byte: 0x0
# UVM_INFO ../tb/uvm/uart_monitor.sv(37) @ 1041755000: uvm_test_top.env.agnt.umon [MON] Sampled TX: 0
# UVM_INFO ../tb/uvm/uart_scoreboard.sv(36) @ 1041755000: uvm_test_top.env.scb [SCB] Queue Push: 0x0
# UVM_INFO ../tb/uvm/uart_monitor.sv(56) @ 1536565000: uvm_test_top.env.agnt.umon [MON] Sampled RX: 0x0
# UVM_INFO ../tb/uvm/uart_scoreboard.sv(57) @ 1536565000: uvm_test_top.env.scb [SCB] PASS! Matched 0x0
# UVM_INFO ../tb/uvm/uart_driver.sv(35) @ 1562565000: uvm_test_top.env.agnt.udrv [UART_DRV] Transmitting byte: 0x0
# UVM_INFO ../tb/uvm/uart_monitor.sv(37) @ 1562575000: uvm_test_top.env.agnt.umon [MON] Sampled TX: 0
# UVM_INFO ../tb/uvm/uart_scoreboard.sv(36) @ 1562575000: uvm_test_top.env.scb [SCB] Queue Push: 0x0
# UVM_INFO ../tb/uvm/uart_monitor.sv(56) @ 2057385000: uvm_test_top.env.agnt.umon [MON] Sampled RX: 0x0
# UVM_INFO ../tb/uvm/uart_scoreboard.sv(57) @ 2057385000: uvm_test_top.env.scb [SCB] PASS! Matched 0x0
# UVM_INFO ../tb/uvm/uart_driver.sv(35) @ 2083385000: uvm_test_top.env.agnt.udrv [UART_DRV] Transmitting byte: 0x0
# UVM_INFO ../tb/uvm/uart_monitor.sv(37) @ 2083395000: uvm_test_top.env.agnt.umon [MON] Sampled TX: 0
# UVM_INFO ../tb/uvm/uart_scoreboard.sv(36) @ 2083395000: uvm_test_top.env.scb [SCB] Queue Push: 0x0
# UVM_INFO ../tb/uvm/uart_monitor.sv(56) @ 2578205000: uvm_test_top.env.agnt.umon [MON] Sampled RX: 0x0
# UVM_INFO ../tb/uvm/uart_scoreboard.sv(57) @ 2578205000: uvm_test_top.env.scb [SCB] PASS! Matched 0x0
# UVM_INFO ../tb/uvm/uart_driver.sv(35) @ 2604205000: uvm_test_top.env.agnt.udrv [UART_DRV] Transmitting byte: 0xff
# UVM_INFO ../tb/uvm/uart_monitor.sv(37) @ 2604215000: uvm_test_top.env.agnt.umon [MON] Sampled TX: ff
# UVM_INFO ../tb/uvm/uart_scoreboard.sv(36) @ 2604215000: uvm_test_top.env.scb [SCB] Queue Push: 0xff
# UVM_INFO ../tb/uvm/uart_monitor.sv(56) @ 3099025000: uvm_test_top.env.agnt.umon [MON] Sampled RX: 0xff
# UVM_INFO ../tb/uvm/uart_scoreboard.sv(57) @ 3099025000: uvm_test_top.env.scb [SCB] PASS! Matched 0xff
# UVM_INFO ../tb/uvm/uart_driver.sv(35) @ 3125085000: uvm_test_top.env.agnt.udrv [UART_DRV] Transmitting byte: 0xff
# UVM_INFO ../tb/uvm/uart_monitor.sv(37) @ 3125095000: uvm_test_top.env.agnt.umon [MON] Sampled TX: ff
# UVM_INFO ../tb/uvm/uart_scoreboard.sv(36) @ 3125095000: uvm_test_top.env.scb [SCB] Queue Push: 0xff
# UVM_INFO ../tb/uvm/uart_monitor.sv(56) @ 3619905000: uvm_test_top.env.agnt.umon [MON] Sampled RX: 0xff
# UVM_INFO ../tb/uvm/uart_scoreboard.sv(57) @ 3619905000: uvm_test_top.env.scb [SCB] PASS! Matched 0xff
# UVM_INFO ../tb/uvm/uart_driver.sv(35) @ 3646055000: uvm_test_top.env.agnt.udrv [UART_DRV] Transmitting byte: 0xff
# UVM_INFO ../tb/uvm/uart_monitor.sv(37) @ 3646065000: uvm_test_top.env.agnt.umon [MON] Sampled TX: ff
# UVM_INFO ../tb/uvm/uart_scoreboard.sv(36) @ 3646065000: uvm_test_top.env.scb [SCB] Queue Push: 0xff
# UVM_INFO ../tb/uvm/uart_monitor.sv(56) @ 4140875000: uvm_test_top.env.agnt.umon [MON] Sampled RX: 0xff
# UVM_INFO ../tb/uvm/uart_scoreboard.sv(57) @ 4140875000: uvm_test_top.env.scb [SCB] PASS! Matched 0xff
# UVM_INFO ../tb/uvm/uart_driver.sv(35) @ 4166945000: uvm_test_top.env.agnt.udrv [UART_DRV] Transmitting byte: 0xff
# UVM_INFO ../tb/uvm/uart_monitor.sv(37) @ 4166955000: uvm_test_top.env.agnt.umon [MON] Sampled TX: ff
# UVM_INFO ../tb/uvm/uart_scoreboard.sv(36) @ 4166955000: uvm_test_top.env.scb [SCB] Queue Push: 0xff
# UVM_INFO ../tb/uvm/uart_monitor.sv(56) @ 4661765000: uvm_test_top.env.agnt.umon [MON] Sampled RX: 0xff
# UVM_INFO ../tb/uvm/uart_scoreboard.sv(57) @ 4661765000: uvm_test_top.env.scb [SCB] PASS! Matched 0xff
# UVM_INFO ../tb/uvm/uart_driver.sv(35) @ 4687855000: uvm_test_top.env.agnt.udrv [UART_DRV] Transmitting byte: 0xff
# UVM_INFO ../tb/uvm/uart_monitor.sv(37) @ 4687865000: uvm_test_top.env.agnt.umon [MON] Sampled TX: ff
# UVM_INFO ../tb/uvm/uart_scoreboard.sv(36) @ 4687865000: uvm_test_top.env.scb [SCB] Queue Push: 0xff
# UVM_INFO ../tb/uvm/uart_monitor.sv(56) @ 5182675000: uvm_test_top.env.agnt.umon [MON] Sampled RX: 0xff
# UVM_INFO ../tb/uvm/uart_scoreboard.sv(57) @ 5182675000: uvm_test_top.env.scb [SCB] PASS! Matched 0xff
# UVM_INFO ../tb/uvm/uart_driver.sv(35) @ 5208715000: uvm_test_top.env.agnt.udrv [UART_DRV] Transmitting byte: 0x3f
# UVM_INFO ../tb/uvm/uart_monitor.sv(37) @ 5208725000: uvm_test_top.env.agnt.umon [MON] Sampled TX: 3f
# UVM_INFO ../tb/uvm/uart_scoreboard.sv(36) @ 5208725000: uvm_test_top.env.scb [SCB] Queue Push: 0x3f
# UVM_INFO ../tb/uvm/uart_monitor.sv(56) @ 5703535000: uvm_test_top.env.agnt.umon [MON] Sampled RX: 0x3f
# UVM_INFO ../tb/uvm/uart_scoreboard.sv(57) @ 5703535000: uvm_test_top.env.scb [SCB] PASS! Matched 0x3f
# UVM_INFO ../tb/uvm/uart_driver.sv(35) @ 5729535000: uvm_test_top.env.agnt.udrv [UART_DRV] Transmitting byte: 0xf5
# UVM_INFO ../tb/uvm/uart_monitor.sv(37) @ 5729545000: uvm_test_top.env.agnt.umon [MON] Sampled TX: f5
# UVM_INFO ../tb/uvm/uart_scoreboard.sv(36) @ 5729545000: uvm_test_top.env.scb [SCB] Queue Push: 0xf5
# UVM_INFO ../tb/uvm/uart_monitor.sv(56) @ 6224355000: uvm_test_top.env.agnt.umon [MON] Sampled RX: 0xf5
# UVM_INFO ../tb/uvm/uart_scoreboard.sv(57) @ 6224355000: uvm_test_top.env.scb [SCB] PASS! Matched 0xf5
# UVM_INFO ../tb/uvm/uart_driver.sv(35) @ 6250355000: uvm_test_top.env.agnt.udrv [UART_DRV] Transmitting byte: 0x5f
# UVM_INFO ../tb/uvm/uart_monitor.sv(37) @ 6250365000: uvm_test_top.env.agnt.umon [MON] Sampled TX: 5f
# UVM_INFO ../tb/uvm/uart_scoreboard.sv(36) @ 6250365000: uvm_test_top.env.scb [SCB] Queue Push: 0x5f
# UVM_INFO ../tb/uvm/uart_monitor.sv(56) @ 6745175000: uvm_test_top.env.agnt.umon [MON] Sampled RX: 0x5f
# UVM_INFO ../tb/uvm/uart_scoreboard.sv(57) @ 6745175000: uvm_test_top.env.scb [SCB] PASS! Matched 0x5f
# UVM_INFO ../tb/uvm/uart_driver.sv(35) @ 6771185000: uvm_test_top.env.agnt.udrv [UART_DRV] Transmitting byte: 0x45
# UVM_INFO ../tb/uvm/uart_monitor.sv(37) @ 6771195000: uvm_test_top.env.agnt.umon [MON] Sampled TX: 45
# UVM_INFO ../tb/uvm/uart_scoreboard.sv(36) @ 6771195000: uvm_test_top.env.scb [SCB] Queue Push: 0x45
# UVM_INFO ../tb/uvm/uart_monitor.sv(56) @ 7266005000: uvm_test_top.env.agnt.umon [MON] Sampled RX: 0x45
# UVM_INFO ../tb/uvm/uart_scoreboard.sv(57) @ 7266005000: uvm_test_top.env.scb [SCB] PASS! Matched 0x45
# UVM_INFO ../tb/uvm/uart_driver.sv(35) @ 7292005000: uvm_test_top.env.agnt.udrv [UART_DRV] Transmitting byte: 0xcd
# UVM_INFO ../tb/uvm/uart_monitor.sv(37) @ 7292015000: uvm_test_top.env.agnt.umon [MON] Sampled TX: cd
# UVM_INFO ../tb/uvm/uart_scoreboard.sv(36) @ 7292015000: uvm_test_top.env.scb [SCB] Queue Push: 0xcd
# UVM_INFO ../tb/uvm/uart_monitor.sv(56) @ 7786825000: uvm_test_top.env.agnt.umon [MON] Sampled RX: 0xcd
# UVM_INFO ../tb/uvm/uart_scoreboard.sv(57) @ 7786825000: uvm_test_top.env.scb [SCB] PASS! Matched 0xcd
# UVM_INFO ../tb/uvm/uart_driver.sv(35) @ 7812825000: uvm_test_top.env.agnt.udrv [UART_DRV] Transmitting byte: 0x2d
# UVM_INFO ../tb/uvm/uart_monitor.sv(37) @ 7812835000: uvm_test_top.env.agnt.umon [MON] Sampled TX: 2d
# UVM_INFO ../tb/uvm/uart_scoreboard.sv(36) @ 7812835000: uvm_test_top.env.scb [SCB] Queue Push: 0x2d
# UVM_INFO ../tb/uvm/uart_monitor.sv(56) @ 8307645000: uvm_test_top.env.agnt.umon [MON] Sampled RX: 0x2d
# UVM_INFO ../tb/uvm/uart_scoreboard.sv(57) @ 8307645000: uvm_test_top.env.scb [SCB] PASS! Matched 0x2d
# UVM_INFO ../tb/uvm/uart_driver.sv(35) @ 8333645000: uvm_test_top.env.agnt.udrv [UART_DRV] Transmitting byte: 0xe4
# UVM_INFO ../tb/uvm/uart_monitor.sv(37) @ 8333655000: uvm_test_top.env.agnt.umon [MON] Sampled TX: e4
# UVM_INFO ../tb/uvm/uart_scoreboard.sv(36) @ 8333655000: uvm_test_top.env.scb [SCB] Queue Push: 0xe4
# UVM_INFO ../tb/uvm/uart_monitor.sv(56) @ 8828465000: uvm_test_top.env.agnt.umon [MON] Sampled RX: 0xe4
# UVM_INFO ../tb/uvm/uart_scoreboard.sv(57) @ 8828465000: uvm_test_top.env.scb [SCB] PASS! Matched 0xe4
# UVM_INFO ../tb/uvm/uart_driver.sv(35) @ 8854465000: uvm_test_top.env.agnt.udrv [UART_DRV] Transmitting byte: 0x5c
# UVM_INFO ../tb/uvm/uart_monitor.sv(37) @ 8854475000: uvm_test_top.env.agnt.umon [MON] Sampled TX: 5c
# UVM_INFO ../tb/uvm/uart_scoreboard.sv(36) @ 8854475000: uvm_test_top.env.scb [SCB] Queue Push: 0x5c
# UVM_INFO ../tb/uvm/uart_monitor.sv(56) @ 9349285000: uvm_test_top.env.agnt.umon [MON] Sampled RX: 0x5c
# UVM_INFO ../tb/uvm/uart_scoreboard.sv(57) @ 9349285000: uvm_test_top.env.scb [SCB] PASS! Matched 0x5c
# UVM_INFO ../tb/uvm/uart_driver.sv(35) @ 9375345000: uvm_test_top.env.agnt.udrv [UART_DRV] Transmitting byte: 0xc0
# UVM_INFO ../tb/uvm/uart_monitor.sv(37) @ 9375355000: uvm_test_top.env.agnt.umon [MON] Sampled TX: c0
# UVM_INFO ../tb/uvm/uart_scoreboard.sv(36) @ 9375355000: uvm_test_top.env.scb [SCB] Queue Push: 0xc0
# UVM_INFO ../tb/uvm/uart_monitor.sv(56) @ 9870165000: uvm_test_top.env.agnt.umon [MON] Sampled RX: 0xc0
# UVM_INFO ../tb/uvm/uart_scoreboard.sv(57) @ 9870165000: uvm_test_top.env.scb [SCB] PASS! Matched 0xc0
# UVM_INFO ../tb/uvm/uart_driver.sv(35) @ 9896165000: uvm_test_top.env.agnt.udrv [UART_DRV] Transmitting byte: 0x3a
# UVM_INFO ../tb/uvm/uart_monitor.sv(37) @ 9896175000: uvm_test_top.env.agnt.umon [MON] Sampled TX: 3a
# UVM_INFO ../tb/uvm/uart_scoreboard.sv(36) @ 9896175000: uvm_test_top.env.scb [SCB] Queue Push: 0x3a
# UVM_INFO ../tb/uvm/uart_monitor.sv(56) @ 10390985000: uvm_test_top.env.agnt.umon [MON] Sampled RX: 0x3a
# UVM_INFO ../tb/uvm/uart_scoreboard.sv(57) @ 10390985000: uvm_test_top.env.scb [SCB] PASS! Matched 0x3a
# UVM_INFO ../tb/uvm/uart_driver.sv(35) @ 10416985000: uvm_test_top.env.agnt.udrv [UART_DRV] Transmitting byte: 0x24
# UVM_INFO ../tb/uvm/uart_monitor.sv(37) @ 10416995000: uvm_test_top.env.agnt.umon [MON] Sampled TX: 24
# UVM_INFO ../tb/uvm/uart_scoreboard.sv(36) @ 10416995000: uvm_test_top.env.scb [SCB] Queue Push: 0x24
# UVM_INFO ../tb/uvm/uart_monitor.sv(56) @ 10911805000: uvm_test_top.env.agnt.umon [MON] Sampled RX: 0x24
# UVM_INFO ../tb/uvm/uart_scoreboard.sv(57) @ 10911805000: uvm_test_top.env.scb [SCB] PASS! Matched 0x24
# UVM_INFO ../tb/uvm/uart_driver.sv(35) @ 10937805000: uvm_test_top.env.agnt.udrv [UART_DRV] Transmitting byte: 0xce
# UVM_INFO ../tb/uvm/uart_monitor.sv(37) @ 10937815000: uvm_test_top.env.agnt.umon [MON] Sampled TX: ce
# UVM_INFO ../tb/uvm/uart_scoreboard.sv(36) @ 10937815000: uvm_test_top.env.scb [SCB] Queue Push: 0xce
# UVM_INFO ../tb/uvm/uart_monitor.sv(56) @ 11432625000: uvm_test_top.env.agnt.umon [MON] Sampled RX: 0xce
# UVM_INFO ../tb/uvm/uart_scoreboard.sv(57) @ 11432625000: uvm_test_top.env.scb [SCB] PASS! Matched 0xce
# UVM_INFO ../tb/uvm/uart_driver.sv(35) @ 11468625000: uvm_test_top.env.agnt.udrv [UART_DRV] Transmitting byte: 0x98
# UVM_INFO ../tb/uvm/uart_monitor.sv(37) @ 11468635000: uvm_test_top.env.agnt.umon [MON] Sampled TX: 98
# UVM_INFO ../tb/uvm/uart_scoreboard.sv(36) @ 11468635000: uvm_test_top.env.scb [SCB] Queue Push: 0x98
# UVM_INFO ../tb/uvm/uart_monitor.sv(56) @ 11963445000: uvm_test_top.env.agnt.umon [MON] Sampled RX: 0x98
# UVM_INFO ../tb/uvm/uart_scoreboard.sv(57) @ 11963445000: uvm_test_top.env.scb [SCB] PASS! Matched 0x98
# UVM_INFO ../tb/uvm/uart_driver.sv(35) @ 11989445000: uvm_test_top.env.agnt.udrv [UART_DRV] Transmitting byte: 0xd1
# UVM_INFO ../tb/uvm/uart_monitor.sv(37) @ 11989455000: uvm_test_top.env.agnt.umon [MON] Sampled TX: d1
# UVM_INFO ../tb/uvm/uart_scoreboard.sv(36) @ 11989455000: uvm_test_top.env.scb [SCB] Queue Push: 0xd1
# UVM_INFO ../tb/uvm/uart_monitor.sv(56) @ 12484265000: uvm_test_top.env.agnt.umon [MON] Sampled RX: 0xd1
# UVM_INFO ../tb/uvm/uart_scoreboard.sv(57) @ 12484265000: uvm_test_top.env.scb [SCB] PASS! Matched 0xd1
# UVM_INFO ../tb/uvm/uart_driver.sv(35) @ 12510265000: uvm_test_top.env.agnt.udrv [UART_DRV] Transmitting byte: 0x79
# UVM_INFO ../tb/uvm/uart_monitor.sv(37) @ 12510275000: uvm_test_top.env.agnt.umon [MON] Sampled TX: 79
# UVM_INFO ../tb/uvm/uart_scoreboard.sv(36) @ 12510275000: uvm_test_top.env.scb [SCB] Queue Push: 0x79
# UVM_INFO ../tb/uvm/uart_monitor.sv(56) @ 13005085000: uvm_test_top.env.agnt.umon [MON] Sampled RX: 0x79
# UVM_INFO ../tb/uvm/uart_scoreboard.sv(57) @ 13005085000: uvm_test_top.env.scb [SCB] PASS! Matched 0x79
# UVM_INFO ../tb/uvm/uart_driver.sv(35) @ 13031085000: uvm_test_top.env.agnt.udrv [UART_DRV] Transmitting byte: 0x99
# UVM_INFO ../tb/uvm/uart_monitor.sv(37) @ 13031095000: uvm_test_top.env.agnt.umon [MON] Sampled TX: 99
# UVM_INFO ../tb/uvm/uart_scoreboard.sv(36) @ 13031095000: uvm_test_top.env.scb [SCB] Queue Push: 0x99
# UVM_INFO ../tb/uvm/uart_monitor.sv(56) @ 13525905000: uvm_test_top.env.agnt.umon [MON] Sampled RX: 0x99
# UVM_INFO ../tb/uvm/uart_scoreboard.sv(57) @ 13525905000: uvm_test_top.env.scb [SCB] PASS! Matched 0x99
# UVM_INFO ../tb/uvm/uart_driver.sv(35) @ 13551905000: uvm_test_top.env.agnt.udrv [UART_DRV] Transmitting byte: 0x81
# UVM_INFO ../tb/uvm/uart_monitor.sv(37) @ 13551915000: uvm_test_top.env.agnt.umon [MON] Sampled TX: 81
# UVM_INFO ../tb/uvm/uart_scoreboard.sv(36) @ 13551915000: uvm_test_top.env.scb [SCB] Queue Push: 0x81
# UVM_INFO ../tb/uvm/uart_monitor.sv(56) @ 14046725000: uvm_test_top.env.agnt.umon [MON] Sampled RX: 0x81
# UVM_INFO ../tb/uvm/uart_scoreboard.sv(57) @ 14046725000: uvm_test_top.env.scb [SCB] PASS! Matched 0x81
# UVM_INFO ../tb/uvm/uart_driver.sv(35) @ 14072805000: uvm_test_top.env.agnt.udrv [UART_DRV] Transmitting byte: 0x29
# UVM_INFO ../tb/uvm/uart_monitor.sv(37) @ 14072815000: uvm_test_top.env.agnt.umon [MON] Sampled TX: 29
# UVM_INFO ../tb/uvm/uart_scoreboard.sv(36) @ 14072815000: uvm_test_top.env.scb [SCB] Queue Push: 0x29
# UVM_INFO ../tb/uvm/uart_monitor.sv(56) @ 14567625000: uvm_test_top.env.agnt.umon [MON] Sampled RX: 0x29
# UVM_INFO ../tb/uvm/uart_scoreboard.sv(57) @ 14567625000: uvm_test_top.env.scb [SCB] PASS! Matched 0x29
# UVM_INFO ../tb/uvm/uart_driver.sv(35) @ 14593625000: uvm_test_top.env.agnt.udrv [UART_DRV] Transmitting byte: 0x8b
# UVM_INFO ../tb/uvm/uart_monitor.sv(37) @ 14593635000: uvm_test_top.env.agnt.umon [MON] Sampled TX: 8b
# UVM_INFO ../tb/uvm/uart_scoreboard.sv(36) @ 14593635000: uvm_test_top.env.scb [SCB] Queue Push: 0x8b
# UVM_INFO ../tb/uvm/uart_monitor.sv(56) @ 15088445000: uvm_test_top.env.agnt.umon [MON] Sampled RX: 0x8b
# UVM_INFO ../tb/uvm/uart_scoreboard.sv(57) @ 15088445000: uvm_test_top.env.scb [SCB] PASS! Matched 0x8b
# UVM_INFO ../tb/uvm/uart_driver.sv(35) @ 15114445000: uvm_test_top.env.agnt.udrv [UART_DRV] Transmitting byte: 0xa6
# UVM_INFO ../tb/uvm/uart_monitor.sv(37) @ 15114455000: uvm_test_top.env.agnt.umon [MON] Sampled TX: a6
# UVM_INFO ../tb/uvm/uart_scoreboard.sv(36) @ 15114455000: uvm_test_top.env.scb [SCB] Queue Push: 0xa6
# UVM_INFO ../tb/uvm/uart_monitor.sv(56) @ 15609265000: uvm_test_top.env.agnt.umon [MON] Sampled RX: 0xa6
# UVM_INFO ../tb/uvm/uart_scoreboard.sv(57) @ 15609265000: uvm_test_top.env.scb [SCB] PASS! Matched 0xa6
# UVM_INFO ../tb/uvm/uart_driver.sv(35) @ 15635265000: uvm_test_top.env.agnt.udrv [UART_DRV] Transmitting byte: 0x44
# UVM_INFO ../tb/uvm/uart_monitor.sv(37) @ 15635275000: uvm_test_top.env.agnt.umon [MON] Sampled TX: 44
# UVM_INFO ../tb/uvm/uart_scoreboard.sv(36) @ 15635275000: uvm_test_top.env.scb [SCB] Queue Push: 0x44
# UVM_INFO ../tb/uvm/uart_monitor.sv(56) @ 16130085000: uvm_test_top.env.agnt.umon [MON] Sampled RX: 0x44
# UVM_INFO ../tb/uvm/uart_scoreboard.sv(57) @ 16130085000: uvm_test_top.env.scb [SCB] PASS! Matched 0x44
# UVM_INFO ../tb/uvm/uart_driver.sv(35) @ 16166085000: uvm_test_top.env.agnt.udrv [UART_DRV] Transmitting byte: 0x5
# UVM_INFO ../tb/uvm/uart_monitor.sv(37) @ 16166095000: uvm_test_top.env.agnt.umon [MON] Sampled TX: 5
# UVM_INFO ../tb/uvm/uart_scoreboard.sv(36) @ 16166095000: uvm_test_top.env.scb [SCB] Queue Push: 0x5
# UVM_INFO ../tb/uvm/uart_monitor.sv(56) @ 16660905000: uvm_test_top.env.agnt.umon [MON] Sampled RX: 0x5
# UVM_INFO ../tb/uvm/uart_scoreboard.sv(57) @ 16660905000: uvm_test_top.env.scb [SCB] PASS! Matched 0x5
# UVM_INFO ../tb/uvm/uart_driver.sv(35) @ 16696905000: uvm_test_top.env.agnt.udrv [UART_DRV] Transmitting byte: 0xa2
# UVM_INFO ../tb/uvm/uart_monitor.sv(37) @ 16696915000: uvm_test_top.env.agnt.umon [MON] Sampled TX: a2
# UVM_INFO ../tb/uvm/uart_scoreboard.sv(36) @ 16696915000: uvm_test_top.env.scb [SCB] Queue Push: 0xa2
# UVM_INFO ../tb/uvm/uart_monitor.sv(56) @ 17191725000: uvm_test_top.env.agnt.umon [MON] Sampled RX: 0xa2
# UVM_INFO ../tb/uvm/uart_scoreboard.sv(57) @ 17191725000: uvm_test_top.env.scb [SCB] PASS! Matched 0xa2
# UVM_INFO ../tb/uvm/uart_driver.sv(35) @ 17217725000: uvm_test_top.env.agnt.udrv [UART_DRV] Transmitting byte: 0x24
# UVM_INFO ../tb/uvm/uart_monitor.sv(37) @ 17217735000: uvm_test_top.env.agnt.umon [MON] Sampled TX: 24
# UVM_INFO ../tb/uvm/uart_scoreboard.sv(36) @ 17217735000: uvm_test_top.env.scb [SCB] Queue Push: 0x24
# UVM_INFO ../tb/uvm/uart_monitor.sv(56) @ 17712545000: uvm_test_top.env.agnt.umon [MON] Sampled RX: 0x24
# UVM_INFO ../tb/uvm/uart_scoreboard.sv(57) @ 17712545000: uvm_test_top.env.scb [SCB] PASS! Matched 0x24
# UVM_INFO ../tb/uvm/uart_driver.sv(35) @ 17738545000: uvm_test_top.env.agnt.udrv [UART_DRV] Transmitting byte: 0xf0
# UVM_INFO ../tb/uvm/uart_monitor.sv(37) @ 17738555000: uvm_test_top.env.agnt.umon [MON] Sampled TX: f0
# UVM_INFO ../tb/uvm/uart_scoreboard.sv(36) @ 17738555000: uvm_test_top.env.scb [SCB] Queue Push: 0xf0
# UVM_INFO ../tb/uvm/uart_monitor.sv(56) @ 18233365000: uvm_test_top.env.agnt.umon [MON] Sampled RX: 0xf0
# UVM_INFO ../tb/uvm/uart_scoreboard.sv(57) @ 18233365000: uvm_test_top.env.scb [SCB] PASS! Matched 0xf0
# UVM_INFO ../tb/uvm/uart_driver.sv(35) @ 18259365000: uvm_test_top.env.agnt.udrv [UART_DRV] Transmitting byte: 0x7e
# UVM_INFO ../tb/uvm/uart_monitor.sv(37) @ 18259375000: uvm_test_top.env.agnt.umon [MON] Sampled TX: 7e
# UVM_INFO ../tb/uvm/uart_scoreboard.sv(36) @ 18259375000: uvm_test_top.env.scb [SCB] Queue Push: 0x7e
# UVM_INFO ../tb/uvm/uart_monitor.sv(56) @ 18754185000: uvm_test_top.env.agnt.umon [MON] Sampled RX: 0x7e
# UVM_INFO ../tb/uvm/uart_scoreboard.sv(57) @ 18754185000: uvm_test_top.env.scb [SCB] PASS! Matched 0x7e
# UVM_INFO ../tb/uvm/uart_driver.sv(35) @ 18780185000: uvm_test_top.env.agnt.udrv [UART_DRV] Transmitting byte: 0xff
# UVM_INFO ../tb/uvm/uart_monitor.sv(37) @ 18780195000: uvm_test_top.env.agnt.umon [MON] Sampled TX: ff
# UVM_INFO ../tb/uvm/uart_scoreboard.sv(36) @ 18780195000: uvm_test_top.env.scb [SCB] Queue Push: 0xff
# UVM_INFO ../tb/uvm/uart_monitor.sv(56) @ 19275005000: uvm_test_top.env.agnt.umon [MON] Sampled RX: 0xff
# UVM_INFO ../tb/uvm/uart_scoreboard.sv(57) @ 19275005000: uvm_test_top.env.scb [SCB] PASS! Matched 0xff
# UVM_INFO ../tb/uvm/uart_driver.sv(35) @ 19301005000: uvm_test_top.env.agnt.udrv [UART_DRV] Transmitting byte: 0x58
# UVM_INFO ../tb/uvm/uart_monitor.sv(37) @ 19301015000: uvm_test_top.env.agnt.umon [MON] Sampled TX: 58
# UVM_INFO ../tb/uvm/uart_scoreboard.sv(36) @ 19301015000: uvm_test_top.env.scb [SCB] Queue Push: 0x58
# UVM_INFO ../tb/uvm/uart_monitor.sv(56) @ 19795825000: uvm_test_top.env.agnt.umon [MON] Sampled RX: 0x58
# UVM_INFO ../tb/uvm/uart_scoreboard.sv(57) @ 19795825000: uvm_test_top.env.scb [SCB] PASS! Matched 0x58
# UVM_INFO ../tb/uvm/uart_driver.sv(35) @ 19821935000: uvm_test_top.env.agnt.udrv [UART_DRV] Transmitting byte: 0xef
# UVM_INFO ../tb/uvm/uart_monitor.sv(37) @ 19821945000: uvm_test_top.env.agnt.umon [MON] Sampled TX: ef
# UVM_INFO ../tb/uvm/uart_scoreboard.sv(36) @ 19821945000: uvm_test_top.env.scb [SCB] Queue Push: 0xef
# UVM_INFO ../tb/uvm/uart_monitor.sv(56) @ 20316755000: uvm_test_top.env.agnt.umon [MON] Sampled RX: 0xef
# UVM_INFO ../tb/uvm/uart_scoreboard.sv(57) @ 20316755000: uvm_test_top.env.scb [SCB] PASS! Matched 0xef
# UVM_INFO ../tb/uvm/uart_driver.sv(35) @ 20342755000: uvm_test_top.env.agnt.udrv [UART_DRV] Transmitting byte: 0x96
# UVM_INFO ../tb/uvm/uart_monitor.sv(37) @ 20342765000: uvm_test_top.env.agnt.umon [MON] Sampled TX: 96
# UVM_INFO ../tb/uvm/uart_scoreboard.sv(36) @ 20342765000: uvm_test_top.env.scb [SCB] Queue Push: 0x96
# UVM_INFO ../tb/uvm/uart_monitor.sv(56) @ 20837575000: uvm_test_top.env.agnt.umon [MON] Sampled RX: 0x96
# UVM_INFO ../tb/uvm/uart_scoreboard.sv(57) @ 20837575000: uvm_test_top.env.scb [SCB] PASS! Matched 0x96
# UVM_INFO ../tb/uvm/uart_driver.sv(35) @ 20863575000: uvm_test_top.env.agnt.udrv [UART_DRV] Transmitting byte: 0x62
# UVM_INFO ../tb/uvm/uart_monitor.sv(37) @ 20863585000: uvm_test_top.env.agnt.umon [MON] Sampled TX: 62
# UVM_INFO ../tb/uvm/uart_scoreboard.sv(36) @ 20863585000: uvm_test_top.env.scb [SCB] Queue Push: 0x62
# UVM_INFO ../tb/uvm/uart_monitor.sv(56) @ 21358395000: uvm_test_top.env.agnt.umon [MON] Sampled RX: 0x62
# UVM_INFO ../tb/uvm/uart_scoreboard.sv(57) @ 21358395000: uvm_test_top.env.scb [SCB] PASS! Matched 0x62
# UVM_INFO ../tb/uvm/uart_driver.sv(35) @ 21384535000: uvm_test_top.env.agnt.udrv [UART_DRV] Transmitting byte: 0x7e
# UVM_INFO ../tb/uvm/uart_monitor.sv(37) @ 21384545000: uvm_test_top.env.agnt.umon [MON] Sampled TX: 7e
# UVM_INFO ../tb/uvm/uart_scoreboard.sv(36) @ 21384545000: uvm_test_top.env.scb [SCB] Queue Push: 0x7e
# UVM_INFO ../tb/uvm/uart_monitor.sv(56) @ 21879355000: uvm_test_top.env.agnt.umon [MON] Sampled RX: 0x7e
# UVM_INFO ../tb/uvm/uart_scoreboard.sv(57) @ 21879355000: uvm_test_top.env.scb [SCB] PASS! Matched 0x7e
# UVM_INFO ../tb/uvm/uart_driver.sv(35) @ 21905355000: uvm_test_top.env.agnt.udrv [UART_DRV] Transmitting byte: 0x61
# UVM_INFO ../tb/uvm/uart_monitor.sv(37) @ 21905365000: uvm_test_top.env.agnt.umon [MON] Sampled TX: 61
# UVM_INFO ../tb/uvm/uart_scoreboard.sv(36) @ 21905365000: uvm_test_top.env.scb [SCB] Queue Push: 0x61
# UVM_INFO ../tb/uvm/uart_monitor.sv(56) @ 22400175000: uvm_test_top.env.agnt.umon [MON] Sampled RX: 0x61
# UVM_INFO ../tb/uvm/uart_scoreboard.sv(57) @ 22400175000: uvm_test_top.env.scb [SCB] PASS! Matched 0x61
# UVM_INFO ../tb/uvm/uart_driver.sv(35) @ 22426175000: uvm_test_top.env.agnt.udrv [UART_DRV] Transmitting byte: 0x75
# UVM_INFO ../tb/uvm/uart_monitor.sv(37) @ 22426185000: uvm_test_top.env.agnt.umon [MON] Sampled TX: 75
# UVM_INFO ../tb/uvm/uart_scoreboard.sv(36) @ 22426185000: uvm_test_top.env.scb [SCB] Queue Push: 0x75
# UVM_INFO ../tb/uvm/uart_monitor.sv(56) @ 22920995000: uvm_test_top.env.agnt.umon [MON] Sampled RX: 0x75
# UVM_INFO ../tb/uvm/uart_scoreboard.sv(57) @ 22920995000: uvm_test_top.env.scb [SCB] PASS! Matched 0x75
# UVM_INFO ../tb/uvm/uart_driver.sv(35) @ 22946995000: uvm_test_top.env.agnt.udrv [UART_DRV] Transmitting byte: 0x2b
# UVM_INFO ../tb/uvm/uart_monitor.sv(37) @ 22947005000: uvm_test_top.env.agnt.umon [MON] Sampled TX: 2b
# UVM_INFO ../tb/uvm/uart_scoreboard.sv(36) @ 22947005000: uvm_test_top.env.scb [SCB] Queue Push: 0x2b
# UVM_INFO ../tb/uvm/uart_monitor.sv(56) @ 23441815000: uvm_test_top.env.agnt.umon [MON] Sampled RX: 0x2b
# UVM_INFO ../tb/uvm/uart_scoreboard.sv(57) @ 23441815000: uvm_test_top.env.scb [SCB] PASS! Matched 0x2b
# UVM_INFO ../tb/uvm/uart_driver.sv(35) @ 23467815000: uvm_test_top.env.agnt.udrv [UART_DRV] Transmitting byte: 0x12
# UVM_INFO ../tb/uvm/uart_monitor.sv(37) @ 23467825000: uvm_test_top.env.agnt.umon [MON] Sampled TX: 12
# UVM_INFO ../tb/uvm/uart_scoreboard.sv(36) @ 23467825000: uvm_test_top.env.scb [SCB] Queue Push: 0x12
# UVM_INFO ../tb/uvm/uart_monitor.sv(56) @ 23962635000: uvm_test_top.env.agnt.umon [MON] Sampled RX: 0x12
# UVM_INFO ../tb/uvm/uart_scoreboard.sv(57) @ 23962635000: uvm_test_top.env.scb [SCB] PASS! Matched 0x12
# UVM_INFO ../tb/uvm/uart_driver.sv(35) @ 23988775000: uvm_test_top.env.agnt.udrv [UART_DRV] Transmitting byte: 0x43
# UVM_INFO ../tb/uvm/uart_monitor.sv(37) @ 23988785000: uvm_test_top.env.agnt.umon [MON] Sampled TX: 43
# UVM_INFO ../tb/uvm/uart_scoreboard.sv(36) @ 23988785000: uvm_test_top.env.scb [SCB] Queue Push: 0x43
# UVM_INFO ../tb/uvm/uart_monitor.sv(56) @ 24483595000: uvm_test_top.env.agnt.umon [MON] Sampled RX: 0x43
# UVM_INFO ../tb/uvm/uart_scoreboard.sv(57) @ 24483595000: uvm_test_top.env.scb [SCB] PASS! Matched 0x43
# UVM_INFO ../tb/uvm/uart_driver.sv(35) @ 24509595000: uvm_test_top.env.agnt.udrv [UART_DRV] Transmitting byte: 0x1a
# UVM_INFO ../tb/uvm/uart_monitor.sv(37) @ 24509605000: uvm_test_top.env.agnt.umon [MON] Sampled TX: 1a
# UVM_INFO ../tb/uvm/uart_scoreboard.sv(36) @ 24509605000: uvm_test_top.env.scb [SCB] Queue Push: 0x1a
# UVM_INFO ../tb/uvm/uart_monitor.sv(56) @ 25004415000: uvm_test_top.env.agnt.umon [MON] Sampled RX: 0x1a
# UVM_INFO ../tb/uvm/uart_scoreboard.sv(57) @ 25004415000: uvm_test_top.env.scb [SCB] PASS! Matched 0x1a
# UVM_INFO ../tb/uvm/uart_driver.sv(35) @ 25030415000: uvm_test_top.env.agnt.udrv [UART_DRV] Transmitting byte: 0x3c
# UVM_INFO ../tb/uvm/uart_monitor.sv(37) @ 25030425000: uvm_test_top.env.agnt.umon [MON] Sampled TX: 3c
# UVM_INFO ../tb/uvm/uart_scoreboard.sv(36) @ 25030425000: uvm_test_top.env.scb [SCB] Queue Push: 0x3c
# UVM_INFO ../tb/uvm/uart_monitor.sv(56) @ 25525235000: uvm_test_top.env.agnt.umon [MON] Sampled RX: 0x3c
# UVM_INFO ../tb/uvm/uart_scoreboard.sv(57) @ 25525235000: uvm_test_top.env.scb [SCB] PASS! Matched 0x3c
# UVM_INFO ../tb/uvm/uart_driver.sv(35) @ 25551235000: uvm_test_top.env.agnt.udrv [UART_DRV] Transmitting byte: 0x98
# UVM_INFO ../tb/uvm/uart_monitor.sv(37) @ 25551245000: uvm_test_top.env.agnt.umon [MON] Sampled TX: 98
# UVM_INFO ../tb/uvm/uart_scoreboard.sv(36) @ 25551245000: uvm_test_top.env.scb [SCB] Queue Push: 0x98
# UVM_INFO ../tb/uvm/uart_monitor.sv(56) @ 26046055000: uvm_test_top.env.agnt.umon [MON] Sampled RX: 0x98
# UVM_INFO ../tb/uvm/uart_scoreboard.sv(57) @ 26046055000: uvm_test_top.env.scb [SCB] PASS! Matched 0x98
# UVM_INFO ../tb/uvm/uart_driver.sv(35) @ 26072055000: uvm_test_top.env.agnt.udrv [UART_DRV] Transmitting byte: 0xc3
# UVM_INFO ../tb/uvm/uart_monitor.sv(37) @ 26072065000: uvm_test_top.env.agnt.umon [MON] Sampled TX: c3
# UVM_INFO ../tb/uvm/uart_scoreboard.sv(36) @ 26072065000: uvm_test_top.env.scb [SCB] Queue Push: 0xc3
# UVM_INFO ../tb/uvm/uart_monitor.sv(56) @ 26566875000: uvm_test_top.env.agnt.umon [MON] Sampled RX: 0xc3
# UVM_INFO ../tb/uvm/uart_scoreboard.sv(57) @ 26566875000: uvm_test_top.env.scb [SCB] PASS! Matched 0xc3
# UVM_INFO ../tb/uvm/uart_driver.sv(35) @ 26592965000: uvm_test_top.env.agnt.udrv [UART_DRV] Transmitting byte: 0x24
# UVM_INFO ../tb/uvm/uart_monitor.sv(37) @ 26592975000: uvm_test_top.env.agnt.umon [MON] Sampled TX: 24
# UVM_INFO ../tb/uvm/uart_scoreboard.sv(36) @ 26592975000: uvm_test_top.env.scb [SCB] Queue Push: 0x24
# UVM_INFO ../tb/uvm/uart_monitor.sv(56) @ 27087785000: uvm_test_top.env.agnt.umon [MON] Sampled RX: 0x24
# UVM_INFO ../tb/uvm/uart_scoreboard.sv(57) @ 27087785000: uvm_test_top.env.scb [SCB] PASS! Matched 0x24
# UVM_INFO ../tb/uvm/uart_driver.sv(35) @ 27113785000: uvm_test_top.env.agnt.udrv [UART_DRV] Transmitting byte: 0xd2
# UVM_INFO ../tb/uvm/uart_monitor.sv(37) @ 27113795000: uvm_test_top.env.agnt.umon [MON] Sampled TX: d2
# UVM_INFO ../tb/uvm/uart_scoreboard.sv(36) @ 27113795000: uvm_test_top.env.scb [SCB] Queue Push: 0xd2
# UVM_INFO ../tb/uvm/uart_monitor.sv(56) @ 27608605000: uvm_test_top.env.agnt.umon [MON] Sampled RX: 0xd2
# UVM_INFO ../tb/uvm/uart_scoreboard.sv(57) @ 27608605000: uvm_test_top.env.scb [SCB] PASS! Matched 0xd2
# UVM_INFO ../tb/uvm/uart_driver.sv(35) @ 27634605000: uvm_test_top.env.agnt.udrv [UART_DRV] Transmitting byte: 0x50
# UVM_INFO ../tb/uvm/uart_monitor.sv(37) @ 27634615000: uvm_test_top.env.agnt.umon [MON] Sampled TX: 50
# UVM_INFO ../tb/uvm/uart_scoreboard.sv(36) @ 27634615000: uvm_test_top.env.scb [SCB] Queue Push: 0x50
# UVM_INFO ../tb/uvm/uart_monitor.sv(56) @ 28129425000: uvm_test_top.env.agnt.umon [MON] Sampled RX: 0x50
# UVM_INFO ../tb/uvm/uart_scoreboard.sv(57) @ 28129425000: uvm_test_top.env.scb [SCB] PASS! Matched 0x50
# UVM_INFO ../tb/uvm/uart_driver.sv(35) @ 28155425000: uvm_test_top.env.agnt.udrv [UART_DRV] Transmitting byte: 0xd4
# UVM_INFO ../tb/uvm/uart_monitor.sv(37) @ 28155435000: uvm_test_top.env.agnt.umon [MON] Sampled TX: d4
# UVM_INFO ../tb/uvm/uart_scoreboard.sv(36) @ 28155435000: uvm_test_top.env.scb [SCB] Queue Push: 0xd4
# UVM_INFO ../tb/uvm/uart_monitor.sv(56) @ 28650245000: uvm_test_top.env.agnt.umon [MON] Sampled RX: 0xd4
# UVM_INFO ../tb/uvm/uart_scoreboard.sv(57) @ 28650245000: uvm_test_top.env.scb [SCB] PASS! Matched 0xd4
# UVM_INFO ../tb/uvm/uart_driver.sv(35) @ 28676435000: uvm_test_top.env.agnt.udrv [UART_DRV] Transmitting byte: 0x2f
# UVM_INFO ../tb/uvm/uart_monitor.sv(37) @ 28676445000: uvm_test_top.env.agnt.umon [MON] Sampled TX: 2f
# UVM_INFO ../tb/uvm/uart_scoreboard.sv(36) @ 28676445000: uvm_test_top.env.scb [SCB] Queue Push: 0x2f
# UVM_INFO ../tb/uvm/uart_monitor.sv(56) @ 29171255000: uvm_test_top.env.agnt.umon [MON] Sampled RX: 0x2f
# UVM_INFO ../tb/uvm/uart_scoreboard.sv(57) @ 29171255000: uvm_test_top.env.scb [SCB] PASS! Matched 0x2f
# UVM_INFO ../tb/uvm/uart_driver.sv(35) @ 29197255000: uvm_test_top.env.agnt.udrv [UART_DRV] Transmitting byte: 0xd3
# UVM_INFO ../tb/uvm/uart_monitor.sv(37) @ 29197265000: uvm_test_top.env.agnt.umon [MON] Sampled TX: d3
# UVM_INFO ../tb/uvm/uart_scoreboard.sv(36) @ 29197265000: uvm_test_top.env.scb [SCB] Queue Push: 0xd3
# UVM_INFO ../tb/uvm/uart_monitor.sv(56) @ 29692075000: uvm_test_top.env.agnt.umon [MON] Sampled RX: 0xd3
# UVM_INFO ../tb/uvm/uart_scoreboard.sv(57) @ 29692075000: uvm_test_top.env.scb [SCB] PASS! Matched 0xd3
# UVM_INFO ../tb/uvm/uart_driver.sv(35) @ 29718075000: uvm_test_top.env.agnt.udrv [UART_DRV] Transmitting byte: 0xf
# UVM_INFO ../tb/uvm/uart_monitor.sv(37) @ 29718085000: uvm_test_top.env.agnt.umon [MON] Sampled TX: f
# UVM_INFO ../tb/uvm/uart_scoreboard.sv(36) @ 29718085000: uvm_test_top.env.scb [SCB] Queue Push: 0xf
# UVM_INFO ../tb/uvm/uart_monitor.sv(56) @ 30212895000: uvm_test_top.env.agnt.umon [MON] Sampled RX: 0xf
# UVM_INFO ../tb/uvm/uart_scoreboard.sv(57) @ 30212895000: uvm_test_top.env.scb [SCB] PASS! Matched 0xf
# UVM_INFO ../tb/uvm/uart_driver.sv(35) @ 30239035000: uvm_test_top.env.agnt.udrv [UART_DRV] Transmitting byte: 0x58
# UVM_INFO ../tb/uvm/uart_monitor.sv(37) @ 30239045000: uvm_test_top.env.agnt.umon [MON] Sampled TX: 58
# UVM_INFO ../tb/uvm/uart_scoreboard.sv(36) @ 30239045000: uvm_test_top.env.scb [SCB] Queue Push: 0x58
# UVM_INFO ../tb/uvm/uart_monitor.sv(56) @ 30733855000: uvm_test_top.env.agnt.umon [MON] Sampled RX: 0x58
# UVM_INFO ../tb/uvm/uart_scoreboard.sv(57) @ 30733855000: uvm_test_top.env.scb [SCB] PASS! Matched 0x58
# UVM_INFO ../tb/uvm/uart_driver.sv(35) @ 30759855000: uvm_test_top.env.agnt.udrv [UART_DRV] Transmitting byte: 0x4c
# UVM_INFO ../tb/uvm/uart_monitor.sv(37) @ 30759865000: uvm_test_top.env.agnt.umon [MON] Sampled TX: 4c
# UVM_INFO ../tb/uvm/uart_scoreboard.sv(36) @ 30759865000: uvm_test_top.env.scb [SCB] Queue Push: 0x4c
# UVM_INFO ../tb/uvm/uart_monitor.sv(56) @ 31254675000: uvm_test_top.env.agnt.umon [MON] Sampled RX: 0x4c
# UVM_INFO ../tb/uvm/uart_scoreboard.sv(57) @ 31254675000: uvm_test_top.env.scb [SCB] PASS! Matched 0x4c
# UVM_INFO ../tb/uvm/uart_test.sv(28) @ 31280845000: uvm_test_top [TEST] Sequence Finished.
# UVM_INFO verilog_src/uvm-1.1d/src/base/uvm_objection.svh(1267) @ 31282845000: reporter [TEST_DONE] 'run' phase is ready to proceed to the 'extract' phase
# 
# --- UVM Report Summary ---
# 
# ** Report counts by severity
# UVM_INFO :  306
# UVM_WARNING :    0
# UVM_ERROR :    0
# UVM_FATAL :    0
# ** Report counts by id
# [MON]   120
# [Questa UVM]     2
# [RNTST]     1
# [SCB]   120
# [TEST]     2
# [TEST_DONE]     1
# [UART_DRV]    60
# ** Note: $finish    
#    Time: 31282845 ns  Iteration: 54  Instance: /tb_top
