# vsim -voptargs="+acc" -c -do "run -all; exit" work.tb_top -l log_115200.log -GCLKS_PER_BIT=868 
# Start time: 17:23:08 on Feb 14,2026
# ** Note: (vsim-3812) Design is being optimized...
# ** Warning: (vopt-10587) Some optimizations are turned off because the +acc switch is in effect. This will cause your simulation to run slowly. Please use -access/-debug to maintain needed visibility.
# ** Note: (vopt-143) Recognized 1 FSM in module "uart_rx(fast)".
# ** Note: (vopt-143) Recognized 1 FSM in module "uart_tx(fast)".
# ** Note: (vsim-12126) Error and warning message counts have been restored: Errors=0, Warnings=1.
# //  Questa Intel Starter FPGA Edition-64
# //  Version 2023.3 linux_x86_64 Jul 17 2023
# //
# //  Copyright 1991-2023 Mentor Graphics Corporation
# //  All Rights Reserved.
# //
# //  QuestaSim and its associated documentation contain trade
# //  secrets and commercial or financial information that are the property of
# //  Mentor Graphics Corporation and are privileged, confidential,
# //  and exempt from disclosure under the Freedom of Information Act,
# //  5 U.S.C. Section 552. Furthermore, this information
# //  is prohibited from disclosure under the Trade Secrets Act,
# //  18 U.S.C. Section 1905.
# //
# Loading sv_std.std
# Loading work.uart_if(fast)
# Loading mtiUvm.uvm_pkg(fast)
# Loading work.uart_pkg(fast)
# Loading mtiUvm.questa_uvm_pkg(fast)
# Loading work.tb_top(fast)
# Loading work.uart_if(fast__2)
# Loading work.uart_top(fast)
# Loading work.uart_tx(fast)
# Loading work.uart_rx(fast)
# Loading /home/jsphtkn/intelFPGA/23.1std/questa_fse/uvm-1.1d/linux_x86_64/uvm_dpi.so
# run -all
# ----------------------------------------------------------------
# UVM-1.1d
# (C) 2007-2013 Mentor Graphics Corporation
# (C) 2007-2013 Cadence Design Systems, Inc.
# (C) 2006-2013 Synopsys, Inc.
# (C) 2011-2013 Cypress Semiconductor Corp.
# ----------------------------------------------------------------
# 
#   ***********       IMPORTANT RELEASE NOTES         ************
# 
#   You are using a version of the UVM library that has been compiled
#   with `UVM_NO_DEPRECATED undefined.
#   See http://www.eda.org/svdb/view.php?id=3313 for more details.
# 
#   You are using a version of the UVM library that has been compiled
#   with `UVM_OBJECT_MUST_HAVE_CONSTRUCTOR undefined.
#   See http://www.eda.org/svdb/view.php?id=3770 for more details.
# 
#       (Specify +UVM_NO_RELNOTES to turn off this notice)
# 
# UVM_INFO verilog_src/questa_uvm_pkg-1.2/src/questa_uvm_pkg.sv(277) @ 0: reporter [Questa UVM] QUESTA_UVM-1.2.3
# UVM_INFO verilog_src/questa_uvm_pkg-1.2/src/questa_uvm_pkg.sv(278) @ 0: reporter [Questa UVM]  questa_uvm::init(+struct)
# ------------------------------------------------
# TB_TOP: Running with CLKS_PER_BIT = 868
# ------------------------------------------------
# UVM_INFO @ 0: reporter [RNTST] Running test uart_test...
# UVM_INFO ../tb/uvm/uart_test.sv(24) @ 0: uvm_test_top [TEST] Starting Sequence...
# UVM_INFO ../tb/uvm/uart_driver.sv(35) @ 105000: uvm_test_top.env.agnt.udrv [UART_DRV] Transmitting byte: 0x0
# UVM_INFO ../tb/uvm/uart_monitor.sv(37) @ 115000: uvm_test_top.env.agnt.umon [MON] Sampled TX: 0
# UVM_INFO ../tb/uvm/uart_scoreboard.sv(36) @ 115000: uvm_test_top.env.scb [SCB] Queue Push: 0x0
# UVM_INFO ../tb/uvm/uart_monitor.sv(56) @ 82625000: uvm_test_top.env.agnt.umon [MON] Sampled RX: 0x0
# UVM_INFO ../tb/uvm/uart_scoreboard.sv(57) @ 82625000: uvm_test_top.env.scb [SCB] PASS! Matched 0x0
# UVM_INFO ../tb/uvm/uart_driver.sv(35) @ 86925000: uvm_test_top.env.agnt.udrv [UART_DRV] Transmitting byte: 0x0
# UVM_INFO ../tb/uvm/uart_monitor.sv(37) @ 86935000: uvm_test_top.env.agnt.umon [MON] Sampled TX: 0
# UVM_INFO ../tb/uvm/uart_scoreboard.sv(36) @ 86935000: uvm_test_top.env.scb [SCB] Queue Push: 0x0
# UVM_INFO ../tb/uvm/uart_monitor.sv(56) @ 169445000: uvm_test_top.env.agnt.umon [MON] Sampled RX: 0x0
# UVM_INFO ../tb/uvm/uart_scoreboard.sv(57) @ 169445000: uvm_test_top.env.scb [SCB] PASS! Matched 0x0
# UVM_INFO ../tb/uvm/uart_driver.sv(35) @ 173745000: uvm_test_top.env.agnt.udrv [UART_DRV] Transmitting byte: 0x0
# UVM_INFO ../tb/uvm/uart_monitor.sv(37) @ 173755000: uvm_test_top.env.agnt.umon [MON] Sampled TX: 0
# UVM_INFO ../tb/uvm/uart_scoreboard.sv(36) @ 173755000: uvm_test_top.env.scb [SCB] Queue Push: 0x0
# UVM_INFO ../tb/uvm/uart_monitor.sv(56) @ 256265000: uvm_test_top.env.agnt.umon [MON] Sampled RX: 0x0
# UVM_INFO ../tb/uvm/uart_scoreboard.sv(57) @ 256265000: uvm_test_top.env.scb [SCB] PASS! Matched 0x0
# UVM_INFO ../tb/uvm/uart_driver.sv(35) @ 260565000: uvm_test_top.env.agnt.udrv [UART_DRV] Transmitting byte: 0x0
# UVM_INFO ../tb/uvm/uart_monitor.sv(37) @ 260575000: uvm_test_top.env.agnt.umon [MON] Sampled TX: 0
# UVM_INFO ../tb/uvm/uart_scoreboard.sv(36) @ 260575000: uvm_test_top.env.scb [SCB] Queue Push: 0x0
# UVM_INFO ../tb/uvm/uart_monitor.sv(56) @ 343085000: uvm_test_top.env.agnt.umon [MON] Sampled RX: 0x0
# UVM_INFO ../tb/uvm/uart_scoreboard.sv(57) @ 343085000: uvm_test_top.env.scb [SCB] PASS! Matched 0x0
# UVM_INFO ../tb/uvm/uart_driver.sv(35) @ 347385000: uvm_test_top.env.agnt.udrv [UART_DRV] Transmitting byte: 0x0
# UVM_INFO ../tb/uvm/uart_monitor.sv(37) @ 347395000: uvm_test_top.env.agnt.umon [MON] Sampled TX: 0
# UVM_INFO ../tb/uvm/uart_scoreboard.sv(36) @ 347395000: uvm_test_top.env.scb [SCB] Queue Push: 0x0
# UVM_INFO ../tb/uvm/uart_monitor.sv(56) @ 429905000: uvm_test_top.env.agnt.umon [MON] Sampled RX: 0x0
# UVM_INFO ../tb/uvm/uart_scoreboard.sv(57) @ 429905000: uvm_test_top.env.scb [SCB] PASS! Matched 0x0
# UVM_INFO ../tb/uvm/uart_driver.sv(35) @ 434205000: uvm_test_top.env.agnt.udrv [UART_DRV] Transmitting byte: 0xff
# UVM_INFO ../tb/uvm/uart_monitor.sv(37) @ 434215000: uvm_test_top.env.agnt.umon [MON] Sampled TX: ff
# UVM_INFO ../tb/uvm/uart_scoreboard.sv(36) @ 434215000: uvm_test_top.env.scb [SCB] Queue Push: 0xff
# UVM_INFO ../tb/uvm/uart_monitor.sv(56) @ 516725000: uvm_test_top.env.agnt.umon [MON] Sampled RX: 0xff
# UVM_INFO ../tb/uvm/uart_scoreboard.sv(57) @ 516725000: uvm_test_top.env.scb [SCB] PASS! Matched 0xff
# UVM_INFO ../tb/uvm/uart_driver.sv(35) @ 521085000: uvm_test_top.env.agnt.udrv [UART_DRV] Transmitting byte: 0xff
# UVM_INFO ../tb/uvm/uart_monitor.sv(37) @ 521095000: uvm_test_top.env.agnt.umon [MON] Sampled TX: ff
# UVM_INFO ../tb/uvm/uart_scoreboard.sv(36) @ 521095000: uvm_test_top.env.scb [SCB] Queue Push: 0xff
# UVM_INFO ../tb/uvm/uart_monitor.sv(56) @ 603605000: uvm_test_top.env.agnt.umon [MON] Sampled RX: 0xff
# UVM_INFO ../tb/uvm/uart_scoreboard.sv(57) @ 603605000: uvm_test_top.env.scb [SCB] PASS! Matched 0xff
# UVM_INFO ../tb/uvm/uart_driver.sv(35) @ 608055000: uvm_test_top.env.agnt.udrv [UART_DRV] Transmitting byte: 0xff
# UVM_INFO ../tb/uvm/uart_monitor.sv(37) @ 608065000: uvm_test_top.env.agnt.umon [MON] Sampled TX: ff
# UVM_INFO ../tb/uvm/uart_scoreboard.sv(36) @ 608065000: uvm_test_top.env.scb [SCB] Queue Push: 0xff
# UVM_INFO ../tb/uvm/uart_monitor.sv(56) @ 690575000: uvm_test_top.env.agnt.umon [MON] Sampled RX: 0xff
# UVM_INFO ../tb/uvm/uart_scoreboard.sv(57) @ 690575000: uvm_test_top.env.scb [SCB] PASS! Matched 0xff
# UVM_INFO ../tb/uvm/uart_driver.sv(35) @ 694945000: uvm_test_top.env.agnt.udrv [UART_DRV] Transmitting byte: 0xff
# UVM_INFO ../tb/uvm/uart_monitor.sv(37) @ 694955000: uvm_test_top.env.agnt.umon [MON] Sampled TX: ff
# UVM_INFO ../tb/uvm/uart_scoreboard.sv(36) @ 694955000: uvm_test_top.env.scb [SCB] Queue Push: 0xff
# UVM_INFO ../tb/uvm/uart_monitor.sv(56) @ 777465000: uvm_test_top.env.agnt.umon [MON] Sampled RX: 0xff
# UVM_INFO ../tb/uvm/uart_scoreboard.sv(57) @ 777465000: uvm_test_top.env.scb [SCB] PASS! Matched 0xff
# UVM_INFO ../tb/uvm/uart_driver.sv(35) @ 781855000: uvm_test_top.env.agnt.udrv [UART_DRV] Transmitting byte: 0xff
# UVM_INFO ../tb/uvm/uart_monitor.sv(37) @ 781865000: uvm_test_top.env.agnt.umon [MON] Sampled TX: ff
# UVM_INFO ../tb/uvm/uart_scoreboard.sv(36) @ 781865000: uvm_test_top.env.scb [SCB] Queue Push: 0xff
# UVM_INFO ../tb/uvm/uart_monitor.sv(56) @ 864375000: uvm_test_top.env.agnt.umon [MON] Sampled RX: 0xff
# UVM_INFO ../tb/uvm/uart_scoreboard.sv(57) @ 864375000: uvm_test_top.env.scb [SCB] PASS! Matched 0xff
# UVM_INFO ../tb/uvm/uart_driver.sv(35) @ 868715000: uvm_test_top.env.agnt.udrv [UART_DRV] Transmitting byte: 0x3f
# UVM_INFO ../tb/uvm/uart_monitor.sv(37) @ 868725000: uvm_test_top.env.agnt.umon [MON] Sampled TX: 3f
# UVM_INFO ../tb/uvm/uart_scoreboard.sv(36) @ 868725000: uvm_test_top.env.scb [SCB] Queue Push: 0x3f
# UVM_INFO ../tb/uvm/uart_monitor.sv(56) @ 951235000: uvm_test_top.env.agnt.umon [MON] Sampled RX: 0x3f
# UVM_INFO ../tb/uvm/uart_scoreboard.sv(57) @ 951235000: uvm_test_top.env.scb [SCB] PASS! Matched 0x3f
# UVM_INFO ../tb/uvm/uart_driver.sv(35) @ 955535000: uvm_test_top.env.agnt.udrv [UART_DRV] Transmitting byte: 0xf5
# UVM_INFO ../tb/uvm/uart_monitor.sv(37) @ 955545000: uvm_test_top.env.agnt.umon [MON] Sampled TX: f5
# UVM_INFO ../tb/uvm/uart_scoreboard.sv(36) @ 955545000: uvm_test_top.env.scb [SCB] Queue Push: 0xf5
# UVM_INFO ../tb/uvm/uart_monitor.sv(56) @ 1038055000: uvm_test_top.env.agnt.umon [MON] Sampled RX: 0xf5
# UVM_INFO ../tb/uvm/uart_scoreboard.sv(57) @ 1038055000: uvm_test_top.env.scb [SCB] PASS! Matched 0xf5
# UVM_INFO ../tb/uvm/uart_driver.sv(35) @ 1042355000: uvm_test_top.env.agnt.udrv [UART_DRV] Transmitting byte: 0x5f
# UVM_INFO ../tb/uvm/uart_monitor.sv(37) @ 1042365000: uvm_test_top.env.agnt.umon [MON] Sampled TX: 5f
# UVM_INFO ../tb/uvm/uart_scoreboard.sv(36) @ 1042365000: uvm_test_top.env.scb [SCB] Queue Push: 0x5f
# UVM_INFO ../tb/uvm/uart_monitor.sv(56) @ 1124875000: uvm_test_top.env.agnt.umon [MON] Sampled RX: 0x5f
# UVM_INFO ../tb/uvm/uart_scoreboard.sv(57) @ 1124875000: uvm_test_top.env.scb [SCB] PASS! Matched 0x5f
# UVM_INFO ../tb/uvm/uart_driver.sv(35) @ 1129185000: uvm_test_top.env.agnt.udrv [UART_DRV] Transmitting byte: 0x45
# UVM_INFO ../tb/uvm/uart_monitor.sv(37) @ 1129195000: uvm_test_top.env.agnt.umon [MON] Sampled TX: 45
# UVM_INFO ../tb/uvm/uart_scoreboard.sv(36) @ 1129195000: uvm_test_top.env.scb [SCB] Queue Push: 0x45
# UVM_INFO ../tb/uvm/uart_monitor.sv(56) @ 1211705000: uvm_test_top.env.agnt.umon [MON] Sampled RX: 0x45
# UVM_INFO ../tb/uvm/uart_scoreboard.sv(57) @ 1211705000: uvm_test_top.env.scb [SCB] PASS! Matched 0x45
# UVM_INFO ../tb/uvm/uart_driver.sv(35) @ 1216005000: uvm_test_top.env.agnt.udrv [UART_DRV] Transmitting byte: 0xcd
# UVM_INFO ../tb/uvm/uart_monitor.sv(37) @ 1216015000: uvm_test_top.env.agnt.umon [MON] Sampled TX: cd
# UVM_INFO ../tb/uvm/uart_scoreboard.sv(36) @ 1216015000: uvm_test_top.env.scb [SCB] Queue Push: 0xcd
# UVM_INFO ../tb/uvm/uart_monitor.sv(56) @ 1298525000: uvm_test_top.env.agnt.umon [MON] Sampled RX: 0xcd
# UVM_INFO ../tb/uvm/uart_scoreboard.sv(57) @ 1298525000: uvm_test_top.env.scb [SCB] PASS! Matched 0xcd
# UVM_INFO ../tb/uvm/uart_driver.sv(35) @ 1302825000: uvm_test_top.env.agnt.udrv [UART_DRV] Transmitting byte: 0x2d
# UVM_INFO ../tb/uvm/uart_monitor.sv(37) @ 1302835000: uvm_test_top.env.agnt.umon [MON] Sampled TX: 2d
# UVM_INFO ../tb/uvm/uart_scoreboard.sv(36) @ 1302835000: uvm_test_top.env.scb [SCB] Queue Push: 0x2d
# UVM_INFO ../tb/uvm/uart_monitor.sv(56) @ 1385345000: uvm_test_top.env.agnt.umon [MON] Sampled RX: 0x2d
# UVM_INFO ../tb/uvm/uart_scoreboard.sv(57) @ 1385345000: uvm_test_top.env.scb [SCB] PASS! Matched 0x2d
# UVM_INFO ../tb/uvm/uart_driver.sv(35) @ 1389645000: uvm_test_top.env.agnt.udrv [UART_DRV] Transmitting byte: 0xe4
# UVM_INFO ../tb/uvm/uart_monitor.sv(37) @ 1389655000: uvm_test_top.env.agnt.umon [MON] Sampled TX: e4
# UVM_INFO ../tb/uvm/uart_scoreboard.sv(36) @ 1389655000: uvm_test_top.env.scb [SCB] Queue Push: 0xe4
# UVM_INFO ../tb/uvm/uart_monitor.sv(56) @ 1472165000: uvm_test_top.env.agnt.umon [MON] Sampled RX: 0xe4
# UVM_INFO ../tb/uvm/uart_scoreboard.sv(57) @ 1472165000: uvm_test_top.env.scb [SCB] PASS! Matched 0xe4
# UVM_INFO ../tb/uvm/uart_driver.sv(35) @ 1476465000: uvm_test_top.env.agnt.udrv [UART_DRV] Transmitting byte: 0x5c
# UVM_INFO ../tb/uvm/uart_monitor.sv(37) @ 1476475000: uvm_test_top.env.agnt.umon [MON] Sampled TX: 5c
# UVM_INFO ../tb/uvm/uart_scoreboard.sv(36) @ 1476475000: uvm_test_top.env.scb [SCB] Queue Push: 0x5c
# UVM_INFO ../tb/uvm/uart_monitor.sv(56) @ 1558985000: uvm_test_top.env.agnt.umon [MON] Sampled RX: 0x5c
# UVM_INFO ../tb/uvm/uart_scoreboard.sv(57) @ 1558985000: uvm_test_top.env.scb [SCB] PASS! Matched 0x5c
# UVM_INFO ../tb/uvm/uart_driver.sv(35) @ 1563345000: uvm_test_top.env.agnt.udrv [UART_DRV] Transmitting byte: 0xc0
# UVM_INFO ../tb/uvm/uart_monitor.sv(37) @ 1563355000: uvm_test_top.env.agnt.umon [MON] Sampled TX: c0
# UVM_INFO ../tb/uvm/uart_scoreboard.sv(36) @ 1563355000: uvm_test_top.env.scb [SCB] Queue Push: 0xc0
# UVM_INFO ../tb/uvm/uart_monitor.sv(56) @ 1645865000: uvm_test_top.env.agnt.umon [MON] Sampled RX: 0xc0
# UVM_INFO ../tb/uvm/uart_scoreboard.sv(57) @ 1645865000: uvm_test_top.env.scb [SCB] PASS! Matched 0xc0
# UVM_INFO ../tb/uvm/uart_driver.sv(35) @ 1650165000: uvm_test_top.env.agnt.udrv [UART_DRV] Transmitting byte: 0x3a
# UVM_INFO ../tb/uvm/uart_monitor.sv(37) @ 1650175000: uvm_test_top.env.agnt.umon [MON] Sampled TX: 3a
# UVM_INFO ../tb/uvm/uart_scoreboard.sv(36) @ 1650175000: uvm_test_top.env.scb [SCB] Queue Push: 0x3a
# UVM_INFO ../tb/uvm/uart_monitor.sv(56) @ 1732685000: uvm_test_top.env.agnt.umon [MON] Sampled RX: 0x3a
# UVM_INFO ../tb/uvm/uart_scoreboard.sv(57) @ 1732685000: uvm_test_top.env.scb [SCB] PASS! Matched 0x3a
# UVM_INFO ../tb/uvm/uart_driver.sv(35) @ 1736985000: uvm_test_top.env.agnt.udrv [UART_DRV] Transmitting byte: 0x24
# UVM_INFO ../tb/uvm/uart_monitor.sv(37) @ 1736995000: uvm_test_top.env.agnt.umon [MON] Sampled TX: 24
# UVM_INFO ../tb/uvm/uart_scoreboard.sv(36) @ 1736995000: uvm_test_top.env.scb [SCB] Queue Push: 0x24
# UVM_INFO ../tb/uvm/uart_monitor.sv(56) @ 1819505000: uvm_test_top.env.agnt.umon [MON] Sampled RX: 0x24
# UVM_INFO ../tb/uvm/uart_scoreboard.sv(57) @ 1819505000: uvm_test_top.env.scb [SCB] PASS! Matched 0x24
# UVM_INFO ../tb/uvm/uart_driver.sv(35) @ 1823805000: uvm_test_top.env.agnt.udrv [UART_DRV] Transmitting byte: 0xce
# UVM_INFO ../tb/uvm/uart_monitor.sv(37) @ 1823815000: uvm_test_top.env.agnt.umon [MON] Sampled TX: ce
# UVM_INFO ../tb/uvm/uart_scoreboard.sv(36) @ 1823815000: uvm_test_top.env.scb [SCB] Queue Push: 0xce
# UVM_INFO ../tb/uvm/uart_monitor.sv(56) @ 1906325000: uvm_test_top.env.agnt.umon [MON] Sampled RX: 0xce
# UVM_INFO ../tb/uvm/uart_scoreboard.sv(57) @ 1906325000: uvm_test_top.env.scb [SCB] PASS! Matched 0xce
# UVM_INFO ../tb/uvm/uart_driver.sv(35) @ 1920625000: uvm_test_top.env.agnt.udrv [UART_DRV] Transmitting byte: 0x98
# UVM_INFO ../tb/uvm/uart_monitor.sv(37) @ 1920635000: uvm_test_top.env.agnt.umon [MON] Sampled TX: 98
# UVM_INFO ../tb/uvm/uart_scoreboard.sv(36) @ 1920635000: uvm_test_top.env.scb [SCB] Queue Push: 0x98
# UVM_INFO ../tb/uvm/uart_monitor.sv(56) @ 2003145000: uvm_test_top.env.agnt.umon [MON] Sampled RX: 0x98
# UVM_INFO ../tb/uvm/uart_scoreboard.sv(57) @ 2003145000: uvm_test_top.env.scb [SCB] PASS! Matched 0x98
# UVM_INFO ../tb/uvm/uart_driver.sv(35) @ 2007445000: uvm_test_top.env.agnt.udrv [UART_DRV] Transmitting byte: 0xd1
# UVM_INFO ../tb/uvm/uart_monitor.sv(37) @ 2007455000: uvm_test_top.env.agnt.umon [MON] Sampled TX: d1
# UVM_INFO ../tb/uvm/uart_scoreboard.sv(36) @ 2007455000: uvm_test_top.env.scb [SCB] Queue Push: 0xd1
# UVM_INFO ../tb/uvm/uart_monitor.sv(56) @ 2089965000: uvm_test_top.env.agnt.umon [MON] Sampled RX: 0xd1
# UVM_INFO ../tb/uvm/uart_scoreboard.sv(57) @ 2089965000: uvm_test_top.env.scb [SCB] PASS! Matched 0xd1
# UVM_INFO ../tb/uvm/uart_driver.sv(35) @ 2094265000: uvm_test_top.env.agnt.udrv [UART_DRV] Transmitting byte: 0x79
# UVM_INFO ../tb/uvm/uart_monitor.sv(37) @ 2094275000: uvm_test_top.env.agnt.umon [MON] Sampled TX: 79
# UVM_INFO ../tb/uvm/uart_scoreboard.sv(36) @ 2094275000: uvm_test_top.env.scb [SCB] Queue Push: 0x79
# UVM_INFO ../tb/uvm/uart_monitor.sv(56) @ 2176785000: uvm_test_top.env.agnt.umon [MON] Sampled RX: 0x79
# UVM_INFO ../tb/uvm/uart_scoreboard.sv(57) @ 2176785000: uvm_test_top.env.scb [SCB] PASS! Matched 0x79
# UVM_INFO ../tb/uvm/uart_driver.sv(35) @ 2181085000: uvm_test_top.env.agnt.udrv [UART_DRV] Transmitting byte: 0x99
# UVM_INFO ../tb/uvm/uart_monitor.sv(37) @ 2181095000: uvm_test_top.env.agnt.umon [MON] Sampled TX: 99
# UVM_INFO ../tb/uvm/uart_scoreboard.sv(36) @ 2181095000: uvm_test_top.env.scb [SCB] Queue Push: 0x99
# UVM_INFO ../tb/uvm/uart_monitor.sv(56) @ 2263605000: uvm_test_top.env.agnt.umon [MON] Sampled RX: 0x99
# UVM_INFO ../tb/uvm/uart_scoreboard.sv(57) @ 2263605000: uvm_test_top.env.scb [SCB] PASS! Matched 0x99
# UVM_INFO ../tb/uvm/uart_driver.sv(35) @ 2267905000: uvm_test_top.env.agnt.udrv [UART_DRV] Transmitting byte: 0x81
# UVM_INFO ../tb/uvm/uart_monitor.sv(37) @ 2267915000: uvm_test_top.env.agnt.umon [MON] Sampled TX: 81
# UVM_INFO ../tb/uvm/uart_scoreboard.sv(36) @ 2267915000: uvm_test_top.env.scb [SCB] Queue Push: 0x81
# UVM_INFO ../tb/uvm/uart_monitor.sv(56) @ 2350425000: uvm_test_top.env.agnt.umon [MON] Sampled RX: 0x81
# UVM_INFO ../tb/uvm/uart_scoreboard.sv(57) @ 2350425000: uvm_test_top.env.scb [SCB] PASS! Matched 0x81
# UVM_INFO ../tb/uvm/uart_driver.sv(35) @ 2354805000: uvm_test_top.env.agnt.udrv [UART_DRV] Transmitting byte: 0x29
# UVM_INFO ../tb/uvm/uart_monitor.sv(37) @ 2354815000: uvm_test_top.env.agnt.umon [MON] Sampled TX: 29
# UVM_INFO ../tb/uvm/uart_scoreboard.sv(36) @ 2354815000: uvm_test_top.env.scb [SCB] Queue Push: 0x29
# UVM_INFO ../tb/uvm/uart_monitor.sv(56) @ 2437325000: uvm_test_top.env.agnt.umon [MON] Sampled RX: 0x29
# UVM_INFO ../tb/uvm/uart_scoreboard.sv(57) @ 2437325000: uvm_test_top.env.scb [SCB] PASS! Matched 0x29
# UVM_INFO ../tb/uvm/uart_driver.sv(35) @ 2441625000: uvm_test_top.env.agnt.udrv [UART_DRV] Transmitting byte: 0x8b
# UVM_INFO ../tb/uvm/uart_monitor.sv(37) @ 2441635000: uvm_test_top.env.agnt.umon [MON] Sampled TX: 8b
# UVM_INFO ../tb/uvm/uart_scoreboard.sv(36) @ 2441635000: uvm_test_top.env.scb [SCB] Queue Push: 0x8b
# UVM_INFO ../tb/uvm/uart_monitor.sv(56) @ 2524145000: uvm_test_top.env.agnt.umon [MON] Sampled RX: 0x8b
# UVM_INFO ../tb/uvm/uart_scoreboard.sv(57) @ 2524145000: uvm_test_top.env.scb [SCB] PASS! Matched 0x8b
# UVM_INFO ../tb/uvm/uart_driver.sv(35) @ 2528445000: uvm_test_top.env.agnt.udrv [UART_DRV] Transmitting byte: 0xa6
# UVM_INFO ../tb/uvm/uart_monitor.sv(37) @ 2528455000: uvm_test_top.env.agnt.umon [MON] Sampled TX: a6
# UVM_INFO ../tb/uvm/uart_scoreboard.sv(36) @ 2528455000: uvm_test_top.env.scb [SCB] Queue Push: 0xa6
# UVM_INFO ../tb/uvm/uart_monitor.sv(56) @ 2610965000: uvm_test_top.env.agnt.umon [MON] Sampled RX: 0xa6
# UVM_INFO ../tb/uvm/uart_scoreboard.sv(57) @ 2610965000: uvm_test_top.env.scb [SCB] PASS! Matched 0xa6
# UVM_INFO ../tb/uvm/uart_driver.sv(35) @ 2615265000: uvm_test_top.env.agnt.udrv [UART_DRV] Transmitting byte: 0x44
# UVM_INFO ../tb/uvm/uart_monitor.sv(37) @ 2615275000: uvm_test_top.env.agnt.umon [MON] Sampled TX: 44
# UVM_INFO ../tb/uvm/uart_scoreboard.sv(36) @ 2615275000: uvm_test_top.env.scb [SCB] Queue Push: 0x44
# UVM_INFO ../tb/uvm/uart_monitor.sv(56) @ 2697785000: uvm_test_top.env.agnt.umon [MON] Sampled RX: 0x44
# UVM_INFO ../tb/uvm/uart_scoreboard.sv(57) @ 2697785000: uvm_test_top.env.scb [SCB] PASS! Matched 0x44
# UVM_INFO ../tb/uvm/uart_driver.sv(35) @ 2712085000: uvm_test_top.env.agnt.udrv [UART_DRV] Transmitting byte: 0x5
# UVM_INFO ../tb/uvm/uart_monitor.sv(37) @ 2712095000: uvm_test_top.env.agnt.umon [MON] Sampled TX: 5
# UVM_INFO ../tb/uvm/uart_scoreboard.sv(36) @ 2712095000: uvm_test_top.env.scb [SCB] Queue Push: 0x5
# UVM_INFO ../tb/uvm/uart_monitor.sv(56) @ 2794605000: uvm_test_top.env.agnt.umon [MON] Sampled RX: 0x5
# UVM_INFO ../tb/uvm/uart_scoreboard.sv(57) @ 2794605000: uvm_test_top.env.scb [SCB] PASS! Matched 0x5
# UVM_INFO ../tb/uvm/uart_driver.sv(35) @ 2808905000: uvm_test_top.env.agnt.udrv [UART_DRV] Transmitting byte: 0xa2
# UVM_INFO ../tb/uvm/uart_monitor.sv(37) @ 2808915000: uvm_test_top.env.agnt.umon [MON] Sampled TX: a2
# UVM_INFO ../tb/uvm/uart_scoreboard.sv(36) @ 2808915000: uvm_test_top.env.scb [SCB] Queue Push: 0xa2
# UVM_INFO ../tb/uvm/uart_monitor.sv(56) @ 2891425000: uvm_test_top.env.agnt.umon [MON] Sampled RX: 0xa2
# UVM_INFO ../tb/uvm/uart_scoreboard.sv(57) @ 2891425000: uvm_test_top.env.scb [SCB] PASS! Matched 0xa2
# UVM_INFO ../tb/uvm/uart_driver.sv(35) @ 2895725000: uvm_test_top.env.agnt.udrv [UART_DRV] Transmitting byte: 0x24
# UVM_INFO ../tb/uvm/uart_monitor.sv(37) @ 2895735000: uvm_test_top.env.agnt.umon [MON] Sampled TX: 24
# UVM_INFO ../tb/uvm/uart_scoreboard.sv(36) @ 2895735000: uvm_test_top.env.scb [SCB] Queue Push: 0x24
# UVM_INFO ../tb/uvm/uart_monitor.sv(56) @ 2978245000: uvm_test_top.env.agnt.umon [MON] Sampled RX: 0x24
# UVM_INFO ../tb/uvm/uart_scoreboard.sv(57) @ 2978245000: uvm_test_top.env.scb [SCB] PASS! Matched 0x24
# UVM_INFO ../tb/uvm/uart_driver.sv(35) @ 2982545000: uvm_test_top.env.agnt.udrv [UART_DRV] Transmitting byte: 0xf0
# UVM_INFO ../tb/uvm/uart_monitor.sv(37) @ 2982555000: uvm_test_top.env.agnt.umon [MON] Sampled TX: f0
# UVM_INFO ../tb/uvm/uart_scoreboard.sv(36) @ 2982555000: uvm_test_top.env.scb [SCB] Queue Push: 0xf0
# UVM_INFO ../tb/uvm/uart_monitor.sv(56) @ 3065065000: uvm_test_top.env.agnt.umon [MON] Sampled RX: 0xf0
# UVM_INFO ../tb/uvm/uart_scoreboard.sv(57) @ 3065065000: uvm_test_top.env.scb [SCB] PASS! Matched 0xf0
# UVM_INFO ../tb/uvm/uart_driver.sv(35) @ 3069365000: uvm_test_top.env.agnt.udrv [UART_DRV] Transmitting byte: 0x7e
# UVM_INFO ../tb/uvm/uart_monitor.sv(37) @ 3069375000: uvm_test_top.env.agnt.umon [MON] Sampled TX: 7e
# UVM_INFO ../tb/uvm/uart_scoreboard.sv(36) @ 3069375000: uvm_test_top.env.scb [SCB] Queue Push: 0x7e
# UVM_INFO ../tb/uvm/uart_monitor.sv(56) @ 3151885000: uvm_test_top.env.agnt.umon [MON] Sampled RX: 0x7e
# UVM_INFO ../tb/uvm/uart_scoreboard.sv(57) @ 3151885000: uvm_test_top.env.scb [SCB] PASS! Matched 0x7e
# UVM_INFO ../tb/uvm/uart_driver.sv(35) @ 3156185000: uvm_test_top.env.agnt.udrv [UART_DRV] Transmitting byte: 0xff
# UVM_INFO ../tb/uvm/uart_monitor.sv(37) @ 3156195000: uvm_test_top.env.agnt.umon [MON] Sampled TX: ff
# UVM_INFO ../tb/uvm/uart_scoreboard.sv(36) @ 3156195000: uvm_test_top.env.scb [SCB] Queue Push: 0xff
# UVM_INFO ../tb/uvm/uart_monitor.sv(56) @ 3238705000: uvm_test_top.env.agnt.umon [MON] Sampled RX: 0xff
# UVM_INFO ../tb/uvm/uart_scoreboard.sv(57) @ 3238705000: uvm_test_top.env.scb [SCB] PASS! Matched 0xff
# UVM_INFO ../tb/uvm/uart_driver.sv(35) @ 3243005000: uvm_test_top.env.agnt.udrv [UART_DRV] Transmitting byte: 0x58
# UVM_INFO ../tb/uvm/uart_monitor.sv(37) @ 3243015000: uvm_test_top.env.agnt.umon [MON] Sampled TX: 58
# UVM_INFO ../tb/uvm/uart_scoreboard.sv(36) @ 3243015000: uvm_test_top.env.scb [SCB] Queue Push: 0x58
# UVM_INFO ../tb/uvm/uart_monitor.sv(56) @ 3325525000: uvm_test_top.env.agnt.umon [MON] Sampled RX: 0x58
# UVM_INFO ../tb/uvm/uart_scoreboard.sv(57) @ 3325525000: uvm_test_top.env.scb [SCB] PASS! Matched 0x58
# UVM_INFO ../tb/uvm/uart_driver.sv(35) @ 3329935000: uvm_test_top.env.agnt.udrv [UART_DRV] Transmitting byte: 0xef
# UVM_INFO ../tb/uvm/uart_monitor.sv(37) @ 3329945000: uvm_test_top.env.agnt.umon [MON] Sampled TX: ef
# UVM_INFO ../tb/uvm/uart_scoreboard.sv(36) @ 3329945000: uvm_test_top.env.scb [SCB] Queue Push: 0xef
# UVM_INFO ../tb/uvm/uart_monitor.sv(56) @ 3412455000: uvm_test_top.env.agnt.umon [MON] Sampled RX: 0xef
# UVM_INFO ../tb/uvm/uart_scoreboard.sv(57) @ 3412455000: uvm_test_top.env.scb [SCB] PASS! Matched 0xef
# UVM_INFO ../tb/uvm/uart_driver.sv(35) @ 3416755000: uvm_test_top.env.agnt.udrv [UART_DRV] Transmitting byte: 0x96
# UVM_INFO ../tb/uvm/uart_monitor.sv(37) @ 3416765000: uvm_test_top.env.agnt.umon [MON] Sampled TX: 96
# UVM_INFO ../tb/uvm/uart_scoreboard.sv(36) @ 3416765000: uvm_test_top.env.scb [SCB] Queue Push: 0x96
# UVM_INFO ../tb/uvm/uart_monitor.sv(56) @ 3499275000: uvm_test_top.env.agnt.umon [MON] Sampled RX: 0x96
# UVM_INFO ../tb/uvm/uart_scoreboard.sv(57) @ 3499275000: uvm_test_top.env.scb [SCB] PASS! Matched 0x96
# UVM_INFO ../tb/uvm/uart_driver.sv(35) @ 3503575000: uvm_test_top.env.agnt.udrv [UART_DRV] Transmitting byte: 0x62
# UVM_INFO ../tb/uvm/uart_monitor.sv(37) @ 3503585000: uvm_test_top.env.agnt.umon [MON] Sampled TX: 62
# UVM_INFO ../tb/uvm/uart_scoreboard.sv(36) @ 3503585000: uvm_test_top.env.scb [SCB] Queue Push: 0x62
# UVM_INFO ../tb/uvm/uart_monitor.sv(56) @ 3586095000: uvm_test_top.env.agnt.umon [MON] Sampled RX: 0x62
# UVM_INFO ../tb/uvm/uart_scoreboard.sv(57) @ 3586095000: uvm_test_top.env.scb [SCB] PASS! Matched 0x62
# UVM_INFO ../tb/uvm/uart_driver.sv(35) @ 3590535000: uvm_test_top.env.agnt.udrv [UART_DRV] Transmitting byte: 0x7e
# UVM_INFO ../tb/uvm/uart_monitor.sv(37) @ 3590545000: uvm_test_top.env.agnt.umon [MON] Sampled TX: 7e
# UVM_INFO ../tb/uvm/uart_scoreboard.sv(36) @ 3590545000: uvm_test_top.env.scb [SCB] Queue Push: 0x7e
# UVM_INFO ../tb/uvm/uart_monitor.sv(56) @ 3673055000: uvm_test_top.env.agnt.umon [MON] Sampled RX: 0x7e
# UVM_INFO ../tb/uvm/uart_scoreboard.sv(57) @ 3673055000: uvm_test_top.env.scb [SCB] PASS! Matched 0x7e
# UVM_INFO ../tb/uvm/uart_driver.sv(35) @ 3677355000: uvm_test_top.env.agnt.udrv [UART_DRV] Transmitting byte: 0x61
# UVM_INFO ../tb/uvm/uart_monitor.sv(37) @ 3677365000: uvm_test_top.env.agnt.umon [MON] Sampled TX: 61
# UVM_INFO ../tb/uvm/uart_scoreboard.sv(36) @ 3677365000: uvm_test_top.env.scb [SCB] Queue Push: 0x61
# UVM_INFO ../tb/uvm/uart_monitor.sv(56) @ 3759875000: uvm_test_top.env.agnt.umon [MON] Sampled RX: 0x61
# UVM_INFO ../tb/uvm/uart_scoreboard.sv(57) @ 3759875000: uvm_test_top.env.scb [SCB] PASS! Matched 0x61
# UVM_INFO ../tb/uvm/uart_driver.sv(35) @ 3764175000: uvm_test_top.env.agnt.udrv [UART_DRV] Transmitting byte: 0x75
# UVM_INFO ../tb/uvm/uart_monitor.sv(37) @ 3764185000: uvm_test_top.env.agnt.umon [MON] Sampled TX: 75
# UVM_INFO ../tb/uvm/uart_scoreboard.sv(36) @ 3764185000: uvm_test_top.env.scb [SCB] Queue Push: 0x75
# UVM_INFO ../tb/uvm/uart_monitor.sv(56) @ 3846695000: uvm_test_top.env.agnt.umon [MON] Sampled RX: 0x75
# UVM_INFO ../tb/uvm/uart_scoreboard.sv(57) @ 3846695000: uvm_test_top.env.scb [SCB] PASS! Matched 0x75
# UVM_INFO ../tb/uvm/uart_driver.sv(35) @ 3850995000: uvm_test_top.env.agnt.udrv [UART_DRV] Transmitting byte: 0x2b
# UVM_INFO ../tb/uvm/uart_monitor.sv(37) @ 3851005000: uvm_test_top.env.agnt.umon [MON] Sampled TX: 2b
# UVM_INFO ../tb/uvm/uart_scoreboard.sv(36) @ 3851005000: uvm_test_top.env.scb [SCB] Queue Push: 0x2b
# UVM_INFO ../tb/uvm/uart_monitor.sv(56) @ 3933515000: uvm_test_top.env.agnt.umon [MON] Sampled RX: 0x2b
# UVM_INFO ../tb/uvm/uart_scoreboard.sv(57) @ 3933515000: uvm_test_top.env.scb [SCB] PASS! Matched 0x2b
# UVM_INFO ../tb/uvm/uart_driver.sv(35) @ 3937815000: uvm_test_top.env.agnt.udrv [UART_DRV] Transmitting byte: 0x12
# UVM_INFO ../tb/uvm/uart_monitor.sv(37) @ 3937825000: uvm_test_top.env.agnt.umon [MON] Sampled TX: 12
# UVM_INFO ../tb/uvm/uart_scoreboard.sv(36) @ 3937825000: uvm_test_top.env.scb [SCB] Queue Push: 0x12
# UVM_INFO ../tb/uvm/uart_monitor.sv(56) @ 4020335000: uvm_test_top.env.agnt.umon [MON] Sampled RX: 0x12
# UVM_INFO ../tb/uvm/uart_scoreboard.sv(57) @ 4020335000: uvm_test_top.env.scb [SCB] PASS! Matched 0x12
# UVM_INFO ../tb/uvm/uart_driver.sv(35) @ 4024775000: uvm_test_top.env.agnt.udrv [UART_DRV] Transmitting byte: 0x43
# UVM_INFO ../tb/uvm/uart_monitor.sv(37) @ 4024785000: uvm_test_top.env.agnt.umon [MON] Sampled TX: 43
# UVM_INFO ../tb/uvm/uart_scoreboard.sv(36) @ 4024785000: uvm_test_top.env.scb [SCB] Queue Push: 0x43
# UVM_INFO ../tb/uvm/uart_monitor.sv(56) @ 4107295000: uvm_test_top.env.agnt.umon [MON] Sampled RX: 0x43
# UVM_INFO ../tb/uvm/uart_scoreboard.sv(57) @ 4107295000: uvm_test_top.env.scb [SCB] PASS! Matched 0x43
# UVM_INFO ../tb/uvm/uart_driver.sv(35) @ 4111595000: uvm_test_top.env.agnt.udrv [UART_DRV] Transmitting byte: 0x1a
# UVM_INFO ../tb/uvm/uart_monitor.sv(37) @ 4111605000: uvm_test_top.env.agnt.umon [MON] Sampled TX: 1a
# UVM_INFO ../tb/uvm/uart_scoreboard.sv(36) @ 4111605000: uvm_test_top.env.scb [SCB] Queue Push: 0x1a
# UVM_INFO ../tb/uvm/uart_monitor.sv(56) @ 4194115000: uvm_test_top.env.agnt.umon [MON] Sampled RX: 0x1a
# UVM_INFO ../tb/uvm/uart_scoreboard.sv(57) @ 4194115000: uvm_test_top.env.scb [SCB] PASS! Matched 0x1a
# UVM_INFO ../tb/uvm/uart_driver.sv(35) @ 4198415000: uvm_test_top.env.agnt.udrv [UART_DRV] Transmitting byte: 0x3c
# UVM_INFO ../tb/uvm/uart_monitor.sv(37) @ 4198425000: uvm_test_top.env.agnt.umon [MON] Sampled TX: 3c
# UVM_INFO ../tb/uvm/uart_scoreboard.sv(36) @ 4198425000: uvm_test_top.env.scb [SCB] Queue Push: 0x3c
# UVM_INFO ../tb/uvm/uart_monitor.sv(56) @ 4280935000: uvm_test_top.env.agnt.umon [MON] Sampled RX: 0x3c
# UVM_INFO ../tb/uvm/uart_scoreboard.sv(57) @ 4280935000: uvm_test_top.env.scb [SCB] PASS! Matched 0x3c
# UVM_INFO ../tb/uvm/uart_driver.sv(35) @ 4285235000: uvm_test_top.env.agnt.udrv [UART_DRV] Transmitting byte: 0x98
# UVM_INFO ../tb/uvm/uart_monitor.sv(37) @ 4285245000: uvm_test_top.env.agnt.umon [MON] Sampled TX: 98
# UVM_INFO ../tb/uvm/uart_scoreboard.sv(36) @ 4285245000: uvm_test_top.env.scb [SCB] Queue Push: 0x98
# UVM_INFO ../tb/uvm/uart_monitor.sv(56) @ 4367755000: uvm_test_top.env.agnt.umon [MON] Sampled RX: 0x98
# UVM_INFO ../tb/uvm/uart_scoreboard.sv(57) @ 4367755000: uvm_test_top.env.scb [SCB] PASS! Matched 0x98
# UVM_INFO ../tb/uvm/uart_driver.sv(35) @ 4372055000: uvm_test_top.env.agnt.udrv [UART_DRV] Transmitting byte: 0xc3
# UVM_INFO ../tb/uvm/uart_monitor.sv(37) @ 4372065000: uvm_test_top.env.agnt.umon [MON] Sampled TX: c3
# UVM_INFO ../tb/uvm/uart_scoreboard.sv(36) @ 4372065000: uvm_test_top.env.scb [SCB] Queue Push: 0xc3
# UVM_INFO ../tb/uvm/uart_monitor.sv(56) @ 4454575000: uvm_test_top.env.agnt.umon [MON] Sampled RX: 0xc3
# UVM_INFO ../tb/uvm/uart_scoreboard.sv(57) @ 4454575000: uvm_test_top.env.scb [SCB] PASS! Matched 0xc3
# UVM_INFO ../tb/uvm/uart_driver.sv(35) @ 4458965000: uvm_test_top.env.agnt.udrv [UART_DRV] Transmitting byte: 0x24
# UVM_INFO ../tb/uvm/uart_monitor.sv(37) @ 4458975000: uvm_test_top.env.agnt.umon [MON] Sampled TX: 24
# UVM_INFO ../tb/uvm/uart_scoreboard.sv(36) @ 4458975000: uvm_test_top.env.scb [SCB] Queue Push: 0x24
# UVM_INFO ../tb/uvm/uart_monitor.sv(56) @ 4541485000: uvm_test_top.env.agnt.umon [MON] Sampled RX: 0x24
# UVM_INFO ../tb/uvm/uart_scoreboard.sv(57) @ 4541485000: uvm_test_top.env.scb [SCB] PASS! Matched 0x24
# UVM_INFO ../tb/uvm/uart_driver.sv(35) @ 4545785000: uvm_test_top.env.agnt.udrv [UART_DRV] Transmitting byte: 0xd2
# UVM_INFO ../tb/uvm/uart_monitor.sv(37) @ 4545795000: uvm_test_top.env.agnt.umon [MON] Sampled TX: d2
# UVM_INFO ../tb/uvm/uart_scoreboard.sv(36) @ 4545795000: uvm_test_top.env.scb [SCB] Queue Push: 0xd2
# UVM_INFO ../tb/uvm/uart_monitor.sv(56) @ 4628305000: uvm_test_top.env.agnt.umon [MON] Sampled RX: 0xd2
# UVM_INFO ../tb/uvm/uart_scoreboard.sv(57) @ 4628305000: uvm_test_top.env.scb [SCB] PASS! Matched 0xd2
# UVM_INFO ../tb/uvm/uart_driver.sv(35) @ 4632605000: uvm_test_top.env.agnt.udrv [UART_DRV] Transmitting byte: 0x50
# UVM_INFO ../tb/uvm/uart_monitor.sv(37) @ 4632615000: uvm_test_top.env.agnt.umon [MON] Sampled TX: 50
# UVM_INFO ../tb/uvm/uart_scoreboard.sv(36) @ 4632615000: uvm_test_top.env.scb [SCB] Queue Push: 0x50
# UVM_INFO ../tb/uvm/uart_monitor.sv(56) @ 4715125000: uvm_test_top.env.agnt.umon [MON] Sampled RX: 0x50
# UVM_INFO ../tb/uvm/uart_scoreboard.sv(57) @ 4715125000: uvm_test_top.env.scb [SCB] PASS! Matched 0x50
# UVM_INFO ../tb/uvm/uart_driver.sv(35) @ 4719425000: uvm_test_top.env.agnt.udrv [UART_DRV] Transmitting byte: 0xd4
# UVM_INFO ../tb/uvm/uart_monitor.sv(37) @ 4719435000: uvm_test_top.env.agnt.umon [MON] Sampled TX: d4
# UVM_INFO ../tb/uvm/uart_scoreboard.sv(36) @ 4719435000: uvm_test_top.env.scb [SCB] Queue Push: 0xd4
# UVM_INFO ../tb/uvm/uart_monitor.sv(56) @ 4801945000: uvm_test_top.env.agnt.umon [MON] Sampled RX: 0xd4
# UVM_INFO ../tb/uvm/uart_scoreboard.sv(57) @ 4801945000: uvm_test_top.env.scb [SCB] PASS! Matched 0xd4
# UVM_INFO ../tb/uvm/uart_driver.sv(35) @ 4806435000: uvm_test_top.env.agnt.udrv [UART_DRV] Transmitting byte: 0x2f
# UVM_INFO ../tb/uvm/uart_monitor.sv(37) @ 4806445000: uvm_test_top.env.agnt.umon [MON] Sampled TX: 2f
# UVM_INFO ../tb/uvm/uart_scoreboard.sv(36) @ 4806445000: uvm_test_top.env.scb [SCB] Queue Push: 0x2f
# UVM_INFO ../tb/uvm/uart_monitor.sv(56) @ 4888955000: uvm_test_top.env.agnt.umon [MON] Sampled RX: 0x2f
# UVM_INFO ../tb/uvm/uart_scoreboard.sv(57) @ 4888955000: uvm_test_top.env.scb [SCB] PASS! Matched 0x2f
# UVM_INFO ../tb/uvm/uart_driver.sv(35) @ 4893255000: uvm_test_top.env.agnt.udrv [UART_DRV] Transmitting byte: 0xd3
# UVM_INFO ../tb/uvm/uart_monitor.sv(37) @ 4893265000: uvm_test_top.env.agnt.umon [MON] Sampled TX: d3
# UVM_INFO ../tb/uvm/uart_scoreboard.sv(36) @ 4893265000: uvm_test_top.env.scb [SCB] Queue Push: 0xd3
# UVM_INFO ../tb/uvm/uart_monitor.sv(56) @ 4975775000: uvm_test_top.env.agnt.umon [MON] Sampled RX: 0xd3
# UVM_INFO ../tb/uvm/uart_scoreboard.sv(57) @ 4975775000: uvm_test_top.env.scb [SCB] PASS! Matched 0xd3
# UVM_INFO ../tb/uvm/uart_driver.sv(35) @ 4980075000: uvm_test_top.env.agnt.udrv [UART_DRV] Transmitting byte: 0xf
# UVM_INFO ../tb/uvm/uart_monitor.sv(37) @ 4980085000: uvm_test_top.env.agnt.umon [MON] Sampled TX: f
# UVM_INFO ../tb/uvm/uart_scoreboard.sv(36) @ 4980085000: uvm_test_top.env.scb [SCB] Queue Push: 0xf
# UVM_INFO ../tb/uvm/uart_monitor.sv(56) @ 5062595000: uvm_test_top.env.agnt.umon [MON] Sampled RX: 0xf
# UVM_INFO ../tb/uvm/uart_scoreboard.sv(57) @ 5062595000: uvm_test_top.env.scb [SCB] PASS! Matched 0xf
# UVM_INFO ../tb/uvm/uart_driver.sv(35) @ 5067035000: uvm_test_top.env.agnt.udrv [UART_DRV] Transmitting byte: 0x58
# UVM_INFO ../tb/uvm/uart_monitor.sv(37) @ 5067045000: uvm_test_top.env.agnt.umon [MON] Sampled TX: 58
# UVM_INFO ../tb/uvm/uart_scoreboard.sv(36) @ 5067045000: uvm_test_top.env.scb [SCB] Queue Push: 0x58
# UVM_INFO ../tb/uvm/uart_monitor.sv(56) @ 5149555000: uvm_test_top.env.agnt.umon [MON] Sampled RX: 0x58
# UVM_INFO ../tb/uvm/uart_scoreboard.sv(57) @ 5149555000: uvm_test_top.env.scb [SCB] PASS! Matched 0x58
# UVM_INFO ../tb/uvm/uart_driver.sv(35) @ 5153855000: uvm_test_top.env.agnt.udrv [UART_DRV] Transmitting byte: 0x4c
# UVM_INFO ../tb/uvm/uart_monitor.sv(37) @ 5153865000: uvm_test_top.env.agnt.umon [MON] Sampled TX: 4c
# UVM_INFO ../tb/uvm/uart_scoreboard.sv(36) @ 5153865000: uvm_test_top.env.scb [SCB] Queue Push: 0x4c
# UVM_INFO ../tb/uvm/uart_monitor.sv(56) @ 5236375000: uvm_test_top.env.agnt.umon [MON] Sampled RX: 0x4c
# UVM_INFO ../tb/uvm/uart_scoreboard.sv(57) @ 5236375000: uvm_test_top.env.scb [SCB] PASS! Matched 0x4c
# UVM_INFO ../tb/uvm/uart_test.sv(28) @ 5240845000: uvm_test_top [TEST] Sequence Finished.
# UVM_INFO verilog_src/uvm-1.1d/src/base/uvm_objection.svh(1267) @ 5242845000: reporter [TEST_DONE] 'run' phase is ready to proceed to the 'extract' phase
# 
# --- UVM Report Summary ---
# 
# ** Report counts by severity
# UVM_INFO :  306
# UVM_WARNING :    0
# UVM_ERROR :    0
# UVM_FATAL :    0
# ** Report counts by id
# [MON]   120
# [Questa UVM]     2
# [RNTST]     1
# [SCB]   120
# [TEST]     2
# [TEST_DONE]     1
# [UART_DRV]    60
# ** Note: $finish    : /home/jsphtkn/intelFPGA/23.1std/questa_fse/linux_x86_64/../verilog_src/uvm-1.1d/src/base/uvm_root.svh(430)
#    Time: 5242845 ns  Iteration: 54  Instance: /tb_top
# End time: 17:23:14 on Feb 14,2026, Elapsed time: 0:00:06
# Errors: 0, Warnings: 1
