# vsim -voptargs="+acc" -c -do "run -all; exit" work.tb_top -l log_57600.log -GCLKS_PER_BIT=1736 
# Start time: 17:23:15 on Feb 14,2026
# ** Note: (vsim-3812) Design is being optimized...
# ** Warning: (vopt-10587) Some optimizations are turned off because the +acc switch is in effect. This will cause your simulation to run slowly. Please use -access/-debug to maintain needed visibility.
# ** Note: (vopt-143) Recognized 1 FSM in module "uart_rx(fast)".
# ** Note: (vopt-143) Recognized 1 FSM in module "uart_tx(fast)".
# ** Note: (vsim-12126) Error and warning message counts have been restored: Errors=0, Warnings=1.
# //  Questa Intel Starter FPGA Edition-64
# //  Version 2023.3 linux_x86_64 Jul 17 2023
# //
# //  Copyright 1991-2023 Mentor Graphics Corporation
# //  All Rights Reserved.
# //
# //  QuestaSim and its associated documentation contain trade
# //  secrets and commercial or financial information that are the property of
# //  Mentor Graphics Corporation and are privileged, confidential,
# //  and exempt from disclosure under the Freedom of Information Act,
# //  5 U.S.C. Section 552. Furthermore, this information
# //  is prohibited from disclosure under the Trade Secrets Act,
# //  18 U.S.C. Section 1905.
# //
# Loading sv_std.std
# Loading work.uart_if(fast)
# Loading mtiUvm.uvm_pkg(fast)
# Loading work.uart_pkg(fast)
# Loading mtiUvm.questa_uvm_pkg(fast)
# Loading work.tb_top(fast)
# Loading work.uart_if(fast__2)
# Loading work.uart_top(fast)
# Loading work.uart_tx(fast)
# Loading work.uart_rx(fast)
# run -all
# ----------------------------------------------------------------
# UVM-1.1d
# (C) 2007-2013 Mentor Graphics Corporation
# (C) 2007-2013 Cadence Design Systems, Inc.
# (C) 2006-2013 Synopsys, Inc.
# (C) 2011-2013 Cypress Semiconductor Corp.
# ----------------------------------------------------------------
# 
#   ***********       IMPORTANT RELEASE NOTES         ************
# 
#   You are using a version of the UVM library that has been compiled
#   with `UVM_NO_DEPRECATED undefined.
#   See http://www.eda.org/svdb/view.php?id=3313 for more details.
# 
#   You are using a version of the UVM library that has been compiled
#   with `UVM_OBJECT_MUST_HAVE_CONSTRUCTOR undefined.
#   See http://www.eda.org/svdb/view.php?id=3770 for more details.
# 
#       (Specify +UVM_NO_RELNOTES to turn off this notice)
# 
# UVM_INFO verilog_src/questa_uvm_pkg-1.2/src/questa_uvm_pkg.sv(277) @ 0: reporter [Questa UVM] QUESTA_UVM-1.2.3
# UVM_INFO verilog_src/questa_uvm_pkg-1.2/src/questa_uvm_pkg.sv(278) @ 0: reporter [Questa UVM]  questa_uvm::init(+struct)
# ------------------------------------------------
# TB_TOP: Running with CLKS_PER_BIT = 1736
# ------------------------------------------------
# UVM_INFO @ 0: reporter [RNTST] Running test uart_test...
# UVM_INFO ../tb/uvm/uart_test.sv(24) @ 0: uvm_test_top [TEST] Starting Sequence...
# UVM_INFO ../tb/uvm/uart_driver.sv(35) @ 105000: uvm_test_top.env.agnt.udrv [UART_DRV] Transmitting byte: 0x0
# UVM_INFO ../tb/uvm/uart_monitor.sv(37) @ 115000: uvm_test_top.env.agnt.umon [MON] Sampled TX: 0
# UVM_INFO ../tb/uvm/uart_scoreboard.sv(36) @ 115000: uvm_test_top.env.scb [SCB] Queue Push: 0x0
# UVM_INFO ../tb/uvm/uart_monitor.sv(56) @ 165085000: uvm_test_top.env.agnt.umon [MON] Sampled RX: 0x0
# UVM_INFO ../tb/uvm/uart_scoreboard.sv(57) @ 165085000: uvm_test_top.env.scb [SCB] PASS! Matched 0x0
# UVM_INFO ../tb/uvm/uart_driver.sv(35) @ 173725000: uvm_test_top.env.agnt.udrv [UART_DRV] Transmitting byte: 0x0
# UVM_INFO ../tb/uvm/uart_monitor.sv(37) @ 173735000: uvm_test_top.env.agnt.umon [MON] Sampled TX: 0
# UVM_INFO ../tb/uvm/uart_scoreboard.sv(36) @ 173735000: uvm_test_top.env.scb [SCB] Queue Push: 0x0
# UVM_INFO ../tb/uvm/uart_monitor.sv(56) @ 338705000: uvm_test_top.env.agnt.umon [MON] Sampled RX: 0x0
# UVM_INFO ../tb/uvm/uart_scoreboard.sv(57) @ 338705000: uvm_test_top.env.scb [SCB] PASS! Matched 0x0
# UVM_INFO ../tb/uvm/uart_driver.sv(35) @ 347345000: uvm_test_top.env.agnt.udrv [UART_DRV] Transmitting byte: 0x0
# UVM_INFO ../tb/uvm/uart_monitor.sv(37) @ 347355000: uvm_test_top.env.agnt.umon [MON] Sampled TX: 0
# UVM_INFO ../tb/uvm/uart_scoreboard.sv(36) @ 347355000: uvm_test_top.env.scb [SCB] Queue Push: 0x0
# UVM_INFO ../tb/uvm/uart_monitor.sv(56) @ 512325000: uvm_test_top.env.agnt.umon [MON] Sampled RX: 0x0
# UVM_INFO ../tb/uvm/uart_scoreboard.sv(57) @ 512325000: uvm_test_top.env.scb [SCB] PASS! Matched 0x0
# UVM_INFO ../tb/uvm/uart_driver.sv(35) @ 520965000: uvm_test_top.env.agnt.udrv [UART_DRV] Transmitting byte: 0x0
# UVM_INFO ../tb/uvm/uart_monitor.sv(37) @ 520975000: uvm_test_top.env.agnt.umon [MON] Sampled TX: 0
# UVM_INFO ../tb/uvm/uart_scoreboard.sv(36) @ 520975000: uvm_test_top.env.scb [SCB] Queue Push: 0x0
# UVM_INFO ../tb/uvm/uart_monitor.sv(56) @ 685945000: uvm_test_top.env.agnt.umon [MON] Sampled RX: 0x0
# UVM_INFO ../tb/uvm/uart_scoreboard.sv(57) @ 685945000: uvm_test_top.env.scb [SCB] PASS! Matched 0x0
# UVM_INFO ../tb/uvm/uart_driver.sv(35) @ 694585000: uvm_test_top.env.agnt.udrv [UART_DRV] Transmitting byte: 0x0
# UVM_INFO ../tb/uvm/uart_monitor.sv(37) @ 694595000: uvm_test_top.env.agnt.umon [MON] Sampled TX: 0
# UVM_INFO ../tb/uvm/uart_scoreboard.sv(36) @ 694595000: uvm_test_top.env.scb [SCB] Queue Push: 0x0
# UVM_INFO ../tb/uvm/uart_monitor.sv(56) @ 859565000: uvm_test_top.env.agnt.umon [MON] Sampled RX: 0x0
# UVM_INFO ../tb/uvm/uart_scoreboard.sv(57) @ 859565000: uvm_test_top.env.scb [SCB] PASS! Matched 0x0
# UVM_INFO ../tb/uvm/uart_driver.sv(35) @ 868205000: uvm_test_top.env.agnt.udrv [UART_DRV] Transmitting byte: 0xff
# UVM_INFO ../tb/uvm/uart_monitor.sv(37) @ 868215000: uvm_test_top.env.agnt.umon [MON] Sampled TX: ff
# UVM_INFO ../tb/uvm/uart_scoreboard.sv(36) @ 868215000: uvm_test_top.env.scb [SCB] Queue Push: 0xff
# UVM_INFO ../tb/uvm/uart_monitor.sv(56) @ 1033185000: uvm_test_top.env.agnt.umon [MON] Sampled RX: 0xff
# UVM_INFO ../tb/uvm/uart_scoreboard.sv(57) @ 1033185000: uvm_test_top.env.scb [SCB] PASS! Matched 0xff
# UVM_INFO ../tb/uvm/uart_driver.sv(35) @ 1041885000: uvm_test_top.env.agnt.udrv [UART_DRV] Transmitting byte: 0xff
# UVM_INFO ../tb/uvm/uart_monitor.sv(37) @ 1041895000: uvm_test_top.env.agnt.umon [MON] Sampled TX: ff
# UVM_INFO ../tb/uvm/uart_scoreboard.sv(36) @ 1041895000: uvm_test_top.env.scb [SCB] Queue Push: 0xff
# UVM_INFO ../tb/uvm/uart_monitor.sv(56) @ 1206865000: uvm_test_top.env.agnt.umon [MON] Sampled RX: 0xff
# UVM_INFO ../tb/uvm/uart_scoreboard.sv(57) @ 1206865000: uvm_test_top.env.scb [SCB] PASS! Matched 0xff
# UVM_INFO ../tb/uvm/uart_driver.sv(35) @ 1215655000: uvm_test_top.env.agnt.udrv [UART_DRV] Transmitting byte: 0xff
# UVM_INFO ../tb/uvm/uart_monitor.sv(37) @ 1215665000: uvm_test_top.env.agnt.umon [MON] Sampled TX: ff
# UVM_INFO ../tb/uvm/uart_scoreboard.sv(36) @ 1215665000: uvm_test_top.env.scb [SCB] Queue Push: 0xff
# UVM_INFO ../tb/uvm/uart_monitor.sv(56) @ 1380635000: uvm_test_top.env.agnt.umon [MON] Sampled RX: 0xff
# UVM_INFO ../tb/uvm/uart_scoreboard.sv(57) @ 1380635000: uvm_test_top.env.scb [SCB] PASS! Matched 0xff
# UVM_INFO ../tb/uvm/uart_driver.sv(35) @ 1389345000: uvm_test_top.env.agnt.udrv [UART_DRV] Transmitting byte: 0xff
# UVM_INFO ../tb/uvm/uart_monitor.sv(37) @ 1389355000: uvm_test_top.env.agnt.umon [MON] Sampled TX: ff
# UVM_INFO ../tb/uvm/uart_scoreboard.sv(36) @ 1389355000: uvm_test_top.env.scb [SCB] Queue Push: 0xff
# UVM_INFO ../tb/uvm/uart_monitor.sv(56) @ 1554325000: uvm_test_top.env.agnt.umon [MON] Sampled RX: 0xff
# UVM_INFO ../tb/uvm/uart_scoreboard.sv(57) @ 1554325000: uvm_test_top.env.scb [SCB] PASS! Matched 0xff
# UVM_INFO ../tb/uvm/uart_driver.sv(35) @ 1563055000: uvm_test_top.env.agnt.udrv [UART_DRV] Transmitting byte: 0xff
# UVM_INFO ../tb/uvm/uart_monitor.sv(37) @ 1563065000: uvm_test_top.env.agnt.umon [MON] Sampled TX: ff
# UVM_INFO ../tb/uvm/uart_scoreboard.sv(36) @ 1563065000: uvm_test_top.env.scb [SCB] Queue Push: 0xff
# UVM_INFO ../tb/uvm/uart_monitor.sv(56) @ 1728035000: uvm_test_top.env.agnt.umon [MON] Sampled RX: 0xff
# UVM_INFO ../tb/uvm/uart_scoreboard.sv(57) @ 1728035000: uvm_test_top.env.scb [SCB] PASS! Matched 0xff
# UVM_INFO ../tb/uvm/uart_driver.sv(35) @ 1736715000: uvm_test_top.env.agnt.udrv [UART_DRV] Transmitting byte: 0x3f
# UVM_INFO ../tb/uvm/uart_monitor.sv(37) @ 1736725000: uvm_test_top.env.agnt.umon [MON] Sampled TX: 3f
# UVM_INFO ../tb/uvm/uart_scoreboard.sv(36) @ 1736725000: uvm_test_top.env.scb [SCB] Queue Push: 0x3f
# UVM_INFO ../tb/uvm/uart_monitor.sv(56) @ 1901695000: uvm_test_top.env.agnt.umon [MON] Sampled RX: 0x3f
# UVM_INFO ../tb/uvm/uart_scoreboard.sv(57) @ 1901695000: uvm_test_top.env.scb [SCB] PASS! Matched 0x3f
# UVM_INFO ../tb/uvm/uart_driver.sv(35) @ 1910335000: uvm_test_top.env.agnt.udrv [UART_DRV] Transmitting byte: 0xf5
# UVM_INFO ../tb/uvm/uart_monitor.sv(37) @ 1910345000: uvm_test_top.env.agnt.umon [MON] Sampled TX: f5
# UVM_INFO ../tb/uvm/uart_scoreboard.sv(36) @ 1910345000: uvm_test_top.env.scb [SCB] Queue Push: 0xf5
# UVM_INFO ../tb/uvm/uart_monitor.sv(56) @ 2075315000: uvm_test_top.env.agnt.umon [MON] Sampled RX: 0xf5
# UVM_INFO ../tb/uvm/uart_scoreboard.sv(57) @ 2075315000: uvm_test_top.env.scb [SCB] PASS! Matched 0xf5
# UVM_INFO ../tb/uvm/uart_driver.sv(35) @ 2083955000: uvm_test_top.env.agnt.udrv [UART_DRV] Transmitting byte: 0x5f
# UVM_INFO ../tb/uvm/uart_monitor.sv(37) @ 2083965000: uvm_test_top.env.agnt.umon [MON] Sampled TX: 5f
# UVM_INFO ../tb/uvm/uart_scoreboard.sv(36) @ 2083965000: uvm_test_top.env.scb [SCB] Queue Push: 0x5f
# UVM_INFO ../tb/uvm/uart_monitor.sv(56) @ 2248935000: uvm_test_top.env.agnt.umon [MON] Sampled RX: 0x5f
# UVM_INFO ../tb/uvm/uart_scoreboard.sv(57) @ 2248935000: uvm_test_top.env.scb [SCB] PASS! Matched 0x5f
# UVM_INFO ../tb/uvm/uart_driver.sv(35) @ 2257585000: uvm_test_top.env.agnt.udrv [UART_DRV] Transmitting byte: 0x45
# UVM_INFO ../tb/uvm/uart_monitor.sv(37) @ 2257595000: uvm_test_top.env.agnt.umon [MON] Sampled TX: 45
# UVM_INFO ../tb/uvm/uart_scoreboard.sv(36) @ 2257595000: uvm_test_top.env.scb [SCB] Queue Push: 0x45
# UVM_INFO ../tb/uvm/uart_monitor.sv(56) @ 2422565000: uvm_test_top.env.agnt.umon [MON] Sampled RX: 0x45
# UVM_INFO ../tb/uvm/uart_scoreboard.sv(57) @ 2422565000: uvm_test_top.env.scb [SCB] PASS! Matched 0x45
# UVM_INFO ../tb/uvm/uart_driver.sv(35) @ 2431205000: uvm_test_top.env.agnt.udrv [UART_DRV] Transmitting byte: 0xcd
# UVM_INFO ../tb/uvm/uart_monitor.sv(37) @ 2431215000: uvm_test_top.env.agnt.umon [MON] Sampled TX: cd
# UVM_INFO ../tb/uvm/uart_scoreboard.sv(36) @ 2431215000: uvm_test_top.env.scb [SCB] Queue Push: 0xcd
# UVM_INFO ../tb/uvm/uart_monitor.sv(56) @ 2596185000: uvm_test_top.env.agnt.umon [MON] Sampled RX: 0xcd
# UVM_INFO ../tb/uvm/uart_scoreboard.sv(57) @ 2596185000: uvm_test_top.env.scb [SCB] PASS! Matched 0xcd
# UVM_INFO ../tb/uvm/uart_driver.sv(35) @ 2604825000: uvm_test_top.env.agnt.udrv [UART_DRV] Transmitting byte: 0x2d
# UVM_INFO ../tb/uvm/uart_monitor.sv(37) @ 2604835000: uvm_test_top.env.agnt.umon [MON] Sampled TX: 2d
# UVM_INFO ../tb/uvm/uart_scoreboard.sv(36) @ 2604835000: uvm_test_top.env.scb [SCB] Queue Push: 0x2d
# UVM_INFO ../tb/uvm/uart_monitor.sv(56) @ 2769805000: uvm_test_top.env.agnt.umon [MON] Sampled RX: 0x2d
# UVM_INFO ../tb/uvm/uart_scoreboard.sv(57) @ 2769805000: uvm_test_top.env.scb [SCB] PASS! Matched 0x2d
# UVM_INFO ../tb/uvm/uart_driver.sv(35) @ 2778445000: uvm_test_top.env.agnt.udrv [UART_DRV] Transmitting byte: 0xe4
# UVM_INFO ../tb/uvm/uart_monitor.sv(37) @ 2778455000: uvm_test_top.env.agnt.umon [MON] Sampled TX: e4
# UVM_INFO ../tb/uvm/uart_scoreboard.sv(36) @ 2778455000: uvm_test_top.env.scb [SCB] Queue Push: 0xe4
# UVM_INFO ../tb/uvm/uart_monitor.sv(56) @ 2943425000: uvm_test_top.env.agnt.umon [MON] Sampled RX: 0xe4
# UVM_INFO ../tb/uvm/uart_scoreboard.sv(57) @ 2943425000: uvm_test_top.env.scb [SCB] PASS! Matched 0xe4
# UVM_INFO ../tb/uvm/uart_driver.sv(35) @ 2952065000: uvm_test_top.env.agnt.udrv [UART_DRV] Transmitting byte: 0x5c
# UVM_INFO ../tb/uvm/uart_monitor.sv(37) @ 2952075000: uvm_test_top.env.agnt.umon [MON] Sampled TX: 5c
# UVM_INFO ../tb/uvm/uart_scoreboard.sv(36) @ 2952075000: uvm_test_top.env.scb [SCB] Queue Push: 0x5c
# UVM_INFO ../tb/uvm/uart_monitor.sv(56) @ 3117045000: uvm_test_top.env.agnt.umon [MON] Sampled RX: 0x5c
# UVM_INFO ../tb/uvm/uart_scoreboard.sv(57) @ 3117045000: uvm_test_top.env.scb [SCB] PASS! Matched 0x5c
# UVM_INFO ../tb/uvm/uart_driver.sv(35) @ 3125745000: uvm_test_top.env.agnt.udrv [UART_DRV] Transmitting byte: 0xc0
# UVM_INFO ../tb/uvm/uart_monitor.sv(37) @ 3125755000: uvm_test_top.env.agnt.umon [MON] Sampled TX: c0
# UVM_INFO ../tb/uvm/uart_scoreboard.sv(36) @ 3125755000: uvm_test_top.env.scb [SCB] Queue Push: 0xc0
# UVM_INFO ../tb/uvm/uart_monitor.sv(56) @ 3290725000: uvm_test_top.env.agnt.umon [MON] Sampled RX: 0xc0
# UVM_INFO ../tb/uvm/uart_scoreboard.sv(57) @ 3290725000: uvm_test_top.env.scb [SCB] PASS! Matched 0xc0
# UVM_INFO ../tb/uvm/uart_driver.sv(35) @ 3299365000: uvm_test_top.env.agnt.udrv [UART_DRV] Transmitting byte: 0x3a
# UVM_INFO ../tb/uvm/uart_monitor.sv(37) @ 3299375000: uvm_test_top.env.agnt.umon [MON] Sampled TX: 3a
# UVM_INFO ../tb/uvm/uart_scoreboard.sv(36) @ 3299375000: uvm_test_top.env.scb [SCB] Queue Push: 0x3a
# UVM_INFO ../tb/uvm/uart_monitor.sv(56) @ 3464345000: uvm_test_top.env.agnt.umon [MON] Sampled RX: 0x3a
# UVM_INFO ../tb/uvm/uart_scoreboard.sv(57) @ 3464345000: uvm_test_top.env.scb [SCB] PASS! Matched 0x3a
# UVM_INFO ../tb/uvm/uart_driver.sv(35) @ 3472985000: uvm_test_top.env.agnt.udrv [UART_DRV] Transmitting byte: 0x24
# UVM_INFO ../tb/uvm/uart_monitor.sv(37) @ 3472995000: uvm_test_top.env.agnt.umon [MON] Sampled TX: 24
# UVM_INFO ../tb/uvm/uart_scoreboard.sv(36) @ 3472995000: uvm_test_top.env.scb [SCB] Queue Push: 0x24
# UVM_INFO ../tb/uvm/uart_monitor.sv(56) @ 3637965000: uvm_test_top.env.agnt.umon [MON] Sampled RX: 0x24
# UVM_INFO ../tb/uvm/uart_scoreboard.sv(57) @ 3637965000: uvm_test_top.env.scb [SCB] PASS! Matched 0x24
# UVM_INFO ../tb/uvm/uart_driver.sv(35) @ 3646605000: uvm_test_top.env.agnt.udrv [UART_DRV] Transmitting byte: 0xce
# UVM_INFO ../tb/uvm/uart_monitor.sv(37) @ 3646615000: uvm_test_top.env.agnt.umon [MON] Sampled TX: ce
# UVM_INFO ../tb/uvm/uart_scoreboard.sv(36) @ 3646615000: uvm_test_top.env.scb [SCB] Queue Push: 0xce
# UVM_INFO ../tb/uvm/uart_monitor.sv(56) @ 3811585000: uvm_test_top.env.agnt.umon [MON] Sampled RX: 0xce
# UVM_INFO ../tb/uvm/uart_scoreboard.sv(57) @ 3811585000: uvm_test_top.env.scb [SCB] PASS! Matched 0xce
# UVM_INFO ../tb/uvm/uart_driver.sv(35) @ 3830225000: uvm_test_top.env.agnt.udrv [UART_DRV] Transmitting byte: 0x98
# UVM_INFO ../tb/uvm/uart_monitor.sv(37) @ 3830235000: uvm_test_top.env.agnt.umon [MON] Sampled TX: 98
# UVM_INFO ../tb/uvm/uart_scoreboard.sv(36) @ 3830235000: uvm_test_top.env.scb [SCB] Queue Push: 0x98
# UVM_INFO ../tb/uvm/uart_monitor.sv(56) @ 3995205000: uvm_test_top.env.agnt.umon [MON] Sampled RX: 0x98
# UVM_INFO ../tb/uvm/uart_scoreboard.sv(57) @ 3995205000: uvm_test_top.env.scb [SCB] PASS! Matched 0x98
# UVM_INFO ../tb/uvm/uart_driver.sv(35) @ 4003845000: uvm_test_top.env.agnt.udrv [UART_DRV] Transmitting byte: 0xd1
# UVM_INFO ../tb/uvm/uart_monitor.sv(37) @ 4003855000: uvm_test_top.env.agnt.umon [MON] Sampled TX: d1
# UVM_INFO ../tb/uvm/uart_scoreboard.sv(36) @ 4003855000: uvm_test_top.env.scb [SCB] Queue Push: 0xd1
# UVM_INFO ../tb/uvm/uart_monitor.sv(56) @ 4168825000: uvm_test_top.env.agnt.umon [MON] Sampled RX: 0xd1
# UVM_INFO ../tb/uvm/uart_scoreboard.sv(57) @ 4168825000: uvm_test_top.env.scb [SCB] PASS! Matched 0xd1
# UVM_INFO ../tb/uvm/uart_driver.sv(35) @ 4177465000: uvm_test_top.env.agnt.udrv [UART_DRV] Transmitting byte: 0x79
# UVM_INFO ../tb/uvm/uart_monitor.sv(37) @ 4177475000: uvm_test_top.env.agnt.umon [MON] Sampled TX: 79
# UVM_INFO ../tb/uvm/uart_scoreboard.sv(36) @ 4177475000: uvm_test_top.env.scb [SCB] Queue Push: 0x79
# UVM_INFO ../tb/uvm/uart_monitor.sv(56) @ 4342445000: uvm_test_top.env.agnt.umon [MON] Sampled RX: 0x79
# UVM_INFO ../tb/uvm/uart_scoreboard.sv(57) @ 4342445000: uvm_test_top.env.scb [SCB] PASS! Matched 0x79
# UVM_INFO ../tb/uvm/uart_driver.sv(35) @ 4351085000: uvm_test_top.env.agnt.udrv [UART_DRV] Transmitting byte: 0x99
# UVM_INFO ../tb/uvm/uart_monitor.sv(37) @ 4351095000: uvm_test_top.env.agnt.umon [MON] Sampled TX: 99
# UVM_INFO ../tb/uvm/uart_scoreboard.sv(36) @ 4351095000: uvm_test_top.env.scb [SCB] Queue Push: 0x99
# UVM_INFO ../tb/uvm/uart_monitor.sv(56) @ 4516065000: uvm_test_top.env.agnt.umon [MON] Sampled RX: 0x99
# UVM_INFO ../tb/uvm/uart_scoreboard.sv(57) @ 4516065000: uvm_test_top.env.scb [SCB] PASS! Matched 0x99
# UVM_INFO ../tb/uvm/uart_driver.sv(35) @ 4524705000: uvm_test_top.env.agnt.udrv [UART_DRV] Transmitting byte: 0x81
# UVM_INFO ../tb/uvm/uart_monitor.sv(37) @ 4524715000: uvm_test_top.env.agnt.umon [MON] Sampled TX: 81
# UVM_INFO ../tb/uvm/uart_scoreboard.sv(36) @ 4524715000: uvm_test_top.env.scb [SCB] Queue Push: 0x81
# UVM_INFO ../tb/uvm/uart_monitor.sv(56) @ 4689685000: uvm_test_top.env.agnt.umon [MON] Sampled RX: 0x81
# UVM_INFO ../tb/uvm/uart_scoreboard.sv(57) @ 4689685000: uvm_test_top.env.scb [SCB] PASS! Matched 0x81
# UVM_INFO ../tb/uvm/uart_driver.sv(35) @ 4698405000: uvm_test_top.env.agnt.udrv [UART_DRV] Transmitting byte: 0x29
# UVM_INFO ../tb/uvm/uart_monitor.sv(37) @ 4698415000: uvm_test_top.env.agnt.umon [MON] Sampled TX: 29
# UVM_INFO ../tb/uvm/uart_scoreboard.sv(36) @ 4698415000: uvm_test_top.env.scb [SCB] Queue Push: 0x29
# UVM_INFO ../tb/uvm/uart_monitor.sv(56) @ 4863385000: uvm_test_top.env.agnt.umon [MON] Sampled RX: 0x29
# UVM_INFO ../tb/uvm/uart_scoreboard.sv(57) @ 4863385000: uvm_test_top.env.scb [SCB] PASS! Matched 0x29
# UVM_INFO ../tb/uvm/uart_driver.sv(35) @ 4872025000: uvm_test_top.env.agnt.udrv [UART_DRV] Transmitting byte: 0x8b
# UVM_INFO ../tb/uvm/uart_monitor.sv(37) @ 4872035000: uvm_test_top.env.agnt.umon [MON] Sampled TX: 8b
# UVM_INFO ../tb/uvm/uart_scoreboard.sv(36) @ 4872035000: uvm_test_top.env.scb [SCB] Queue Push: 0x8b
# UVM_INFO ../tb/uvm/uart_monitor.sv(56) @ 5037005000: uvm_test_top.env.agnt.umon [MON] Sampled RX: 0x8b
# UVM_INFO ../tb/uvm/uart_scoreboard.sv(57) @ 5037005000: uvm_test_top.env.scb [SCB] PASS! Matched 0x8b
# UVM_INFO ../tb/uvm/uart_driver.sv(35) @ 5045645000: uvm_test_top.env.agnt.udrv [UART_DRV] Transmitting byte: 0xa6
# UVM_INFO ../tb/uvm/uart_monitor.sv(37) @ 5045655000: uvm_test_top.env.agnt.umon [MON] Sampled TX: a6
# UVM_INFO ../tb/uvm/uart_scoreboard.sv(36) @ 5045655000: uvm_test_top.env.scb [SCB] Queue Push: 0xa6
# UVM_INFO ../tb/uvm/uart_monitor.sv(56) @ 5210625000: uvm_test_top.env.agnt.umon [MON] Sampled RX: 0xa6
# UVM_INFO ../tb/uvm/uart_scoreboard.sv(57) @ 5210625000: uvm_test_top.env.scb [SCB] PASS! Matched 0xa6
# UVM_INFO ../tb/uvm/uart_driver.sv(35) @ 5219265000: uvm_test_top.env.agnt.udrv [UART_DRV] Transmitting byte: 0x44
# UVM_INFO ../tb/uvm/uart_monitor.sv(37) @ 5219275000: uvm_test_top.env.agnt.umon [MON] Sampled TX: 44
# UVM_INFO ../tb/uvm/uart_scoreboard.sv(36) @ 5219275000: uvm_test_top.env.scb [SCB] Queue Push: 0x44
# UVM_INFO ../tb/uvm/uart_monitor.sv(56) @ 5384245000: uvm_test_top.env.agnt.umon [MON] Sampled RX: 0x44
# UVM_INFO ../tb/uvm/uart_scoreboard.sv(57) @ 5384245000: uvm_test_top.env.scb [SCB] PASS! Matched 0x44
# UVM_INFO ../tb/uvm/uart_driver.sv(35) @ 5402885000: uvm_test_top.env.agnt.udrv [UART_DRV] Transmitting byte: 0x5
# UVM_INFO ../tb/uvm/uart_monitor.sv(37) @ 5402895000: uvm_test_top.env.agnt.umon [MON] Sampled TX: 5
# UVM_INFO ../tb/uvm/uart_scoreboard.sv(36) @ 5402895000: uvm_test_top.env.scb [SCB] Queue Push: 0x5
# UVM_INFO ../tb/uvm/uart_monitor.sv(56) @ 5567865000: uvm_test_top.env.agnt.umon [MON] Sampled RX: 0x5
# UVM_INFO ../tb/uvm/uart_scoreboard.sv(57) @ 5567865000: uvm_test_top.env.scb [SCB] PASS! Matched 0x5
# UVM_INFO ../tb/uvm/uart_driver.sv(35) @ 5586505000: uvm_test_top.env.agnt.udrv [UART_DRV] Transmitting byte: 0xa2
# UVM_INFO ../tb/uvm/uart_monitor.sv(37) @ 5586515000: uvm_test_top.env.agnt.umon [MON] Sampled TX: a2
# UVM_INFO ../tb/uvm/uart_scoreboard.sv(36) @ 5586515000: uvm_test_top.env.scb [SCB] Queue Push: 0xa2
# UVM_INFO ../tb/uvm/uart_monitor.sv(56) @ 5751485000: uvm_test_top.env.agnt.umon [MON] Sampled RX: 0xa2
# UVM_INFO ../tb/uvm/uart_scoreboard.sv(57) @ 5751485000: uvm_test_top.env.scb [SCB] PASS! Matched 0xa2
# UVM_INFO ../tb/uvm/uart_driver.sv(35) @ 5760125000: uvm_test_top.env.agnt.udrv [UART_DRV] Transmitting byte: 0x24
# UVM_INFO ../tb/uvm/uart_monitor.sv(37) @ 5760135000: uvm_test_top.env.agnt.umon [MON] Sampled TX: 24
# UVM_INFO ../tb/uvm/uart_scoreboard.sv(36) @ 5760135000: uvm_test_top.env.scb [SCB] Queue Push: 0x24
# UVM_INFO ../tb/uvm/uart_monitor.sv(56) @ 5925105000: uvm_test_top.env.agnt.umon [MON] Sampled RX: 0x24
# UVM_INFO ../tb/uvm/uart_scoreboard.sv(57) @ 5925105000: uvm_test_top.env.scb [SCB] PASS! Matched 0x24
# UVM_INFO ../tb/uvm/uart_driver.sv(35) @ 5933745000: uvm_test_top.env.agnt.udrv [UART_DRV] Transmitting byte: 0xf0
# UVM_INFO ../tb/uvm/uart_monitor.sv(37) @ 5933755000: uvm_test_top.env.agnt.umon [MON] Sampled TX: f0
# UVM_INFO ../tb/uvm/uart_scoreboard.sv(36) @ 5933755000: uvm_test_top.env.scb [SCB] Queue Push: 0xf0
# UVM_INFO ../tb/uvm/uart_monitor.sv(56) @ 6098725000: uvm_test_top.env.agnt.umon [MON] Sampled RX: 0xf0
# UVM_INFO ../tb/uvm/uart_scoreboard.sv(57) @ 6098725000: uvm_test_top.env.scb [SCB] PASS! Matched 0xf0
# UVM_INFO ../tb/uvm/uart_driver.sv(35) @ 6107365000: uvm_test_top.env.agnt.udrv [UART_DRV] Transmitting byte: 0x7e
# UVM_INFO ../tb/uvm/uart_monitor.sv(37) @ 6107375000: uvm_test_top.env.agnt.umon [MON] Sampled TX: 7e
# UVM_INFO ../tb/uvm/uart_scoreboard.sv(36) @ 6107375000: uvm_test_top.env.scb [SCB] Queue Push: 0x7e
# UVM_INFO ../tb/uvm/uart_monitor.sv(56) @ 6272345000: uvm_test_top.env.agnt.umon [MON] Sampled RX: 0x7e
# UVM_INFO ../tb/uvm/uart_scoreboard.sv(57) @ 6272345000: uvm_test_top.env.scb [SCB] PASS! Matched 0x7e
# UVM_INFO ../tb/uvm/uart_driver.sv(35) @ 6280985000: uvm_test_top.env.agnt.udrv [UART_DRV] Transmitting byte: 0xff
# UVM_INFO ../tb/uvm/uart_monitor.sv(37) @ 6280995000: uvm_test_top.env.agnt.umon [MON] Sampled TX: ff
# UVM_INFO ../tb/uvm/uart_scoreboard.sv(36) @ 6280995000: uvm_test_top.env.scb [SCB] Queue Push: 0xff
# UVM_INFO ../tb/uvm/uart_monitor.sv(56) @ 6445965000: uvm_test_top.env.agnt.umon [MON] Sampled RX: 0xff
# UVM_INFO ../tb/uvm/uart_scoreboard.sv(57) @ 6445965000: uvm_test_top.env.scb [SCB] PASS! Matched 0xff
# UVM_INFO ../tb/uvm/uart_driver.sv(35) @ 6454605000: uvm_test_top.env.agnt.udrv [UART_DRV] Transmitting byte: 0x58
# UVM_INFO ../tb/uvm/uart_monitor.sv(37) @ 6454615000: uvm_test_top.env.agnt.umon [MON] Sampled TX: 58
# UVM_INFO ../tb/uvm/uart_scoreboard.sv(36) @ 6454615000: uvm_test_top.env.scb [SCB] Queue Push: 0x58
# UVM_INFO ../tb/uvm/uart_monitor.sv(56) @ 6619585000: uvm_test_top.env.agnt.umon [MON] Sampled RX: 0x58
# UVM_INFO ../tb/uvm/uart_scoreboard.sv(57) @ 6619585000: uvm_test_top.env.scb [SCB] PASS! Matched 0x58
# UVM_INFO ../tb/uvm/uart_driver.sv(35) @ 6628335000: uvm_test_top.env.agnt.udrv [UART_DRV] Transmitting byte: 0xef
# UVM_INFO ../tb/uvm/uart_monitor.sv(37) @ 6628345000: uvm_test_top.env.agnt.umon [MON] Sampled TX: ef
# UVM_INFO ../tb/uvm/uart_scoreboard.sv(36) @ 6628345000: uvm_test_top.env.scb [SCB] Queue Push: 0xef
# UVM_INFO ../tb/uvm/uart_monitor.sv(56) @ 6793315000: uvm_test_top.env.agnt.umon [MON] Sampled RX: 0xef
# UVM_INFO ../tb/uvm/uart_scoreboard.sv(57) @ 6793315000: uvm_test_top.env.scb [SCB] PASS! Matched 0xef
# UVM_INFO ../tb/uvm/uart_driver.sv(35) @ 6801955000: uvm_test_top.env.agnt.udrv [UART_DRV] Transmitting byte: 0x96
# UVM_INFO ../tb/uvm/uart_monitor.sv(37) @ 6801965000: uvm_test_top.env.agnt.umon [MON] Sampled TX: 96
# UVM_INFO ../tb/uvm/uart_scoreboard.sv(36) @ 6801965000: uvm_test_top.env.scb [SCB] Queue Push: 0x96
# UVM_INFO ../tb/uvm/uart_monitor.sv(56) @ 6966935000: uvm_test_top.env.agnt.umon [MON] Sampled RX: 0x96
# UVM_INFO ../tb/uvm/uart_scoreboard.sv(57) @ 6966935000: uvm_test_top.env.scb [SCB] PASS! Matched 0x96
# UVM_INFO ../tb/uvm/uart_driver.sv(35) @ 6975575000: uvm_test_top.env.agnt.udrv [UART_DRV] Transmitting byte: 0x62
# UVM_INFO ../tb/uvm/uart_monitor.sv(37) @ 6975585000: uvm_test_top.env.agnt.umon [MON] Sampled TX: 62
# UVM_INFO ../tb/uvm/uart_scoreboard.sv(36) @ 6975585000: uvm_test_top.env.scb [SCB] Queue Push: 0x62
# UVM_INFO ../tb/uvm/uart_monitor.sv(56) @ 7140555000: uvm_test_top.env.agnt.umon [MON] Sampled RX: 0x62
# UVM_INFO ../tb/uvm/uart_scoreboard.sv(57) @ 7140555000: uvm_test_top.env.scb [SCB] PASS! Matched 0x62
# UVM_INFO ../tb/uvm/uart_driver.sv(35) @ 7149335000: uvm_test_top.env.agnt.udrv [UART_DRV] Transmitting byte: 0x7e
# UVM_INFO ../tb/uvm/uart_monitor.sv(37) @ 7149345000: uvm_test_top.env.agnt.umon [MON] Sampled TX: 7e
# UVM_INFO ../tb/uvm/uart_scoreboard.sv(36) @ 7149345000: uvm_test_top.env.scb [SCB] Queue Push: 0x7e
# UVM_INFO ../tb/uvm/uart_monitor.sv(56) @ 7314315000: uvm_test_top.env.agnt.umon [MON] Sampled RX: 0x7e
# UVM_INFO ../tb/uvm/uart_scoreboard.sv(57) @ 7314315000: uvm_test_top.env.scb [SCB] PASS! Matched 0x7e
# UVM_INFO ../tb/uvm/uart_driver.sv(35) @ 7322955000: uvm_test_top.env.agnt.udrv [UART_DRV] Transmitting byte: 0x61
# UVM_INFO ../tb/uvm/uart_monitor.sv(37) @ 7322965000: uvm_test_top.env.agnt.umon [MON] Sampled TX: 61
# UVM_INFO ../tb/uvm/uart_scoreboard.sv(36) @ 7322965000: uvm_test_top.env.scb [SCB] Queue Push: 0x61
# UVM_INFO ../tb/uvm/uart_monitor.sv(56) @ 7487935000: uvm_test_top.env.agnt.umon [MON] Sampled RX: 0x61
# UVM_INFO ../tb/uvm/uart_scoreboard.sv(57) @ 7487935000: uvm_test_top.env.scb [SCB] PASS! Matched 0x61
# UVM_INFO ../tb/uvm/uart_driver.sv(35) @ 7496575000: uvm_test_top.env.agnt.udrv [UART_DRV] Transmitting byte: 0x75
# UVM_INFO ../tb/uvm/uart_monitor.sv(37) @ 7496585000: uvm_test_top.env.agnt.umon [MON] Sampled TX: 75
# UVM_INFO ../tb/uvm/uart_scoreboard.sv(36) @ 7496585000: uvm_test_top.env.scb [SCB] Queue Push: 0x75
# UVM_INFO ../tb/uvm/uart_monitor.sv(56) @ 7661555000: uvm_test_top.env.agnt.umon [MON] Sampled RX: 0x75
# UVM_INFO ../tb/uvm/uart_scoreboard.sv(57) @ 7661555000: uvm_test_top.env.scb [SCB] PASS! Matched 0x75
# UVM_INFO ../tb/uvm/uart_driver.sv(35) @ 7670195000: uvm_test_top.env.agnt.udrv [UART_DRV] Transmitting byte: 0x2b
# UVM_INFO ../tb/uvm/uart_monitor.sv(37) @ 7670205000: uvm_test_top.env.agnt.umon [MON] Sampled TX: 2b
# UVM_INFO ../tb/uvm/uart_scoreboard.sv(36) @ 7670205000: uvm_test_top.env.scb [SCB] Queue Push: 0x2b
# UVM_INFO ../tb/uvm/uart_monitor.sv(56) @ 7835175000: uvm_test_top.env.agnt.umon [MON] Sampled RX: 0x2b
# UVM_INFO ../tb/uvm/uart_scoreboard.sv(57) @ 7835175000: uvm_test_top.env.scb [SCB] PASS! Matched 0x2b
# UVM_INFO ../tb/uvm/uart_driver.sv(35) @ 7843815000: uvm_test_top.env.agnt.udrv [UART_DRV] Transmitting byte: 0x12
# UVM_INFO ../tb/uvm/uart_monitor.sv(37) @ 7843825000: uvm_test_top.env.agnt.umon [MON] Sampled TX: 12
# UVM_INFO ../tb/uvm/uart_scoreboard.sv(36) @ 7843825000: uvm_test_top.env.scb [SCB] Queue Push: 0x12
# UVM_INFO ../tb/uvm/uart_monitor.sv(56) @ 8008795000: uvm_test_top.env.agnt.umon [MON] Sampled RX: 0x12
# UVM_INFO ../tb/uvm/uart_scoreboard.sv(57) @ 8008795000: uvm_test_top.env.scb [SCB] PASS! Matched 0x12
# UVM_INFO ../tb/uvm/uart_driver.sv(35) @ 8017575000: uvm_test_top.env.agnt.udrv [UART_DRV] Transmitting byte: 0x43
# UVM_INFO ../tb/uvm/uart_monitor.sv(37) @ 8017585000: uvm_test_top.env.agnt.umon [MON] Sampled TX: 43
# UVM_INFO ../tb/uvm/uart_scoreboard.sv(36) @ 8017585000: uvm_test_top.env.scb [SCB] Queue Push: 0x43
# UVM_INFO ../tb/uvm/uart_monitor.sv(56) @ 8182555000: uvm_test_top.env.agnt.umon [MON] Sampled RX: 0x43
# UVM_INFO ../tb/uvm/uart_scoreboard.sv(57) @ 8182555000: uvm_test_top.env.scb [SCB] PASS! Matched 0x43
# UVM_INFO ../tb/uvm/uart_driver.sv(35) @ 8191195000: uvm_test_top.env.agnt.udrv [UART_DRV] Transmitting byte: 0x1a
# UVM_INFO ../tb/uvm/uart_monitor.sv(37) @ 8191205000: uvm_test_top.env.agnt.umon [MON] Sampled TX: 1a
# UVM_INFO ../tb/uvm/uart_scoreboard.sv(36) @ 8191205000: uvm_test_top.env.scb [SCB] Queue Push: 0x1a
# UVM_INFO ../tb/uvm/uart_monitor.sv(56) @ 8356175000: uvm_test_top.env.agnt.umon [MON] Sampled RX: 0x1a
# UVM_INFO ../tb/uvm/uart_scoreboard.sv(57) @ 8356175000: uvm_test_top.env.scb [SCB] PASS! Matched 0x1a
# UVM_INFO ../tb/uvm/uart_driver.sv(35) @ 8364815000: uvm_test_top.env.agnt.udrv [UART_DRV] Transmitting byte: 0x3c
# UVM_INFO ../tb/uvm/uart_monitor.sv(37) @ 8364825000: uvm_test_top.env.agnt.umon [MON] Sampled TX: 3c
# UVM_INFO ../tb/uvm/uart_scoreboard.sv(36) @ 8364825000: uvm_test_top.env.scb [SCB] Queue Push: 0x3c
# UVM_INFO ../tb/uvm/uart_monitor.sv(56) @ 8529795000: uvm_test_top.env.agnt.umon [MON] Sampled RX: 0x3c
# UVM_INFO ../tb/uvm/uart_scoreboard.sv(57) @ 8529795000: uvm_test_top.env.scb [SCB] PASS! Matched 0x3c
# UVM_INFO ../tb/uvm/uart_driver.sv(35) @ 8538435000: uvm_test_top.env.agnt.udrv [UART_DRV] Transmitting byte: 0x98
# UVM_INFO ../tb/uvm/uart_monitor.sv(37) @ 8538445000: uvm_test_top.env.agnt.umon [MON] Sampled TX: 98
# UVM_INFO ../tb/uvm/uart_scoreboard.sv(36) @ 8538445000: uvm_test_top.env.scb [SCB] Queue Push: 0x98
# UVM_INFO ../tb/uvm/uart_monitor.sv(56) @ 8703415000: uvm_test_top.env.agnt.umon [MON] Sampled RX: 0x98
# UVM_INFO ../tb/uvm/uart_scoreboard.sv(57) @ 8703415000: uvm_test_top.env.scb [SCB] PASS! Matched 0x98
# UVM_INFO ../tb/uvm/uart_driver.sv(35) @ 8712055000: uvm_test_top.env.agnt.udrv [UART_DRV] Transmitting byte: 0xc3
# UVM_INFO ../tb/uvm/uart_monitor.sv(37) @ 8712065000: uvm_test_top.env.agnt.umon [MON] Sampled TX: c3
# UVM_INFO ../tb/uvm/uart_scoreboard.sv(36) @ 8712065000: uvm_test_top.env.scb [SCB] Queue Push: 0xc3
# UVM_INFO ../tb/uvm/uart_monitor.sv(56) @ 8877035000: uvm_test_top.env.agnt.umon [MON] Sampled RX: 0xc3
# UVM_INFO ../tb/uvm/uart_scoreboard.sv(57) @ 8877035000: uvm_test_top.env.scb [SCB] PASS! Matched 0xc3
# UVM_INFO ../tb/uvm/uart_driver.sv(35) @ 8885765000: uvm_test_top.env.agnt.udrv [UART_DRV] Transmitting byte: 0x24
# UVM_INFO ../tb/uvm/uart_monitor.sv(37) @ 8885775000: uvm_test_top.env.agnt.umon [MON] Sampled TX: 24
# UVM_INFO ../tb/uvm/uart_scoreboard.sv(36) @ 8885775000: uvm_test_top.env.scb [SCB] Queue Push: 0x24
# UVM_INFO ../tb/uvm/uart_monitor.sv(56) @ 9050745000: uvm_test_top.env.agnt.umon [MON] Sampled RX: 0x24
# UVM_INFO ../tb/uvm/uart_scoreboard.sv(57) @ 9050745000: uvm_test_top.env.scb [SCB] PASS! Matched 0x24
# UVM_INFO ../tb/uvm/uart_driver.sv(35) @ 9059385000: uvm_test_top.env.agnt.udrv [UART_DRV] Transmitting byte: 0xd2
# UVM_INFO ../tb/uvm/uart_monitor.sv(37) @ 9059395000: uvm_test_top.env.agnt.umon [MON] Sampled TX: d2
# UVM_INFO ../tb/uvm/uart_scoreboard.sv(36) @ 9059395000: uvm_test_top.env.scb [SCB] Queue Push: 0xd2
# UVM_INFO ../tb/uvm/uart_monitor.sv(56) @ 9224365000: uvm_test_top.env.agnt.umon [MON] Sampled RX: 0xd2
# UVM_INFO ../tb/uvm/uart_scoreboard.sv(57) @ 9224365000: uvm_test_top.env.scb [SCB] PASS! Matched 0xd2
# UVM_INFO ../tb/uvm/uart_driver.sv(35) @ 9233005000: uvm_test_top.env.agnt.udrv [UART_DRV] Transmitting byte: 0x50
# UVM_INFO ../tb/uvm/uart_monitor.sv(37) @ 9233015000: uvm_test_top.env.agnt.umon [MON] Sampled TX: 50
# UVM_INFO ../tb/uvm/uart_scoreboard.sv(36) @ 9233015000: uvm_test_top.env.scb [SCB] Queue Push: 0x50
# UVM_INFO ../tb/uvm/uart_monitor.sv(56) @ 9397985000: uvm_test_top.env.agnt.umon [MON] Sampled RX: 0x50
# UVM_INFO ../tb/uvm/uart_scoreboard.sv(57) @ 9397985000: uvm_test_top.env.scb [SCB] PASS! Matched 0x50
# UVM_INFO ../tb/uvm/uart_driver.sv(35) @ 9406625000: uvm_test_top.env.agnt.udrv [UART_DRV] Transmitting byte: 0xd4
# UVM_INFO ../tb/uvm/uart_monitor.sv(37) @ 9406635000: uvm_test_top.env.agnt.umon [MON] Sampled TX: d4
# UVM_INFO ../tb/uvm/uart_scoreboard.sv(36) @ 9406635000: uvm_test_top.env.scb [SCB] Queue Push: 0xd4
# UVM_INFO ../tb/uvm/uart_monitor.sv(56) @ 9571605000: uvm_test_top.env.agnt.umon [MON] Sampled RX: 0xd4
# UVM_INFO ../tb/uvm/uart_scoreboard.sv(57) @ 9571605000: uvm_test_top.env.scb [SCB] PASS! Matched 0xd4
# UVM_INFO ../tb/uvm/uart_driver.sv(35) @ 9580435000: uvm_test_top.env.agnt.udrv [UART_DRV] Transmitting byte: 0x2f
# UVM_INFO ../tb/uvm/uart_monitor.sv(37) @ 9580445000: uvm_test_top.env.agnt.umon [MON] Sampled TX: 2f
# UVM_INFO ../tb/uvm/uart_scoreboard.sv(36) @ 9580445000: uvm_test_top.env.scb [SCB] Queue Push: 0x2f
# UVM_INFO ../tb/uvm/uart_monitor.sv(56) @ 9745415000: uvm_test_top.env.agnt.umon [MON] Sampled RX: 0x2f
# UVM_INFO ../tb/uvm/uart_scoreboard.sv(57) @ 9745415000: uvm_test_top.env.scb [SCB] PASS! Matched 0x2f
# UVM_INFO ../tb/uvm/uart_driver.sv(35) @ 9754055000: uvm_test_top.env.agnt.udrv [UART_DRV] Transmitting byte: 0xd3
# UVM_INFO ../tb/uvm/uart_monitor.sv(37) @ 9754065000: uvm_test_top.env.agnt.umon [MON] Sampled TX: d3
# UVM_INFO ../tb/uvm/uart_scoreboard.sv(36) @ 9754065000: uvm_test_top.env.scb [SCB] Queue Push: 0xd3
# UVM_INFO ../tb/uvm/uart_monitor.sv(56) @ 9919035000: uvm_test_top.env.agnt.umon [MON] Sampled RX: 0xd3
# UVM_INFO ../tb/uvm/uart_scoreboard.sv(57) @ 9919035000: uvm_test_top.env.scb [SCB] PASS! Matched 0xd3
# UVM_INFO ../tb/uvm/uart_driver.sv(35) @ 9927675000: uvm_test_top.env.agnt.udrv [UART_DRV] Transmitting byte: 0xf
# UVM_INFO ../tb/uvm/uart_monitor.sv(37) @ 9927685000: uvm_test_top.env.agnt.umon [MON] Sampled TX: f
# UVM_INFO ../tb/uvm/uart_scoreboard.sv(36) @ 9927685000: uvm_test_top.env.scb [SCB] Queue Push: 0xf
# UVM_INFO ../tb/uvm/uart_monitor.sv(56) @ 10092655000: uvm_test_top.env.agnt.umon [MON] Sampled RX: 0xf
# UVM_INFO ../tb/uvm/uart_scoreboard.sv(57) @ 10092655000: uvm_test_top.env.scb [SCB] PASS! Matched 0xf
# UVM_INFO ../tb/uvm/uart_driver.sv(35) @ 10101435000: uvm_test_top.env.agnt.udrv [UART_DRV] Transmitting byte: 0x58
# UVM_INFO ../tb/uvm/uart_monitor.sv(37) @ 10101445000: uvm_test_top.env.agnt.umon [MON] Sampled TX: 58
# UVM_INFO ../tb/uvm/uart_scoreboard.sv(36) @ 10101445000: uvm_test_top.env.scb [SCB] Queue Push: 0x58
# UVM_INFO ../tb/uvm/uart_monitor.sv(56) @ 10266415000: uvm_test_top.env.agnt.umon [MON] Sampled RX: 0x58
# UVM_INFO ../tb/uvm/uart_scoreboard.sv(57) @ 10266415000: uvm_test_top.env.scb [SCB] PASS! Matched 0x58
# UVM_INFO ../tb/uvm/uart_driver.sv(35) @ 10275055000: uvm_test_top.env.agnt.udrv [UART_DRV] Transmitting byte: 0x4c
# UVM_INFO ../tb/uvm/uart_monitor.sv(37) @ 10275065000: uvm_test_top.env.agnt.umon [MON] Sampled TX: 4c
# UVM_INFO ../tb/uvm/uart_scoreboard.sv(36) @ 10275065000: uvm_test_top.env.scb [SCB] Queue Push: 0x4c
# UVM_INFO ../tb/uvm/uart_monitor.sv(56) @ 10440035000: uvm_test_top.env.agnt.umon [MON] Sampled RX: 0x4c
# UVM_INFO ../tb/uvm/uart_scoreboard.sv(57) @ 10440035000: uvm_test_top.env.scb [SCB] PASS! Matched 0x4c
# UVM_INFO ../tb/uvm/uart_test.sv(28) @ 10448845000: uvm_test_top [TEST] Sequence Finished.
# UVM_INFO verilog_src/uvm-1.1d/src/base/uvm_objection.svh(1267) @ 10450845000: reporter [TEST_DONE] 'run' phase is ready to proceed to the 'extract' phase
# 
# --- UVM Report Summary ---
# 
# ** Report counts by severity
# UVM_INFO :  306
# UVM_WARNING :    0
# UVM_ERROR :    0
# UVM_FATAL :    0
# ** Report counts by id
# [MON]   120
# [Questa UVM]     2
# [RNTST]     1
# [SCB]   120
# [TEST]     2
# [TEST_DONE]     1
# [UART_DRV]    60
# ** Note: $finish    
#    Time: 10450845 ns  Iteration: 54  Instance: /tb_top
1
