# vsim -voptargs="+acc" -c -do "run -all; exit" work.tb_top -l log_9600.log -GCLKS_PER_BIT=10417 
# Start time: 17:23:46 on Feb 14,2026
# ** Note: (vsim-3812) Design is being optimized...
# ** Warning: (vopt-10587) Some optimizations are turned off because the +acc switch is in effect. This will cause your simulation to run slowly. Please use -access/-debug to maintain needed visibility.
# ** Note: (vopt-143) Recognized 1 FSM in module "uart_rx(fast)".
# ** Note: (vopt-143) Recognized 1 FSM in module "uart_tx(fast)".
# ** Note: (vsim-12126) Error and warning message counts have been restored: Errors=0, Warnings=1.
# //  Questa Intel Starter FPGA Edition-64
# //  Version 2023.3 linux_x86_64 Jul 17 2023
# //
# //  Copyright 1991-2023 Mentor Graphics Corporation
# //  All Rights Reserved.
# //
# //  QuestaSim and its associated documentation contain trade
# //  secrets and commercial or financial information that are the property of
# //  Mentor Graphics Corporation and are privileged, confidential,
# //  and exempt from disclosure under the Freedom of Information Act,
# //  5 U.S.C. Section 552. Furthermore, this information
# //  is prohibited from disclosure under the Trade Secrets Act,
# //  18 U.S.C. Section 1905.
# //
# Loading sv_std.std
# Loading work.uart_if(fast)
# Loading mtiUvm.uvm_pkg(fast)
# Loading work.uart_pkg(fast)
# Loading mtiUvm.questa_uvm_pkg(fast)
# Loading work.tb_top(fast)
# Loading work.uart_if(fast__2)
# Loading work.uart_top(fast)
# Loading work.uart_tx(fast)
# Loading work.uart_rx(fast)
# run -all
# ----------------------------------------------------------------
# UVM-1.1d
# (C) 2007-2013 Mentor Graphics Corporation
# (C) 2007-2013 Cadence Design Systems, Inc.
# (C) 2006-2013 Synopsys, Inc.
# (C) 2011-2013 Cypress Semiconductor Corp.
# ----------------------------------------------------------------
# 
#   ***********       IMPORTANT RELEASE NOTES         ************
# 
#   You are using a version of the UVM library that has been compiled
#   with `UVM_NO_DEPRECATED undefined.
#   See http://www.eda.org/svdb/view.php?id=3313 for more details.
# 
#   You are using a version of the UVM library that has been compiled
#   with `UVM_OBJECT_MUST_HAVE_CONSTRUCTOR undefined.
#   See http://www.eda.org/svdb/view.php?id=3770 for more details.
# 
#       (Specify +UVM_NO_RELNOTES to turn off this notice)
# 
# UVM_INFO verilog_src/questa_uvm_pkg-1.2/src/questa_uvm_pkg.sv(277) @ 0: reporter [Questa UVM] QUESTA_UVM-1.2.3
# UVM_INFO verilog_src/questa_uvm_pkg-1.2/src/questa_uvm_pkg.sv(278) @ 0: reporter [Questa UVM]  questa_uvm::init(+struct)
# ------------------------------------------------
# TB_TOP: Running with CLKS_PER_BIT = 10417
# ------------------------------------------------
# UVM_INFO @ 0: reporter [RNTST] Running test uart_test...
# UVM_INFO ../tb/uvm/uart_test.sv(24) @ 0: uvm_test_top [TEST] Starting Sequence...
# UVM_INFO ../tb/uvm/uart_driver.sv(35) @ 105000: uvm_test_top.env.agnt.udrv [UART_DRV] Transmitting byte: 0x0
# UVM_INFO ../tb/uvm/uart_monitor.sv(37) @ 115000: uvm_test_top.env.agnt.umon [MON] Sampled TX: 0
# UVM_INFO ../tb/uvm/uart_scoreboard.sv(36) @ 115000: uvm_test_top.env.scb [SCB] Queue Push: 0x0
# UVM_INFO ../tb/uvm/uart_monitor.sv(56) @ 989785000: uvm_test_top.env.agnt.umon [MON] Sampled RX: 0x0
# UVM_INFO ../tb/uvm/uart_scoreboard.sv(57) @ 989785000: uvm_test_top.env.scb [SCB] PASS! Matched 0x0
# UVM_INFO ../tb/uvm/uart_driver.sv(35) @ 1041825000: uvm_test_top.env.agnt.udrv [UART_DRV] Transmitting byte: 0x0
# UVM_INFO ../tb/uvm/uart_monitor.sv(37) @ 1041835000: uvm_test_top.env.agnt.umon [MON] Sampled TX: 0
# UVM_INFO ../tb/uvm/uart_scoreboard.sv(36) @ 1041835000: uvm_test_top.env.scb [SCB] Queue Push: 0x0
# UVM_INFO ../tb/uvm/uart_monitor.sv(56) @ 2031505000: uvm_test_top.env.agnt.umon [MON] Sampled RX: 0x0
# UVM_INFO ../tb/uvm/uart_scoreboard.sv(57) @ 2031505000: uvm_test_top.env.scb [SCB] PASS! Matched 0x0
# UVM_INFO ../tb/uvm/uart_driver.sv(35) @ 2083545000: uvm_test_top.env.agnt.udrv [UART_DRV] Transmitting byte: 0x0
# UVM_INFO ../tb/uvm/uart_monitor.sv(37) @ 2083555000: uvm_test_top.env.agnt.umon [MON] Sampled TX: 0
# UVM_INFO ../tb/uvm/uart_scoreboard.sv(36) @ 2083555000: uvm_test_top.env.scb [SCB] Queue Push: 0x0
# UVM_INFO ../tb/uvm/uart_monitor.sv(56) @ 3073225000: uvm_test_top.env.agnt.umon [MON] Sampled RX: 0x0
# UVM_INFO ../tb/uvm/uart_scoreboard.sv(57) @ 3073225000: uvm_test_top.env.scb [SCB] PASS! Matched 0x0
# UVM_INFO ../tb/uvm/uart_driver.sv(35) @ 3125265000: uvm_test_top.env.agnt.udrv [UART_DRV] Transmitting byte: 0x0
# UVM_INFO ../tb/uvm/uart_monitor.sv(37) @ 3125275000: uvm_test_top.env.agnt.umon [MON] Sampled TX: 0
# UVM_INFO ../tb/uvm/uart_scoreboard.sv(36) @ 3125275000: uvm_test_top.env.scb [SCB] Queue Push: 0x0
# UVM_INFO ../tb/uvm/uart_monitor.sv(56) @ 4114945000: uvm_test_top.env.agnt.umon [MON] Sampled RX: 0x0
# UVM_INFO ../tb/uvm/uart_scoreboard.sv(57) @ 4114945000: uvm_test_top.env.scb [SCB] PASS! Matched 0x0
# UVM_INFO ../tb/uvm/uart_driver.sv(35) @ 4166985000: uvm_test_top.env.agnt.udrv [UART_DRV] Transmitting byte: 0x0
# UVM_INFO ../tb/uvm/uart_monitor.sv(37) @ 4166995000: uvm_test_top.env.agnt.umon [MON] Sampled TX: 0
# UVM_INFO ../tb/uvm/uart_scoreboard.sv(36) @ 4166995000: uvm_test_top.env.scb [SCB] Queue Push: 0x0
# UVM_INFO ../tb/uvm/uart_monitor.sv(56) @ 5156665000: uvm_test_top.env.agnt.umon [MON] Sampled RX: 0x0
# UVM_INFO ../tb/uvm/uart_scoreboard.sv(57) @ 5156665000: uvm_test_top.env.scb [SCB] PASS! Matched 0x0
# UVM_INFO ../tb/uvm/uart_driver.sv(35) @ 5208705000: uvm_test_top.env.agnt.udrv [UART_DRV] Transmitting byte: 0xff
# UVM_INFO ../tb/uvm/uart_monitor.sv(37) @ 5208715000: uvm_test_top.env.agnt.umon [MON] Sampled TX: ff
# UVM_INFO ../tb/uvm/uart_scoreboard.sv(36) @ 5208715000: uvm_test_top.env.scb [SCB] Queue Push: 0xff
# UVM_INFO ../tb/uvm/uart_monitor.sv(56) @ 6198385000: uvm_test_top.env.agnt.umon [MON] Sampled RX: 0xff
# UVM_INFO ../tb/uvm/uart_scoreboard.sv(57) @ 6198385000: uvm_test_top.env.scb [SCB] PASS! Matched 0xff
# UVM_INFO ../tb/uvm/uart_driver.sv(35) @ 6250485000: uvm_test_top.env.agnt.udrv [UART_DRV] Transmitting byte: 0xff
# UVM_INFO ../tb/uvm/uart_monitor.sv(37) @ 6250495000: uvm_test_top.env.agnt.umon [MON] Sampled TX: ff
# UVM_INFO ../tb/uvm/uart_scoreboard.sv(36) @ 6250495000: uvm_test_top.env.scb [SCB] Queue Push: 0xff
# UVM_INFO ../tb/uvm/uart_monitor.sv(56) @ 7240165000: uvm_test_top.env.agnt.umon [MON] Sampled RX: 0xff
# UVM_INFO ../tb/uvm/uart_scoreboard.sv(57) @ 7240165000: uvm_test_top.env.scb [SCB] PASS! Matched 0xff
# UVM_INFO ../tb/uvm/uart_driver.sv(35) @ 7292355000: uvm_test_top.env.agnt.udrv [UART_DRV] Transmitting byte: 0xff
# UVM_INFO ../tb/uvm/uart_monitor.sv(37) @ 7292365000: uvm_test_top.env.agnt.umon [MON] Sampled TX: ff
# UVM_INFO ../tb/uvm/uart_scoreboard.sv(36) @ 7292365000: uvm_test_top.env.scb [SCB] Queue Push: 0xff
# UVM_INFO ../tb/uvm/uart_monitor.sv(56) @ 8282035000: uvm_test_top.env.agnt.umon [MON] Sampled RX: 0xff
# UVM_INFO ../tb/uvm/uart_scoreboard.sv(57) @ 8282035000: uvm_test_top.env.scb [SCB] PASS! Matched 0xff
# UVM_INFO ../tb/uvm/uart_driver.sv(35) @ 8334145000: uvm_test_top.env.agnt.udrv [UART_DRV] Transmitting byte: 0xff
# UVM_INFO ../tb/uvm/uart_monitor.sv(37) @ 8334155000: uvm_test_top.env.agnt.umon [MON] Sampled TX: ff
# UVM_INFO ../tb/uvm/uart_scoreboard.sv(36) @ 8334155000: uvm_test_top.env.scb [SCB] Queue Push: 0xff
# UVM_INFO ../tb/uvm/uart_monitor.sv(56) @ 9323825000: uvm_test_top.env.agnt.umon [MON] Sampled RX: 0xff
# UVM_INFO ../tb/uvm/uart_scoreboard.sv(57) @ 9323825000: uvm_test_top.env.scb [SCB] PASS! Matched 0xff
# UVM_INFO ../tb/uvm/uart_driver.sv(35) @ 9375955000: uvm_test_top.env.agnt.udrv [UART_DRV] Transmitting byte: 0xff
# UVM_INFO ../tb/uvm/uart_monitor.sv(37) @ 9375965000: uvm_test_top.env.agnt.umon [MON] Sampled TX: ff
# UVM_INFO ../tb/uvm/uart_scoreboard.sv(36) @ 9375965000: uvm_test_top.env.scb [SCB] Queue Push: 0xff
# UVM_INFO ../tb/uvm/uart_monitor.sv(56) @ 10365635000: uvm_test_top.env.agnt.umon [MON] Sampled RX: 0xff
# UVM_INFO ../tb/uvm/uart_scoreboard.sv(57) @ 10365635000: uvm_test_top.env.scb [SCB] PASS! Matched 0xff
# UVM_INFO ../tb/uvm/uart_driver.sv(35) @ 10417715000: uvm_test_top.env.agnt.udrv [UART_DRV] Transmitting byte: 0x3f
# UVM_INFO ../tb/uvm/uart_monitor.sv(37) @ 10417725000: uvm_test_top.env.agnt.umon [MON] Sampled TX: 3f
# UVM_INFO ../tb/uvm/uart_scoreboard.sv(36) @ 10417725000: uvm_test_top.env.scb [SCB] Queue Push: 0x3f
# UVM_INFO ../tb/uvm/uart_monitor.sv(56) @ 11407395000: uvm_test_top.env.agnt.umon [MON] Sampled RX: 0x3f
# UVM_INFO ../tb/uvm/uart_scoreboard.sv(57) @ 11407395000: uvm_test_top.env.scb [SCB] PASS! Matched 0x3f
# UVM_INFO ../tb/uvm/uart_driver.sv(35) @ 11459435000: uvm_test_top.env.agnt.udrv [UART_DRV] Transmitting byte: 0xf5
# UVM_INFO ../tb/uvm/uart_monitor.sv(37) @ 11459445000: uvm_test_top.env.agnt.umon [MON] Sampled TX: f5
# UVM_INFO ../tb/uvm/uart_scoreboard.sv(36) @ 11459445000: uvm_test_top.env.scb [SCB] Queue Push: 0xf5
# UVM_INFO ../tb/uvm/uart_monitor.sv(56) @ 12449115000: uvm_test_top.env.agnt.umon [MON] Sampled RX: 0xf5
# UVM_INFO ../tb/uvm/uart_scoreboard.sv(57) @ 12449115000: uvm_test_top.env.scb [SCB] PASS! Matched 0xf5
# UVM_INFO ../tb/uvm/uart_driver.sv(35) @ 12501155000: uvm_test_top.env.agnt.udrv [UART_DRV] Transmitting byte: 0x5f
# UVM_INFO ../tb/uvm/uart_monitor.sv(37) @ 12501165000: uvm_test_top.env.agnt.umon [MON] Sampled TX: 5f
# UVM_INFO ../tb/uvm/uart_scoreboard.sv(36) @ 12501165000: uvm_test_top.env.scb [SCB] Queue Push: 0x5f
# UVM_INFO ../tb/uvm/uart_monitor.sv(56) @ 13490835000: uvm_test_top.env.agnt.umon [MON] Sampled RX: 0x5f
# UVM_INFO ../tb/uvm/uart_scoreboard.sv(57) @ 13490835000: uvm_test_top.env.scb [SCB] PASS! Matched 0x5f
# UVM_INFO ../tb/uvm/uart_driver.sv(35) @ 13542885000: uvm_test_top.env.agnt.udrv [UART_DRV] Transmitting byte: 0x45
# UVM_INFO ../tb/uvm/uart_monitor.sv(37) @ 13542895000: uvm_test_top.env.agnt.umon [MON] Sampled TX: 45
# UVM_INFO ../tb/uvm/uart_scoreboard.sv(36) @ 13542895000: uvm_test_top.env.scb [SCB] Queue Push: 0x45
# UVM_INFO ../tb/uvm/uart_monitor.sv(56) @ 14532565000: uvm_test_top.env.agnt.umon [MON] Sampled RX: 0x45
# UVM_INFO ../tb/uvm/uart_scoreboard.sv(57) @ 14532565000: uvm_test_top.env.scb [SCB] PASS! Matched 0x45
# UVM_INFO ../tb/uvm/uart_driver.sv(35) @ 14584605000: uvm_test_top.env.agnt.udrv [UART_DRV] Transmitting byte: 0xcd
# UVM_INFO ../tb/uvm/uart_monitor.sv(37) @ 14584615000: uvm_test_top.env.agnt.umon [MON] Sampled TX: cd
# UVM_INFO ../tb/uvm/uart_scoreboard.sv(36) @ 14584615000: uvm_test_top.env.scb [SCB] Queue Push: 0xcd
# UVM_INFO ../tb/uvm/uart_monitor.sv(56) @ 15574285000: uvm_test_top.env.agnt.umon [MON] Sampled RX: 0xcd
# UVM_INFO ../tb/uvm/uart_scoreboard.sv(57) @ 15574285000: uvm_test_top.env.scb [SCB] PASS! Matched 0xcd
# UVM_INFO ../tb/uvm/uart_driver.sv(35) @ 15626325000: uvm_test_top.env.agnt.udrv [UART_DRV] Transmitting byte: 0x2d
# UVM_INFO ../tb/uvm/uart_monitor.sv(37) @ 15626335000: uvm_test_top.env.agnt.umon [MON] Sampled TX: 2d
# UVM_INFO ../tb/uvm/uart_scoreboard.sv(36) @ 15626335000: uvm_test_top.env.scb [SCB] Queue Push: 0x2d
# UVM_INFO ../tb/uvm/uart_monitor.sv(56) @ 16616005000: uvm_test_top.env.agnt.umon [MON] Sampled RX: 0x2d
# UVM_INFO ../tb/uvm/uart_scoreboard.sv(57) @ 16616005000: uvm_test_top.env.scb [SCB] PASS! Matched 0x2d
# UVM_INFO ../tb/uvm/uart_driver.sv(35) @ 16668045000: uvm_test_top.env.agnt.udrv [UART_DRV] Transmitting byte: 0xe4
# UVM_INFO ../tb/uvm/uart_monitor.sv(37) @ 16668055000: uvm_test_top.env.agnt.umon [MON] Sampled TX: e4
# UVM_INFO ../tb/uvm/uart_scoreboard.sv(36) @ 16668055000: uvm_test_top.env.scb [SCB] Queue Push: 0xe4
# UVM_INFO ../tb/uvm/uart_monitor.sv(56) @ 17657725000: uvm_test_top.env.agnt.umon [MON] Sampled RX: 0xe4
# UVM_INFO ../tb/uvm/uart_scoreboard.sv(57) @ 17657725000: uvm_test_top.env.scb [SCB] PASS! Matched 0xe4
# UVM_INFO ../tb/uvm/uart_driver.sv(35) @ 17709765000: uvm_test_top.env.agnt.udrv [UART_DRV] Transmitting byte: 0x5c
# UVM_INFO ../tb/uvm/uart_monitor.sv(37) @ 17709775000: uvm_test_top.env.agnt.umon [MON] Sampled TX: 5c
# UVM_INFO ../tb/uvm/uart_scoreboard.sv(36) @ 17709775000: uvm_test_top.env.scb [SCB] Queue Push: 0x5c
# UVM_INFO ../tb/uvm/uart_monitor.sv(56) @ 18699445000: uvm_test_top.env.agnt.umon [MON] Sampled RX: 0x5c
# UVM_INFO ../tb/uvm/uart_scoreboard.sv(57) @ 18699445000: uvm_test_top.env.scb [SCB] PASS! Matched 0x5c
# UVM_INFO ../tb/uvm/uart_driver.sv(35) @ 18751545000: uvm_test_top.env.agnt.udrv [UART_DRV] Transmitting byte: 0xc0
# UVM_INFO ../tb/uvm/uart_monitor.sv(37) @ 18751555000: uvm_test_top.env.agnt.umon [MON] Sampled TX: c0
# UVM_INFO ../tb/uvm/uart_scoreboard.sv(36) @ 18751555000: uvm_test_top.env.scb [SCB] Queue Push: 0xc0
# UVM_INFO ../tb/uvm/uart_monitor.sv(56) @ 19741225000: uvm_test_top.env.agnt.umon [MON] Sampled RX: 0xc0
# UVM_INFO ../tb/uvm/uart_scoreboard.sv(57) @ 19741225000: uvm_test_top.env.scb [SCB] PASS! Matched 0xc0
# UVM_INFO ../tb/uvm/uart_driver.sv(35) @ 19793265000: uvm_test_top.env.agnt.udrv [UART_DRV] Transmitting byte: 0x3a
# UVM_INFO ../tb/uvm/uart_monitor.sv(37) @ 19793275000: uvm_test_top.env.agnt.umon [MON] Sampled TX: 3a
# UVM_INFO ../tb/uvm/uart_scoreboard.sv(36) @ 19793275000: uvm_test_top.env.scb [SCB] Queue Push: 0x3a
# UVM_INFO ../tb/uvm/uart_monitor.sv(56) @ 20782945000: uvm_test_top.env.agnt.umon [MON] Sampled RX: 0x3a
# UVM_INFO ../tb/uvm/uart_scoreboard.sv(57) @ 20782945000: uvm_test_top.env.scb [SCB] PASS! Matched 0x3a
# UVM_INFO ../tb/uvm/uart_driver.sv(35) @ 20834985000: uvm_test_top.env.agnt.udrv [UART_DRV] Transmitting byte: 0x24
# UVM_INFO ../tb/uvm/uart_monitor.sv(37) @ 20834995000: uvm_test_top.env.agnt.umon [MON] Sampled TX: 24
# UVM_INFO ../tb/uvm/uart_scoreboard.sv(36) @ 20834995000: uvm_test_top.env.scb [SCB] Queue Push: 0x24
# UVM_INFO ../tb/uvm/uart_monitor.sv(56) @ 21824665000: uvm_test_top.env.agnt.umon [MON] Sampled RX: 0x24
# UVM_INFO ../tb/uvm/uart_scoreboard.sv(57) @ 21824665000: uvm_test_top.env.scb [SCB] PASS! Matched 0x24
# UVM_INFO ../tb/uvm/uart_driver.sv(35) @ 21876705000: uvm_test_top.env.agnt.udrv [UART_DRV] Transmitting byte: 0xce
# UVM_INFO ../tb/uvm/uart_monitor.sv(37) @ 21876715000: uvm_test_top.env.agnt.umon [MON] Sampled TX: ce
# UVM_INFO ../tb/uvm/uart_scoreboard.sv(36) @ 21876715000: uvm_test_top.env.scb [SCB] Queue Push: 0xce
# UVM_INFO ../tb/uvm/uart_monitor.sv(56) @ 22866385000: uvm_test_top.env.agnt.umon [MON] Sampled RX: 0xce
# UVM_INFO ../tb/uvm/uart_scoreboard.sv(57) @ 22866385000: uvm_test_top.env.scb [SCB] PASS! Matched 0xce
# UVM_INFO ../tb/uvm/uart_driver.sv(35) @ 22928425000: uvm_test_top.env.agnt.udrv [UART_DRV] Transmitting byte: 0x98
# UVM_INFO ../tb/uvm/uart_monitor.sv(37) @ 22928435000: uvm_test_top.env.agnt.umon [MON] Sampled TX: 98
# UVM_INFO ../tb/uvm/uart_scoreboard.sv(36) @ 22928435000: uvm_test_top.env.scb [SCB] Queue Push: 0x98
# UVM_INFO ../tb/uvm/uart_monitor.sv(56) @ 23918105000: uvm_test_top.env.agnt.umon [MON] Sampled RX: 0x98
# UVM_INFO ../tb/uvm/uart_scoreboard.sv(57) @ 23918105000: uvm_test_top.env.scb [SCB] PASS! Matched 0x98
# UVM_INFO ../tb/uvm/uart_driver.sv(35) @ 23970145000: uvm_test_top.env.agnt.udrv [UART_DRV] Transmitting byte: 0xd1
# UVM_INFO ../tb/uvm/uart_monitor.sv(37) @ 23970155000: uvm_test_top.env.agnt.umon [MON] Sampled TX: d1
# UVM_INFO ../tb/uvm/uart_scoreboard.sv(36) @ 23970155000: uvm_test_top.env.scb [SCB] Queue Push: 0xd1
# UVM_INFO ../tb/uvm/uart_monitor.sv(56) @ 24959825000: uvm_test_top.env.agnt.umon [MON] Sampled RX: 0xd1
# UVM_INFO ../tb/uvm/uart_scoreboard.sv(57) @ 24959825000: uvm_test_top.env.scb [SCB] PASS! Matched 0xd1
# UVM_INFO ../tb/uvm/uart_driver.sv(35) @ 25011865000: uvm_test_top.env.agnt.udrv [UART_DRV] Transmitting byte: 0x79
# UVM_INFO ../tb/uvm/uart_monitor.sv(37) @ 25011875000: uvm_test_top.env.agnt.umon [MON] Sampled TX: 79
# UVM_INFO ../tb/uvm/uart_scoreboard.sv(36) @ 25011875000: uvm_test_top.env.scb [SCB] Queue Push: 0x79
# UVM_INFO ../tb/uvm/uart_monitor.sv(56) @ 26001545000: uvm_test_top.env.agnt.umon [MON] Sampled RX: 0x79
# UVM_INFO ../tb/uvm/uart_scoreboard.sv(57) @ 26001545000: uvm_test_top.env.scb [SCB] PASS! Matched 0x79
# UVM_INFO ../tb/uvm/uart_driver.sv(35) @ 26053585000: uvm_test_top.env.agnt.udrv [UART_DRV] Transmitting byte: 0x99
# UVM_INFO ../tb/uvm/uart_monitor.sv(37) @ 26053595000: uvm_test_top.env.agnt.umon [MON] Sampled TX: 99
# UVM_INFO ../tb/uvm/uart_scoreboard.sv(36) @ 26053595000: uvm_test_top.env.scb [SCB] Queue Push: 0x99
# UVM_INFO ../tb/uvm/uart_monitor.sv(56) @ 27043265000: uvm_test_top.env.agnt.umon [MON] Sampled RX: 0x99
# UVM_INFO ../tb/uvm/uart_scoreboard.sv(57) @ 27043265000: uvm_test_top.env.scb [SCB] PASS! Matched 0x99
# UVM_INFO ../tb/uvm/uart_driver.sv(35) @ 27095305000: uvm_test_top.env.agnt.udrv [UART_DRV] Transmitting byte: 0x81
# UVM_INFO ../tb/uvm/uart_monitor.sv(37) @ 27095315000: uvm_test_top.env.agnt.umon [MON] Sampled TX: 81
# UVM_INFO ../tb/uvm/uart_scoreboard.sv(36) @ 27095315000: uvm_test_top.env.scb [SCB] Queue Push: 0x81
# UVM_INFO ../tb/uvm/uart_monitor.sv(56) @ 28084985000: uvm_test_top.env.agnt.umon [MON] Sampled RX: 0x81
# UVM_INFO ../tb/uvm/uart_scoreboard.sv(57) @ 28084985000: uvm_test_top.env.scb [SCB] PASS! Matched 0x81
# UVM_INFO ../tb/uvm/uart_driver.sv(35) @ 28137105000: uvm_test_top.env.agnt.udrv [UART_DRV] Transmitting byte: 0x29
# UVM_INFO ../tb/uvm/uart_monitor.sv(37) @ 28137115000: uvm_test_top.env.agnt.umon [MON] Sampled TX: 29
# UVM_INFO ../tb/uvm/uart_scoreboard.sv(36) @ 28137115000: uvm_test_top.env.scb [SCB] Queue Push: 0x29
# UVM_INFO ../tb/uvm/uart_monitor.sv(56) @ 29126785000: uvm_test_top.env.agnt.umon [MON] Sampled RX: 0x29
# UVM_INFO ../tb/uvm/uart_scoreboard.sv(57) @ 29126785000: uvm_test_top.env.scb [SCB] PASS! Matched 0x29
# UVM_INFO ../tb/uvm/uart_driver.sv(35) @ 29178825000: uvm_test_top.env.agnt.udrv [UART_DRV] Transmitting byte: 0x8b
# UVM_INFO ../tb/uvm/uart_monitor.sv(37) @ 29178835000: uvm_test_top.env.agnt.umon [MON] Sampled TX: 8b
# UVM_INFO ../tb/uvm/uart_scoreboard.sv(36) @ 29178835000: uvm_test_top.env.scb [SCB] Queue Push: 0x8b
# UVM_INFO ../tb/uvm/uart_monitor.sv(56) @ 30168505000: uvm_test_top.env.agnt.umon [MON] Sampled RX: 0x8b
# UVM_INFO ../tb/uvm/uart_scoreboard.sv(57) @ 30168505000: uvm_test_top.env.scb [SCB] PASS! Matched 0x8b
# UVM_INFO ../tb/uvm/uart_driver.sv(35) @ 30220545000: uvm_test_top.env.agnt.udrv [UART_DRV] Transmitting byte: 0xa6
# UVM_INFO ../tb/uvm/uart_monitor.sv(37) @ 30220555000: uvm_test_top.env.agnt.umon [MON] Sampled TX: a6
# UVM_INFO ../tb/uvm/uart_scoreboard.sv(36) @ 30220555000: uvm_test_top.env.scb [SCB] Queue Push: 0xa6
# UVM_INFO ../tb/uvm/uart_monitor.sv(56) @ 31210225000: uvm_test_top.env.agnt.umon [MON] Sampled RX: 0xa6
# UVM_INFO ../tb/uvm/uart_scoreboard.sv(57) @ 31210225000: uvm_test_top.env.scb [SCB] PASS! Matched 0xa6
# UVM_INFO ../tb/uvm/uart_driver.sv(35) @ 31262265000: uvm_test_top.env.agnt.udrv [UART_DRV] Transmitting byte: 0x44
# UVM_INFO ../tb/uvm/uart_monitor.sv(37) @ 31262275000: uvm_test_top.env.agnt.umon [MON] Sampled TX: 44
# UVM_INFO ../tb/uvm/uart_scoreboard.sv(36) @ 31262275000: uvm_test_top.env.scb [SCB] Queue Push: 0x44
# UVM_INFO ../tb/uvm/uart_monitor.sv(56) @ 32251945000: uvm_test_top.env.agnt.umon [MON] Sampled RX: 0x44
# UVM_INFO ../tb/uvm/uart_scoreboard.sv(57) @ 32251945000: uvm_test_top.env.scb [SCB] PASS! Matched 0x44
# UVM_INFO ../tb/uvm/uart_driver.sv(35) @ 32313985000: uvm_test_top.env.agnt.udrv [UART_DRV] Transmitting byte: 0x5
# UVM_INFO ../tb/uvm/uart_monitor.sv(37) @ 32313995000: uvm_test_top.env.agnt.umon [MON] Sampled TX: 5
# UVM_INFO ../tb/uvm/uart_scoreboard.sv(36) @ 32313995000: uvm_test_top.env.scb [SCB] Queue Push: 0x5
# UVM_INFO ../tb/uvm/uart_monitor.sv(56) @ 33303665000: uvm_test_top.env.agnt.umon [MON] Sampled RX: 0x5
# UVM_INFO ../tb/uvm/uart_scoreboard.sv(57) @ 33303665000: uvm_test_top.env.scb [SCB] PASS! Matched 0x5
# UVM_INFO ../tb/uvm/uart_driver.sv(35) @ 33365705000: uvm_test_top.env.agnt.udrv [UART_DRV] Transmitting byte: 0xa2
# UVM_INFO ../tb/uvm/uart_monitor.sv(37) @ 33365715000: uvm_test_top.env.agnt.umon [MON] Sampled TX: a2
# UVM_INFO ../tb/uvm/uart_scoreboard.sv(36) @ 33365715000: uvm_test_top.env.scb [SCB] Queue Push: 0xa2
# UVM_INFO ../tb/uvm/uart_monitor.sv(56) @ 34355385000: uvm_test_top.env.agnt.umon [MON] Sampled RX: 0xa2
# UVM_INFO ../tb/uvm/uart_scoreboard.sv(57) @ 34355385000: uvm_test_top.env.scb [SCB] PASS! Matched 0xa2
# UVM_INFO ../tb/uvm/uart_driver.sv(35) @ 34407425000: uvm_test_top.env.agnt.udrv [UART_DRV] Transmitting byte: 0x24
# UVM_INFO ../tb/uvm/uart_monitor.sv(37) @ 34407435000: uvm_test_top.env.agnt.umon [MON] Sampled TX: 24
# UVM_INFO ../tb/uvm/uart_scoreboard.sv(36) @ 34407435000: uvm_test_top.env.scb [SCB] Queue Push: 0x24
# UVM_INFO ../tb/uvm/uart_monitor.sv(56) @ 35397105000: uvm_test_top.env.agnt.umon [MON] Sampled RX: 0x24
# UVM_INFO ../tb/uvm/uart_scoreboard.sv(57) @ 35397105000: uvm_test_top.env.scb [SCB] PASS! Matched 0x24
# UVM_INFO ../tb/uvm/uart_driver.sv(35) @ 35449145000: uvm_test_top.env.agnt.udrv [UART_DRV] Transmitting byte: 0xf0
# UVM_INFO ../tb/uvm/uart_monitor.sv(37) @ 35449155000: uvm_test_top.env.agnt.umon [MON] Sampled TX: f0
# UVM_INFO ../tb/uvm/uart_scoreboard.sv(36) @ 35449155000: uvm_test_top.env.scb [SCB] Queue Push: 0xf0
# UVM_INFO ../tb/uvm/uart_monitor.sv(56) @ 36438825000: uvm_test_top.env.agnt.umon [MON] Sampled RX: 0xf0
# UVM_INFO ../tb/uvm/uart_scoreboard.sv(57) @ 36438825000: uvm_test_top.env.scb [SCB] PASS! Matched 0xf0
# UVM_INFO ../tb/uvm/uart_driver.sv(35) @ 36490865000: uvm_test_top.env.agnt.udrv [UART_DRV] Transmitting byte: 0x7e
# UVM_INFO ../tb/uvm/uart_monitor.sv(37) @ 36490875000: uvm_test_top.env.agnt.umon [MON] Sampled TX: 7e
# UVM_INFO ../tb/uvm/uart_scoreboard.sv(36) @ 36490875000: uvm_test_top.env.scb [SCB] Queue Push: 0x7e
# UVM_INFO ../tb/uvm/uart_monitor.sv(56) @ 37480545000: uvm_test_top.env.agnt.umon [MON] Sampled RX: 0x7e
# UVM_INFO ../tb/uvm/uart_scoreboard.sv(57) @ 37480545000: uvm_test_top.env.scb [SCB] PASS! Matched 0x7e
# UVM_INFO ../tb/uvm/uart_driver.sv(35) @ 37532585000: uvm_test_top.env.agnt.udrv [UART_DRV] Transmitting byte: 0xff
# UVM_INFO ../tb/uvm/uart_monitor.sv(37) @ 37532595000: uvm_test_top.env.agnt.umon [MON] Sampled TX: ff
# UVM_INFO ../tb/uvm/uart_scoreboard.sv(36) @ 37532595000: uvm_test_top.env.scb [SCB] Queue Push: 0xff
# UVM_INFO ../tb/uvm/uart_monitor.sv(56) @ 38522265000: uvm_test_top.env.agnt.umon [MON] Sampled RX: 0xff
# UVM_INFO ../tb/uvm/uart_scoreboard.sv(57) @ 38522265000: uvm_test_top.env.scb [SCB] PASS! Matched 0xff
# UVM_INFO ../tb/uvm/uart_driver.sv(35) @ 38574305000: uvm_test_top.env.agnt.udrv [UART_DRV] Transmitting byte: 0x58
# UVM_INFO ../tb/uvm/uart_monitor.sv(37) @ 38574315000: uvm_test_top.env.agnt.umon [MON] Sampled TX: 58
# UVM_INFO ../tb/uvm/uart_scoreboard.sv(36) @ 38574315000: uvm_test_top.env.scb [SCB] Queue Push: 0x58
# UVM_INFO ../tb/uvm/uart_monitor.sv(56) @ 39563985000: uvm_test_top.env.agnt.umon [MON] Sampled RX: 0x58
# UVM_INFO ../tb/uvm/uart_scoreboard.sv(57) @ 39563985000: uvm_test_top.env.scb [SCB] PASS! Matched 0x58
# UVM_INFO ../tb/uvm/uart_driver.sv(35) @ 39616135000: uvm_test_top.env.agnt.udrv [UART_DRV] Transmitting byte: 0xef
# UVM_INFO ../tb/uvm/uart_monitor.sv(37) @ 39616145000: uvm_test_top.env.agnt.umon [MON] Sampled TX: ef
# UVM_INFO ../tb/uvm/uart_scoreboard.sv(36) @ 39616145000: uvm_test_top.env.scb [SCB] Queue Push: 0xef
# UVM_INFO ../tb/uvm/uart_monitor.sv(56) @ 40605815000: uvm_test_top.env.agnt.umon [MON] Sampled RX: 0xef
# UVM_INFO ../tb/uvm/uart_scoreboard.sv(57) @ 40605815000: uvm_test_top.env.scb [SCB] PASS! Matched 0xef
# UVM_INFO ../tb/uvm/uart_driver.sv(35) @ 40657855000: uvm_test_top.env.agnt.udrv [UART_DRV] Transmitting byte: 0x96
# UVM_INFO ../tb/uvm/uart_monitor.sv(37) @ 40657865000: uvm_test_top.env.agnt.umon [MON] Sampled TX: 96
# UVM_INFO ../tb/uvm/uart_scoreboard.sv(36) @ 40657865000: uvm_test_top.env.scb [SCB] Queue Push: 0x96
# UVM_INFO ../tb/uvm/uart_monitor.sv(56) @ 41647535000: uvm_test_top.env.agnt.umon [MON] Sampled RX: 0x96
# UVM_INFO ../tb/uvm/uart_scoreboard.sv(57) @ 41647535000: uvm_test_top.env.scb [SCB] PASS! Matched 0x96
# UVM_INFO ../tb/uvm/uart_driver.sv(35) @ 41699575000: uvm_test_top.env.agnt.udrv [UART_DRV] Transmitting byte: 0x62
# UVM_INFO ../tb/uvm/uart_monitor.sv(37) @ 41699585000: uvm_test_top.env.agnt.umon [MON] Sampled TX: 62
# UVM_INFO ../tb/uvm/uart_scoreboard.sv(36) @ 41699585000: uvm_test_top.env.scb [SCB] Queue Push: 0x62
# UVM_INFO ../tb/uvm/uart_monitor.sv(56) @ 42689255000: uvm_test_top.env.agnt.umon [MON] Sampled RX: 0x62
# UVM_INFO ../tb/uvm/uart_scoreboard.sv(57) @ 42689255000: uvm_test_top.env.scb [SCB] PASS! Matched 0x62
# UVM_INFO ../tb/uvm/uart_driver.sv(35) @ 42741435000: uvm_test_top.env.agnt.udrv [UART_DRV] Transmitting byte: 0x7e
# UVM_INFO ../tb/uvm/uart_monitor.sv(37) @ 42741445000: uvm_test_top.env.agnt.umon [MON] Sampled TX: 7e
# UVM_INFO ../tb/uvm/uart_scoreboard.sv(36) @ 42741445000: uvm_test_top.env.scb [SCB] Queue Push: 0x7e
# UVM_INFO ../tb/uvm/uart_monitor.sv(56) @ 43731115000: uvm_test_top.env.agnt.umon [MON] Sampled RX: 0x7e
# UVM_INFO ../tb/uvm/uart_scoreboard.sv(57) @ 43731115000: uvm_test_top.env.scb [SCB] PASS! Matched 0x7e
# UVM_INFO ../tb/uvm/uart_driver.sv(35) @ 43783155000: uvm_test_top.env.agnt.udrv [UART_DRV] Transmitting byte: 0x61
# UVM_INFO ../tb/uvm/uart_monitor.sv(37) @ 43783165000: uvm_test_top.env.agnt.umon [MON] Sampled TX: 61
# UVM_INFO ../tb/uvm/uart_scoreboard.sv(36) @ 43783165000: uvm_test_top.env.scb [SCB] Queue Push: 0x61
# UVM_INFO ../tb/uvm/uart_monitor.sv(56) @ 44772835000: uvm_test_top.env.agnt.umon [MON] Sampled RX: 0x61
# UVM_INFO ../tb/uvm/uart_scoreboard.sv(57) @ 44772835000: uvm_test_top.env.scb [SCB] PASS! Matched 0x61
# UVM_INFO ../tb/uvm/uart_driver.sv(35) @ 44824875000: uvm_test_top.env.agnt.udrv [UART_DRV] Transmitting byte: 0x75
# UVM_INFO ../tb/uvm/uart_monitor.sv(37) @ 44824885000: uvm_test_top.env.agnt.umon [MON] Sampled TX: 75
# UVM_INFO ../tb/uvm/uart_scoreboard.sv(36) @ 44824885000: uvm_test_top.env.scb [SCB] Queue Push: 0x75
# UVM_INFO ../tb/uvm/uart_monitor.sv(56) @ 45814555000: uvm_test_top.env.agnt.umon [MON] Sampled RX: 0x75
# UVM_INFO ../tb/uvm/uart_scoreboard.sv(57) @ 45814555000: uvm_test_top.env.scb [SCB] PASS! Matched 0x75
# UVM_INFO ../tb/uvm/uart_driver.sv(35) @ 45866595000: uvm_test_top.env.agnt.udrv [UART_DRV] Transmitting byte: 0x2b
# UVM_INFO ../tb/uvm/uart_monitor.sv(37) @ 45866605000: uvm_test_top.env.agnt.umon [MON] Sampled TX: 2b
# UVM_INFO ../tb/uvm/uart_scoreboard.sv(36) @ 45866605000: uvm_test_top.env.scb [SCB] Queue Push: 0x2b
# UVM_INFO ../tb/uvm/uart_monitor.sv(56) @ 46856275000: uvm_test_top.env.agnt.umon [MON] Sampled RX: 0x2b
# UVM_INFO ../tb/uvm/uart_scoreboard.sv(57) @ 46856275000: uvm_test_top.env.scb [SCB] PASS! Matched 0x2b
# UVM_INFO ../tb/uvm/uart_driver.sv(35) @ 46908315000: uvm_test_top.env.agnt.udrv [UART_DRV] Transmitting byte: 0x12
# UVM_INFO ../tb/uvm/uart_monitor.sv(37) @ 46908325000: uvm_test_top.env.agnt.umon [MON] Sampled TX: 12
# UVM_INFO ../tb/uvm/uart_scoreboard.sv(36) @ 46908325000: uvm_test_top.env.scb [SCB] Queue Push: 0x12
# UVM_INFO ../tb/uvm/uart_monitor.sv(56) @ 47897995000: uvm_test_top.env.agnt.umon [MON] Sampled RX: 0x12
# UVM_INFO ../tb/uvm/uart_scoreboard.sv(57) @ 47897995000: uvm_test_top.env.scb [SCB] PASS! Matched 0x12
# UVM_INFO ../tb/uvm/uart_driver.sv(35) @ 47950175000: uvm_test_top.env.agnt.udrv [UART_DRV] Transmitting byte: 0x43
# UVM_INFO ../tb/uvm/uart_monitor.sv(37) @ 47950185000: uvm_test_top.env.agnt.umon [MON] Sampled TX: 43
# UVM_INFO ../tb/uvm/uart_scoreboard.sv(36) @ 47950185000: uvm_test_top.env.scb [SCB] Queue Push: 0x43
# UVM_INFO ../tb/uvm/uart_monitor.sv(56) @ 48939855000: uvm_test_top.env.agnt.umon [MON] Sampled RX: 0x43
# UVM_INFO ../tb/uvm/uart_scoreboard.sv(57) @ 48939855000: uvm_test_top.env.scb [SCB] PASS! Matched 0x43
# UVM_INFO ../tb/uvm/uart_driver.sv(35) @ 48991895000: uvm_test_top.env.agnt.udrv [UART_DRV] Transmitting byte: 0x1a
# UVM_INFO ../tb/uvm/uart_monitor.sv(37) @ 48991905000: uvm_test_top.env.agnt.umon [MON] Sampled TX: 1a
# UVM_INFO ../tb/uvm/uart_scoreboard.sv(36) @ 48991905000: uvm_test_top.env.scb [SCB] Queue Push: 0x1a
# UVM_INFO ../tb/uvm/uart_monitor.sv(56) @ 49981575000: uvm_test_top.env.agnt.umon [MON] Sampled RX: 0x1a
# UVM_INFO ../tb/uvm/uart_scoreboard.sv(57) @ 49981575000: uvm_test_top.env.scb [SCB] PASS! Matched 0x1a
# UVM_INFO ../tb/uvm/uart_driver.sv(35) @ 50033615000: uvm_test_top.env.agnt.udrv [UART_DRV] Transmitting byte: 0x3c
# UVM_INFO ../tb/uvm/uart_monitor.sv(37) @ 50033625000: uvm_test_top.env.agnt.umon [MON] Sampled TX: 3c
# UVM_INFO ../tb/uvm/uart_scoreboard.sv(36) @ 50033625000: uvm_test_top.env.scb [SCB] Queue Push: 0x3c
# UVM_INFO ../tb/uvm/uart_monitor.sv(56) @ 51023295000: uvm_test_top.env.agnt.umon [MON] Sampled RX: 0x3c
# UVM_INFO ../tb/uvm/uart_scoreboard.sv(57) @ 51023295000: uvm_test_top.env.scb [SCB] PASS! Matched 0x3c
# UVM_INFO ../tb/uvm/uart_driver.sv(35) @ 51075335000: uvm_test_top.env.agnt.udrv [UART_DRV] Transmitting byte: 0x98
# UVM_INFO ../tb/uvm/uart_monitor.sv(37) @ 51075345000: uvm_test_top.env.agnt.umon [MON] Sampled TX: 98
# UVM_INFO ../tb/uvm/uart_scoreboard.sv(36) @ 51075345000: uvm_test_top.env.scb [SCB] Queue Push: 0x98
# UVM_INFO ../tb/uvm/uart_monitor.sv(56) @ 52065015000: uvm_test_top.env.agnt.umon [MON] Sampled RX: 0x98
# UVM_INFO ../tb/uvm/uart_scoreboard.sv(57) @ 52065015000: uvm_test_top.env.scb [SCB] PASS! Matched 0x98
# UVM_INFO ../tb/uvm/uart_driver.sv(35) @ 52117055000: uvm_test_top.env.agnt.udrv [UART_DRV] Transmitting byte: 0xc3
# UVM_INFO ../tb/uvm/uart_monitor.sv(37) @ 52117065000: uvm_test_top.env.agnt.umon [MON] Sampled TX: c3
# UVM_INFO ../tb/uvm/uart_scoreboard.sv(36) @ 52117065000: uvm_test_top.env.scb [SCB] Queue Push: 0xc3
# UVM_INFO ../tb/uvm/uart_monitor.sv(56) @ 53106735000: uvm_test_top.env.agnt.umon [MON] Sampled RX: 0xc3
# UVM_INFO ../tb/uvm/uart_scoreboard.sv(57) @ 53106735000: uvm_test_top.env.scb [SCB] PASS! Matched 0xc3
# UVM_INFO ../tb/uvm/uart_driver.sv(35) @ 53158865000: uvm_test_top.env.agnt.udrv [UART_DRV] Transmitting byte: 0x24
# UVM_INFO ../tb/uvm/uart_monitor.sv(37) @ 53158875000: uvm_test_top.env.agnt.umon [MON] Sampled TX: 24
# UVM_INFO ../tb/uvm/uart_scoreboard.sv(36) @ 53158875000: uvm_test_top.env.scb [SCB] Queue Push: 0x24
# UVM_INFO ../tb/uvm/uart_monitor.sv(56) @ 54148545000: uvm_test_top.env.agnt.umon [MON] Sampled RX: 0x24
# UVM_INFO ../tb/uvm/uart_scoreboard.sv(57) @ 54148545000: uvm_test_top.env.scb [SCB] PASS! Matched 0x24
# UVM_INFO ../tb/uvm/uart_driver.sv(35) @ 54200585000: uvm_test_top.env.agnt.udrv [UART_DRV] Transmitting byte: 0xd2
# UVM_INFO ../tb/uvm/uart_monitor.sv(37) @ 54200595000: uvm_test_top.env.agnt.umon [MON] Sampled TX: d2
# UVM_INFO ../tb/uvm/uart_scoreboard.sv(36) @ 54200595000: uvm_test_top.env.scb [SCB] Queue Push: 0xd2
# UVM_INFO ../tb/uvm/uart_monitor.sv(56) @ 55190265000: uvm_test_top.env.agnt.umon [MON] Sampled RX: 0xd2
# UVM_INFO ../tb/uvm/uart_scoreboard.sv(57) @ 55190265000: uvm_test_top.env.scb [SCB] PASS! Matched 0xd2
# UVM_INFO ../tb/uvm/uart_driver.sv(35) @ 55242305000: uvm_test_top.env.agnt.udrv [UART_DRV] Transmitting byte: 0x50
# UVM_INFO ../tb/uvm/uart_monitor.sv(37) @ 55242315000: uvm_test_top.env.agnt.umon [MON] Sampled TX: 50
# UVM_INFO ../tb/uvm/uart_scoreboard.sv(36) @ 55242315000: uvm_test_top.env.scb [SCB] Queue Push: 0x50
# UVM_INFO ../tb/uvm/uart_monitor.sv(56) @ 56231985000: uvm_test_top.env.agnt.umon [MON] Sampled RX: 0x50
# UVM_INFO ../tb/uvm/uart_scoreboard.sv(57) @ 56231985000: uvm_test_top.env.scb [SCB] PASS! Matched 0x50
# UVM_INFO ../tb/uvm/uart_driver.sv(35) @ 56284025000: uvm_test_top.env.agnt.udrv [UART_DRV] Transmitting byte: 0xd4
# UVM_INFO ../tb/uvm/uart_monitor.sv(37) @ 56284035000: uvm_test_top.env.agnt.umon [MON] Sampled TX: d4
# UVM_INFO ../tb/uvm/uart_scoreboard.sv(36) @ 56284035000: uvm_test_top.env.scb [SCB] Queue Push: 0xd4
# UVM_INFO ../tb/uvm/uart_monitor.sv(56) @ 57273705000: uvm_test_top.env.agnt.umon [MON] Sampled RX: 0xd4
# UVM_INFO ../tb/uvm/uart_scoreboard.sv(57) @ 57273705000: uvm_test_top.env.scb [SCB] PASS! Matched 0xd4
# UVM_INFO ../tb/uvm/uart_driver.sv(35) @ 57325935000: uvm_test_top.env.agnt.udrv [UART_DRV] Transmitting byte: 0x2f
# UVM_INFO ../tb/uvm/uart_monitor.sv(37) @ 57325945000: uvm_test_top.env.agnt.umon [MON] Sampled TX: 2f
# UVM_INFO ../tb/uvm/uart_scoreboard.sv(36) @ 57325945000: uvm_test_top.env.scb [SCB] Queue Push: 0x2f
# UVM_INFO ../tb/uvm/uart_monitor.sv(56) @ 58315615000: uvm_test_top.env.agnt.umon [MON] Sampled RX: 0x2f
# UVM_INFO ../tb/uvm/uart_scoreboard.sv(57) @ 58315615000: uvm_test_top.env.scb [SCB] PASS! Matched 0x2f
# UVM_INFO ../tb/uvm/uart_driver.sv(35) @ 58367655000: uvm_test_top.env.agnt.udrv [UART_DRV] Transmitting byte: 0xd3
# UVM_INFO ../tb/uvm/uart_monitor.sv(37) @ 58367665000: uvm_test_top.env.agnt.umon [MON] Sampled TX: d3
# UVM_INFO ../tb/uvm/uart_scoreboard.sv(36) @ 58367665000: uvm_test_top.env.scb [SCB] Queue Push: 0xd3
# UVM_INFO ../tb/uvm/uart_monitor.sv(56) @ 59357335000: uvm_test_top.env.agnt.umon [MON] Sampled RX: 0xd3
# UVM_INFO ../tb/uvm/uart_scoreboard.sv(57) @ 59357335000: uvm_test_top.env.scb [SCB] PASS! Matched 0xd3
# UVM_INFO ../tb/uvm/uart_driver.sv(35) @ 59409375000: uvm_test_top.env.agnt.udrv [UART_DRV] Transmitting byte: 0xf
# UVM_INFO ../tb/uvm/uart_monitor.sv(37) @ 59409385000: uvm_test_top.env.agnt.umon [MON] Sampled TX: f
# UVM_INFO ../tb/uvm/uart_scoreboard.sv(36) @ 59409385000: uvm_test_top.env.scb [SCB] Queue Push: 0xf
# UVM_INFO ../tb/uvm/uart_monitor.sv(56) @ 60399055000: uvm_test_top.env.agnt.umon [MON] Sampled RX: 0xf
# UVM_INFO ../tb/uvm/uart_scoreboard.sv(57) @ 60399055000: uvm_test_top.env.scb [SCB] PASS! Matched 0xf
# UVM_INFO ../tb/uvm/uart_driver.sv(35) @ 60451235000: uvm_test_top.env.agnt.udrv [UART_DRV] Transmitting byte: 0x58
# UVM_INFO ../tb/uvm/uart_monitor.sv(37) @ 60451245000: uvm_test_top.env.agnt.umon [MON] Sampled TX: 58
# UVM_INFO ../tb/uvm/uart_scoreboard.sv(36) @ 60451245000: uvm_test_top.env.scb [SCB] Queue Push: 0x58
# UVM_INFO ../tb/uvm/uart_monitor.sv(56) @ 61440915000: uvm_test_top.env.agnt.umon [MON] Sampled RX: 0x58
# UVM_INFO ../tb/uvm/uart_scoreboard.sv(57) @ 61440915000: uvm_test_top.env.scb [SCB] PASS! Matched 0x58
# UVM_INFO ../tb/uvm/uart_driver.sv(35) @ 61492955000: uvm_test_top.env.agnt.udrv [UART_DRV] Transmitting byte: 0x4c
# UVM_INFO ../tb/uvm/uart_monitor.sv(37) @ 61492965000: uvm_test_top.env.agnt.umon [MON] Sampled TX: 4c
# UVM_INFO ../tb/uvm/uart_scoreboard.sv(36) @ 61492965000: uvm_test_top.env.scb [SCB] Queue Push: 0x4c
# UVM_INFO ../tb/uvm/uart_monitor.sv(56) @ 62482635000: uvm_test_top.env.agnt.umon [MON] Sampled RX: 0x4c
# UVM_INFO ../tb/uvm/uart_scoreboard.sv(57) @ 62482635000: uvm_test_top.env.scb [SCB] PASS! Matched 0x4c
# UVM_INFO ../tb/uvm/uart_test.sv(28) @ 62534845000: uvm_test_top [TEST] Sequence Finished.
# UVM_INFO verilog_src/uvm-1.1d/src/base/uvm_objection.svh(1267) @ 62536845000: reporter [TEST_DONE] 'run' phase is ready to proceed to the 'extract' phase
# 
# --- UVM Report Summary ---
# 
# ** Report counts by severity
# UVM_INFO :  306
# UVM_WARNING :    0
# UVM_ERROR :    0
# UVM_FATAL :    0
# ** Report counts by id
# [MON]   120
# [Questa UVM]     2
# [RNTST]     1
# [SCB]   120
# [TEST]     2
# [TEST_DONE]     1
# [UART_DRV]    60
# ** Note: $finish    
#    Time: 62536845 ns  Iteration: 54  Instance: /tb_top


